2023-12-31 00:29:33.000 [info] Reading sessions from keychain...
2023-12-31 00:29:33.000 [info] Getting sessions for all scopes...
2023-12-31 00:29:33.000 [info] Getting sessions for read:user,repo,user:email,workflow...
2023-12-31 00:29:33.099 [info] Got stored sessions!
2023-12-31 00:29:33.099 [info] Got 2 verified sessions.
2023-12-31 00:29:33.099 [info] Got 2 sessions for ...
2023-12-31 00:29:33.099 [info] Got 1 sessions for read:user,repo,user:email,workflow...
2023-12-31 00:29:33.489 [info] Getting sessions for all scopes...
2023-12-31 00:29:33.489 [info] Got 2 sessions for ...
2023-12-31 00:29:33.490 [info] Getting sessions for project,read:org,read:user,repo,user:email,workflow...
2023-12-31 00:29:33.490 [info] Got 0 sessions for project,read:org,read:user,repo,user:email,workflow...
2023-12-31 00:29:33.898 [info] Getting sessions for read:user,repo,user:email,workflow...
2023-12-31 00:29:33.898 [info] Got 1 sessions for read:user,repo,user:email,workflow...
2023-12-31 00:29:34.340 [info] Getting sessions for read:user,repo,user:email,workflow...
2023-12-31 00:29:34.340 [info] Got 1 sessions for read:user,repo,user:email,workflow...
2023-12-31 00:29:35.913 [info] Getting sessions for all scopes...
2023-12-31 00:29:35.913 [info] Got 2 sessions for ...
2023-12-31 00:29:36.327 [info] Getting sessions for user:email...
2023-12-31 00:29:36.327 [info] Got 1 sessions for user:email...
2023-12-31 00:40:31.994 [info] Reading sessions from keychain...
2023-12-31 00:40:31.994 [info] Getting sessions for all scopes...
2023-12-31 00:40:31.994 [info] Getting sessions for user:email...
2023-12-31 00:40:31.994 [info] Got stored sessions!
2023-12-31 00:40:31.994 [info] Got 2 verified sessions.
2023-12-31 00:40:31.994 [info] Got 2 sessions for ...
2023-12-31 00:40:31.994 [info] Got 1 sessions for user:email...
2023-12-31 00:40:31.994 [info] Getting sessions for read:user,repo,user:email,workflow...
2023-12-31 00:40:31.994 [info] Got 1 sessions for read:user,repo,user:email,workflow...
2023-12-31 00:40:31.994 [info] Getting sessions for all scopes...
2023-12-31 00:40:31.994 [info] Got 2 sessions for ...
2023-12-31 00:40:32.662 [info] Getting sessions for project,read:org,read:user,repo,user:email,workflow...
2023-12-31 00:40:32.662 [info] Got 0 sessions for project,read:org,read:user,repo,user:email,workflow...
2023-12-31 00:40:32.941 [info] Getting sessions for read:user,repo,user:email,workflow...
2023-12-31 00:40:32.941 [info] Got 1 sessions for read:user,repo,user:email,workflow...
2023-12-31 00:40:33.019 [info] Getting sessions for read:user,repo,user:email,workflow...
2023-12-31 00:40:33.019 [info] Got 1 sessions for read:user,repo,user:email,workflow...
2024-01-19 15:01:08.825 [info] Getting sessions for read:user,repo,user:email...
2024-01-19 15:01:08.825 [info] Got 0 sessions for read:user,repo,user:email...
