2023-09-01 20:48:28.521 [warning] /home/admin/.ssh/config: ENOENT: no such file or directory, open '/home/admin/.ssh/config'
2023-09-01 20:48:28.920 [info] Looking for git repository
2023-09-01 20:48:28.921 [info] Found 0 repositories during activation
2023-09-01 20:48:28.921 [info] Git repository found, initializing review manager and pr tree view.
2023-09-01 20:48:28.927 [info] Registering git provider
2023-09-01 20:48:28.927 [info] Review> Validate state in progress
2023-09-01 20:48:28.927 [info] Review> Validating state...
2023-09-01 20:48:28.979 [info] Found GitHub remote for folder /home/admin/repos/JobManager
2023-09-01 20:48:29.810 [info] Repo state for file:///home/admin/repos/JobManager changed.
2023-09-01 20:48:29.810 [info] Repo file:///home/admin/repos/JobManager has already been setup.
2023-09-01 20:48:29.812 [info] Review> No matching pull request metadata found locally for current branch main
2023-09-01 20:48:29.812 [info] Review> no matching pull request metadata found for current branch main
2023-09-01 20:48:30.173 [info] Review> No matching pull request metadata found on GitHub for current branch main
2023-09-02 17:46:33.483 [info] Review> Validate state in progress
2023-09-02 17:46:33.483 [info] Review> Validating state...
2023-09-02 17:46:33.546 [info] Found GitHub remote for folder /home/admin/repos/JobManager
2023-09-02 17:46:33.748 [info] Review> No matching pull request metadata found locally for current branch main
2023-09-02 17:46:33.748 [info] Review> no matching pull request metadata found for current branch main
2023-09-02 17:46:34.044 [info] Review> No matching pull request metadata found on GitHub for current branch main
2023-09-02 18:04:23.648 [info] Review> Validate state in progress
2023-09-02 18:04:23.648 [info] Review> Validating state...
2023-09-02 18:04:23.714 [info] Found GitHub remote for folder /home/admin/repos/JobManager
2023-09-02 18:04:23.908 [info] Review> No matching pull request metadata found locally for current branch main
2023-09-02 18:04:23.908 [info] Review> no matching pull request metadata found for current branch main
2023-09-02 18:04:24.220 [info] Review> No matching pull request metadata found on GitHub for current branch main
2023-09-02 18:08:45.562 [info] Review> Validate state in progress
2023-09-02 18:08:45.562 [info] Review> Validating state...
2023-09-02 18:08:45.615 [info] Found GitHub remote for folder /home/admin/repos/JobManager
2023-09-02 18:08:45.844 [info] Review> No matching pull request metadata found locally for current branch main
2023-09-02 18:08:45.844 [info] Review> no matching pull request metadata found for current branch main
2023-09-02 18:08:46.123 [info] Review> No matching pull request metadata found on GitHub for current branch main
2023-09-03 14:43:25.462 [info] Review> Validate state in progress
2023-09-03 14:43:25.462 [info] Review> Validating state...
2023-09-03 14:43:25.537 [info] Found GitHub remote for folder /home/admin/repos/JobManager
2023-09-03 14:43:25.605 [info] Review> No matching pull request metadata found locally for current branch main
2023-09-03 14:43:25.605 [info] Review> no matching pull request metadata found for current branch main
2023-09-03 14:43:25.901 [info] Review> No matching pull request metadata found on GitHub for current branch main
2023-09-03 14:56:53.457 [info] Review> Validate state in progress
2023-09-03 14:56:53.457 [info] Review> Validating state...
2023-09-03 14:56:53.513 [info] Found GitHub remote for folder /home/admin/repos/JobManager
2023-09-03 14:56:53.653 [info] Review> No matching pull request metadata found locally for current branch main
2023-09-03 14:56:53.653 [info] Review> no matching pull request metadata found for current branch main
2023-09-03 14:56:53.958 [info] Review> No matching pull request metadata found on GitHub for current branch main
2023-09-03 15:05:55.546 [info] Review> Validate state in progress
2023-09-03 15:05:55.546 [info] Review> Validating state...
2023-09-03 15:05:55.594 [info] Found GitHub remote for folder /home/admin/repos/JobManager
2023-09-03 15:05:55.666 [info] Review> No matching pull request metadata found locally for current branch main
2023-09-03 15:05:55.666 [info] Review> no matching pull request metadata found for current branch main
2023-09-03 15:05:55.996 [info] Review> No matching pull request metadata found on GitHub for current branch main
2023-09-03 15:29:31.482 [info] Review> Validate state in progress
2023-09-03 15:29:31.482 [info] Review> Validating state...
2023-09-03 15:29:31.544 [info] Found GitHub remote for folder /home/admin/repos/JobManager
2023-09-03 15:29:31.617 [info] Review> No matching pull request metadata found locally for current branch main
2023-09-03 15:29:31.617 [info] Review> no matching pull request metadata found for current branch main
2023-09-03 15:29:32.925 [info] Review> No matching pull request metadata found on GitHub for current branch main
2023-09-04 16:32:23.855 [info] Review> Validate state in progress
2023-09-04 16:32:23.855 [info] Review> Validating state...
2023-09-04 16:32:23.918 [info] Found GitHub remote for folder /home/admin/repos/JobManager
2023-09-04 16:32:23.990 [info] Review> No matching pull request metadata found locally for current branch main
2023-09-04 16:32:23.990 [info] Review> no matching pull request metadata found for current branch main
2023-09-04 16:32:24.275 [info] Review> No matching pull request metadata found on GitHub for current branch main
2023-09-04 16:40:02.014 [info] Review> Validate state in progress
2023-09-04 16:40:02.014 [info] Review> Validating state...
2023-09-04 16:40:02.075 [info] Found GitHub remote for folder /home/admin/repos/JobManager
2023-09-04 16:40:02.145 [info] Review> No matching pull request metadata found locally for current branch main
2023-09-04 16:40:02.145 [info] Review> no matching pull request metadata found for current branch main
2023-09-04 16:40:02.450 [info] Review> No matching pull request metadata found on GitHub for current branch main
2023-09-04 16:44:18.835 [info] Review> Validate state in progress
2023-09-04 16:44:18.835 [info] Review> Validating state...
2023-09-04 16:44:18.881 [info] Found GitHub remote for folder /home/admin/repos/JobManager
2023-09-04 16:44:18.932 [info] Review> No matching pull request metadata found locally for current branch main
2023-09-04 16:44:18.932 [info] Review> no matching pull request metadata found for current branch main
2023-09-04 16:44:19.255 [info] Review> No matching pull request metadata found on GitHub for current branch main
2023-09-04 16:47:36.471 [info] Review> Validate state in progress
2023-09-04 16:47:36.471 [info] Review> Validating state...
2023-09-04 16:47:36.499 [info] Found GitHub remote for folder /home/admin/repos/JobManager
2023-09-04 16:47:36.600 [info] Review> No matching pull request metadata found locally for current branch main
2023-09-04 16:47:36.600 [info] Review> no matching pull request metadata found for current branch main
2023-09-04 16:47:36.887 [info] Review> No matching pull request metadata found on GitHub for current branch main
2023-09-04 18:44:41.949 [info] Review> Validate state in progress
2023-09-04 18:44:41.949 [info] Review> Validating state...
2023-09-04 18:44:42.026 [info] Found GitHub remote for folder /home/admin/repos/JobManager
2023-09-04 18:44:42.103 [info] Review> No matching pull request metadata found locally for current branch main
2023-09-04 18:44:42.103 [info] Review> no matching pull request metadata found for current branch main
2023-09-04 18:44:42.415 [info] Review> No matching pull request metadata found on GitHub for current branch main
2023-09-04 19:50:52.145 [info] Review> Validate state in progress
2023-09-04 19:50:52.145 [info] Review> Validating state...
2023-09-04 19:50:52.235 [info] Found GitHub remote for folder /home/admin/repos/JobManager
2023-09-04 19:50:52.336 [info] Review> No matching pull request metadata found locally for current branch main
2023-09-04 19:50:52.336 [info] Review> no matching pull request metadata found for current branch main
2023-09-04 19:50:52.632 [info] Review> No matching pull request metadata found on GitHub for current branch main
