2023-12-05 20:54:08.486 [info] Added views:workbench.panel.markers.view in workbench.panel.markers
2023-12-05 20:54:08.486 [info] Added views:workbench.panel.output in workbench.panel.output
2023-12-05 20:54:08.486 [info] Added views:terminal in terminal
2023-12-05 20:54:08.486 [info] Added views:outline in workbench.view.explorer
2023-12-05 20:54:08.486 [info] Added views:workbench.scm in workbench.view.scm
2023-12-05 20:54:08.486 [info] Added views:workbench.view.search in workbench.view.search
2023-12-05 20:54:08.486 [info] Added views:timeline in workbench.view.explorer
2023-12-05 20:54:08.486 [info] Added views:workbench.explorer.emptyView in workbench.view.explorer
2023-12-05 20:54:08.846 [info] Added views:gitlens.views.home,gitlens.views.drafts,gitlens.views.workspaces,gitlens.views.account in workbench.view.extension.gitlens
2023-12-05 20:54:08.846 [info] Added views:gitlens.views.commitDetails,gitlens.views.lineHistory,gitlens.views.fileHistory,gitlens.views.searchAndCompare in workbench.view.extension.gitlensInspect
2023-12-05 20:54:08.847 [info] Added views:gitlens.views.commits,gitlens.views.branches,gitlens.views.remotes,gitlens.views.stashes,gitlens.views.tags,gitlens.views.contributors in workbench.view.scm
2023-12-05 20:54:08.848 [info] Added views:dockerExplorerContainers,dockerExplorerImages,azureRegistries,DockerHubTreeView,suggestedDockerImages in workbench.view.explorer
2023-12-05 20:54:08.848 [info] Added views:pr:github,issues:github in workbench.view.extension.github-pull-requests
2023-12-05 20:54:08.849 [info] Added views:mongoDBConnectionExplorer,mongoDBPlaygroundsExplorer,mongoDBHelpExplorer in workbench.view.extension.mongoDB
2023-12-05 20:54:08.850 [info] Added views:dockerContainers,dockerImages,dockerRegistries,dockerNetworks,dockerVolumes,vscode-docker.views.dockerContexts,vscode-docker.views.help in workbench.view.extension.dockerView
2023-12-05 20:54:08.851 [info] Added views:targetsContainers,devVolumes in workbench.view.remote
2023-12-05 20:54:08.851 [info] Added views:remoteTargets in workbench.view.remote
2023-12-05 20:54:08.851 [info] Added views:vscode-serial-monitor.monitor0 in workbench.view.extension.vscode-serial-monitor-tools
2023-12-05 20:54:09.155 [info] Added views:workbench.debug.variablesView,workbench.debug.watchExpressionsView,workbench.debug.callStackView,workbench.debug.breakPointsView in workbench.view.debug
2023-12-05 20:54:09.261 [info] Added views:workbench.panel.repl.view in workbench.panel.repl
2023-12-05 20:54:09.262 [info] Removed views:workbench.debug.breakPointsView,workbench.debug.callStackView,workbench.debug.watchExpressionsView,workbench.debug.variablesView from workbench.view.debug
2023-12-05 20:54:09.263 [info] Added views:workbench.debug.welcome in workbench.view.debug
2023-12-05 20:54:09.432 [info] Added views:~remote.forwardedPorts in ~remote.forwardedPortsContainer
2023-12-05 20:54:10.055 [info] Removed views:gitlens.views.searchAndCompare,gitlens.views.fileHistory,gitlens.views.lineHistory,gitlens.views.commitDetails from workbench.view.extension.gitlensInspect
2023-12-05 20:54:10.056 [info] Removed views:gitlens.views.contributors,gitlens.views.tags,gitlens.views.stashes,gitlens.views.remotes,gitlens.views.branches,gitlens.views.commits from workbench.view.scm
2023-12-05 20:54:18.420 [info] Added views:workbench.panel.markers.view in workbench.panel.markers
2023-12-05 20:54:18.420 [info] Added views:workbench.panel.output in workbench.panel.output
2023-12-05 20:54:18.420 [info] Added views:terminal in terminal
2023-12-05 20:54:18.420 [info] Added views:outline in workbench.view.explorer
2023-12-05 20:54:18.420 [info] Added views:workbench.scm in workbench.view.scm
2023-12-05 20:54:18.420 [info] Added views:workbench.view.search in workbench.view.search
2023-12-05 20:54:18.420 [info] Added views:timeline in workbench.view.explorer
2023-12-05 20:54:18.420 [info] Added views:workbench.explorer.fileView in workbench.view.explorer
2023-12-05 20:54:18.647 [info] Added views:workbench.debug.welcome in workbench.view.debug
2023-12-05 20:54:19.670 [info] Added views:gitlens.views.home,gitlens.views.drafts,gitlens.views.workspaces,gitlens.views.account in workbench.view.extension.gitlens
2023-12-05 20:54:19.670 [info] Added views:gitlens.views.commitDetails,gitlens.views.lineHistory,gitlens.views.fileHistory,gitlens.views.searchAndCompare in workbench.view.extension.gitlensInspect
2023-12-05 20:54:19.671 [info] Added views:gitlens.views.commits,gitlens.views.branches,gitlens.views.remotes,gitlens.views.stashes,gitlens.views.tags,gitlens.views.contributors in workbench.view.scm
2023-12-05 20:54:19.716 [info] Added views:dockerExplorerContainers,dockerExplorerImages,azureRegistries,DockerHubTreeView,suggestedDockerImages in workbench.view.explorer
2023-12-05 20:54:19.716 [info] Added views:pr:github,issues:github in workbench.view.extension.github-pull-requests
2023-12-05 20:54:19.716 [info] Added views:mongoDBConnectionExplorer,mongoDBPlaygroundsExplorer,mongoDBHelpExplorer in workbench.view.extension.mongoDB
2023-12-05 20:54:19.716 [info] Added views:dockerContainers,dockerImages,dockerRegistries,dockerNetworks,dockerVolumes,vscode-docker.views.dockerContexts,vscode-docker.views.help in workbench.view.extension.dockerView
2023-12-05 20:54:19.718 [info] Added views:targetsContainers,devVolumes in workbench.view.remote
2023-12-05 20:54:19.718 [info] Added views:remoteTargets in workbench.view.remote
2023-12-05 20:54:19.720 [info] Added views:vscode-serial-monitor.monitor0 in workbench.view.extension.vscode-serial-monitor-tools
2023-12-05 20:54:20.318 [info] Added views:workbench.panel.repl.view in workbench.panel.repl
2023-12-05 20:54:25.829 [info] Added views:gitlens.views.graph,gitlens.views.graphDetails in workbench.view.extension.gitlensPanel
2023-12-05 20:54:25.830 [info] Added views:gitlens.views.timeline in workbench.view.extension.gitlensInspect
2023-12-05 20:54:25.830 [info] Added views:gitlens.views.worktrees in workbench.view.scm
2023-12-05 20:54:28.706 [info] Added views:workbench.panel.comments in workbench.panel.comments
2023-12-05 20:54:29.020 [info] Added views:~remote.forwardedPorts in ~remote.forwardedPortsContainer
2023-12-05 20:54:29.457 [info] Added views:github:activePullRequest:welcome in workbench.view.extension.github-pull-request
2023-12-05 20:54:30.196 [info] Removed views:github:activePullRequest:welcome from workbench.view.extension.github-pull-request
