2023-11-27 19:08:07.219 [info] Using settings sync service https://vscode-sync.trafficmanager.net/
2023-11-27 19:08:07.219 [info] Auto Sync is enabled.
2023-11-27 19:08:07.219 [info] Auto Sync: Suspended until auth token is available.
2023-11-27 19:08:08.490 [info] Deleting non existing profile from backup /home/admin/.config/Code/User/sync/extensions
2023-11-27 19:08:08.977 [info] Deleting non existing profile from backup /home/admin/.config/Code/User/sync/globalState
2023-11-27 19:08:09.419 [info] Deleting non existing profile from backup /home/admin/.config/Code/User/sync/keybindings
2023-11-27 19:08:09.579 [info] Deleting non existing profile from backup /home/admin/.config/Code/User/sync/profiles
2023-11-27 19:08:09.927 [info] Deleting non existing profile from backup /home/admin/.config/Code/User/sync/settings
2023-11-27 19:08:09.991 [info] Deleting non existing profile from backup /home/admin/.config/Code/User/sync/snippets
2023-11-27 19:08:09.993 [info] Deleting non existing profile from backup /home/admin/.config/Code/User/sync/tasks
2023-11-27 19:08:14.474 [info] Auto Sync: Triggered by Interval
2023-11-27 19:08:14.474 [info] Sync started.
2023-11-27 19:08:14.491 [info] Request failed https://vscode-sync.trafficmanager.net/v1/manifest
2023-11-27 19:08:14.492 [error] RequestFailed (UserDataSyncError) syncResource:unknown operationId:unknown: Connection refused for the request 'https://vscode-sync.trafficmanager.net/v1/manifest'.
    at f.v (/opt/visual-studio-code/resources/app/out/vs/code/node/sharedProcess/sharedProcessMain.js:91:126167)
    at async f.manifest (/opt/visual-studio-code/resources/app/out/vs/code/node/sharedProcess/sharedProcessMain.js:91:124343)
    at async i.createSyncTask (/opt/visual-studio-code/resources/app/out/vs/code/node/sharedProcess/sharedProcessMain.js:91:99785)
    at async o.C (/opt/visual-studio-code/resources/app/out/vs/code/node/sharedProcess/sharedProcessMain.js:91:90981)
    at async o.z (/opt/visual-studio-code/resources/app/out/vs/code/node/sharedProcess/sharedProcessMain.js:91:90621)
2023-11-27 19:08:14.492 [error] RequestFailed (UserDataSyncError) syncResource:unknown operationId:unknown: Connection refused for the request 'https://vscode-sync.trafficmanager.net/v1/manifest'.
    at f.v (/opt/visual-studio-code/resources/app/out/vs/code/node/sharedProcess/sharedProcessMain.js:91:126167)
    at async f.manifest (/opt/visual-studio-code/resources/app/out/vs/code/node/sharedProcess/sharedProcessMain.js:91:124343)
    at async i.createSyncTask (/opt/visual-studio-code/resources/app/out/vs/code/node/sharedProcess/sharedProcessMain.js:91:99785)
    at async o.C (/opt/visual-studio-code/resources/app/out/vs/code/node/sharedProcess/sharedProcessMain.js:91:90981)
    at async o.z (/opt/visual-studio-code/resources/app/out/vs/code/node/sharedProcess/sharedProcessMain.js:91:90621)
2023-11-27 19:10:44.597 [info] Auto Sync: Triggered by Activity
2023-11-27 19:10:44.597 [info] Sync started.
2023-11-27 19:10:44.602 [info] Request failed https://vscode-sync.trafficmanager.net/v1/manifest
2023-11-27 19:10:44.602 [error] RequestFailed (UserDataSyncError) syncResource:unknown operationId:unknown: Connection refused for the request 'https://vscode-sync.trafficmanager.net/v1/manifest'.
    at f.v (/opt/visual-studio-code/resources/app/out/vs/code/node/sharedProcess/sharedProcessMain.js:91:126167)
    at async f.manifest (/opt/visual-studio-code/resources/app/out/vs/code/node/sharedProcess/sharedProcessMain.js:91:124343)
    at async i.createSyncTask (/opt/visual-studio-code/resources/app/out/vs/code/node/sharedProcess/sharedProcessMain.js:91:99785)
    at async o.C (/opt/visual-studio-code/resources/app/out/vs/code/node/sharedProcess/sharedProcessMain.js:91:90981)
    at async o.z (/opt/visual-studio-code/resources/app/out/vs/code/node/sharedProcess/sharedProcessMain.js:91:90621)
2023-11-27 19:10:44.602 [error] RequestFailed (UserDataSyncError) syncResource:unknown operationId:unknown: Connection refused for the request 'https://vscode-sync.trafficmanager.net/v1/manifest'.
    at f.v (/opt/visual-studio-code/resources/app/out/vs/code/node/sharedProcess/sharedProcessMain.js:91:126167)
    at async f.manifest (/opt/visual-studio-code/resources/app/out/vs/code/node/sharedProcess/sharedProcessMain.js:91:124343)
    at async i.createSyncTask (/opt/visual-studio-code/resources/app/out/vs/code/node/sharedProcess/sharedProcessMain.js:91:99785)
    at async o.C (/opt/visual-studio-code/resources/app/out/vs/code/node/sharedProcess/sharedProcessMain.js:91:90981)
    at async o.z (/opt/visual-studio-code/resources/app/out/vs/code/node/sharedProcess/sharedProcessMain.js:91:90621)
