[726746][1692368801881][main][info]["Booting Postman 10.17.0, linux-6.4.8-arch1-1 on x64"]
[726746][1692368801889][main][info]["EventBus~initialize - Success"]
[726746][1692368801894][main][info]["Proxy configuration has not been setup"]
[726746][1692368801896][main][info]["CloudProxyManager~init - Success"]
[726746][1692368801907][main][info]["performShellDataMigration: Starting shell data migration"]
[726746][1692368801908][main][info]["migrateShellData:Starting"]
[726746][1692368801949][main][info]["migrateShellData: Old storage cleaned up"]
[726746][1692368802492][main][info]["migrateShellData: Got data from shell. Writing to storage"]
[726746][1692368802513][main][info]["performShellDataMigration: Migration successful on try count 1"]
[726746][1692368802543][main][info]["UpdateHandler~init - Success"]
[726746][1692368802549][main][info]["LeaderSelection: Initialized successfully"]
[726746][1692368802552][main][info]["VersionDependencyService: Initialized successfully"]
[726746][1692368802606][main][info]["Generated root certificate for linux"]
[726746][1692368802627][main][info]["LinuxAutoUpdater~Cleanup - Initial cleanup successful"]
[726746][1692368802706][main][info]["GPU detected VID 5549 DID 1029 ACTIVE true"]
[726746][1692368802935][main][info]["shellController~init: Success"]
[726746][1692368802963][main][info]["shellMeta~init: Success"]
[726746][1692368802964][main][info]["partitionMigrationService: State of V7 partition:"]
[726746][1692368802965][main][info]["partitionMigrationService: V7 partitions",[]]
[726746][1692368802966][main][info]["partitionMigrationService~rectifyNamespaceOfScratchPadPartition: There is no partition with scratchpad namespace"]
[726746][1692368802966][main][info]["partitionMigrationService~rectifyNamespaceOfScratchPadPartition: There is no transit partition which could have been used for scratchpad"]
[726746][1692368802967][main][info]["partitionMigrationService~init: Success"]
[726746][1692368803032][main][info]["partitionMigrationService~runV8PartitionsIntegrity: Two way migration~ removing the following partitions from v8",[]]
[726746][1692368803052][main][info]["userPartitionService~_rectifyTheActivePartitionOfApplication: Setting the active partition to ",null]
[726746][1692368803100][main][info]["userPartitionService~init: Success"]
[726746][1692368803156][main][info]["userPartitionService: State of v8 partition system:"]
[726746][1692368803174][main][info]["shell~init~getPartitionToLoad: loading scratchpad partition"]
[726746][1692368803213][main][info]["userPartitionService: List of partitions:",[]]
[726746][1692368803214][main][info]["userPartitionService: users global meta:",{}]
[726746][1692368808740][main][info]["RuntimeIPCAgent~started: Success"]
[726746][1692368809959][main][info]["UpdateHandler~app-update-events - Received event",{"name":"checkForElectronVersionUpdated","namespace":"appUpdate"}]
[726746][1692368809987][main][info]["windowManager: First requester booted successfully."]
[726746][1692368809987][main][info]["windowManager~restoreWindows: Restoring requester windows"]
[726746][1692368809988][main][info]["Main~AppEvents - Received booted event for process requester.Version undefined UI Version: undefined Desktop Platform Version: 10.17.0"]
[79975][1693857096913][main][info]["Booting Postman 10.17.0, linux-6.4.12-arch1-1 on x64"]
[79975][1693857096916][main][info]["EventBus~initialize - Success"]
[79975][1693857096918][main][info]["Proxy configuration has not been setup"]
[79975][1693857096919][main][info]["CloudProxyManager~init - Success"]
[79975][1693857096949][main][info]["performShellDataMigration: Migration has already been done. Bailing out"]
[79975][1693857096958][main][info]["UpdateHandler~init - Success"]
[79975][1693857096960][main][info]["LeaderSelection: Initialized successfully"]
[79975][1693857096961][main][info]["VersionDependencyService: Initialized successfully"]
[79975][1693857096969][main][info]["LinuxAutoUpdater~Cleanup - Initial cleanup successful"]
[79975][1693857096982][main][info]["GPU detected VID 5549 DID 1029 ACTIVE true"]
[79975][1693857097008][main][info]["shellController~init: Success"]
[79975][1693857097014][main][info]["shellMeta~init: Success"]
[79975][1693857097014][main][info]["partitionMigrationService: State of V7 partition:"]
[79975][1693857097015][main][info]["partitionMigrationService: V7 partitions",[]]
[79975][1693857097015][main][info]["partitionMigrationService~rectifyNamespaceOfScratchPadPartition: There is no partition with scratchpad namespace"]
[79975][1693857097015][main][info]["partitionMigrationService~rectifyNamespaceOfScratchPadPartition: There is no transit partition which could have been used for scratchpad"]
[79975][1693857097015][main][info]["partitionMigrationService~init: Success"]
[79975][1693857097025][main][info]["partitionMigrationService~runV8PartitionsIntegrity: Two way migration~ removing the following partitions from v8",[]]
[79975][1693857097032][main][info]["userPartitionService~_rectifyTheActivePartitionOfApplication: Setting the active partition to ",null]
[79975][1693857097046][main][info]["userPartitionService~init: Success"]
[79975][1693857097058][main][info]["userPartitionService: State of v8 partition system:"]
[79975][1693857097062][main][info]["shell~init~getPartitionToLoad: loading scratchpad partition"]
[79975][1693857097064][main][info]["userPartitionService: List of partitions:",[{"partitionId":"62306794-2f27-4e52-b7b7-b9d3bce66a93","namespace":"scratchPad","userId":0,"teamId":0,"isDirty":false}]]
[79975][1693857097065][main][info]["userPartitionService: users global meta:",{}]
[79975][1693857099897][main][info]["RuntimeIPCAgent~started: Success"]
[79975][1693857100096][main][info]["UpdateHandler~app-update-events - Received event",{"name":"checkForElectronVersionUpdated","namespace":"appUpdate"}]
[79975][1693857100104][main][info]["windowManager: First requester booted successfully."]
[79975][1693857100105][main][info]["windowManager~restoreWindows: Restoring requester windows"]
[79975][1693857100105][main][info]["Main~AppEvents - Received booted event for process requester.Version undefined UI Version: undefined Desktop Platform Version: 10.17.0"]
[79975][1693857110594][main][info]["UpdateHandler~app-update-events - Received event",{"name":"updateElectron","namespace":"appUpdate","data":{"channel":"stable","version":"10.17.0","downloadVersion":"10.17.3","appId":"e391a22a-299e-4951-ad30-bae5f2edaa80","userAgent":"Mozilla/5.0 (X11; Linux x86_64) AppleWebKit/537.36 (KHTML, like Gecko) Postman/10.17.0 Chrome/100.0.4896.160 Electron/18.3.5 Safari/537.36","platform":"LINUX","arch":"64","downloadURL":"https://dl.pstmn.io/download/version/10.17.3/linux_64","updateServerDomain":"https://dl.pstmn.io/","additionalParamsString":"installationId=e391a22a-299e-4951-ad30-bae5f2edaa80&userId=0&syncEnabled=false&teamPlan=&teamId=0","userId":"0"}}]
[79975][1693857110595][main][info]["LinuxUpdater~downloadUpdate - UpdateInfo received",{"channel":"stable","version":"10.17.0","downloadVersion":"10.17.3","appId":"e391a22a-299e-4951-ad30-bae5f2edaa80","userAgent":"Mozilla/5.0 (X11; Linux x86_64) AppleWebKit/537.36 (KHTML, like Gecko) Postman/10.17.0 Chrome/100.0.4896.160 Electron/18.3.5 Safari/537.36","platform":"LINUX","arch":"64","downloadURL":"https://dl.pstmn.io/download/version/10.17.3/linux_64","updateServerDomain":"https://dl.pstmn.io/","additionalParamsString":"installationId=e391a22a-299e-4951-ad30-bae5f2edaa80&userId=0&syncEnabled=false&teamPlan=&teamId=0","userId":"0"}]
[79975][1693857110652][main][info]["@postman/app-updater: error",{"errno":-13,"code":"EACCES","syscall":"open","path":"/opt/postman/Postman-1693857110595.tar.gz","name":"Error","message":"EACCES: permission denied, open '/opt/postman/Postman-1693857110595.tar.gz'","stack":"Error: EACCES: permission denied, open '/opt/postman/Postman-1693857110595.tar.gz'"},{"packageName":"Postman","eID":"Postman-1693857110595","downloadURL":"https://dl.pstmn.io/download/version/10.17.3/linux_64","downloadDirectory":"/opt/postman","downloadInfo":{"status":"DOWNLOAD_ERROR","error":{"errno":-13,"code":"EACCES","syscall":"open","path":"/opt/postman/Postman-1693857110595.tar.gz"},"downloadDirectory":"/opt/postman"}}]
[79975][1693857110653][main][info]["UpdateHandler~app-update-events - Received event",{"name":"electronAppUpdateError","namespace":"appUpdate","data":{"error":{"errno":-13,"code":"EACCES","syscall":"open","path":"/opt/postman/Postman-1693857110595.tar.gz","name":"Error","message":"EACCES: permission denied, open '/opt/postman/Postman-1693857110595.tar.gz'","stack":"Error: EACCES: permission denied, open '/opt/postman/Postman-1693857110595.tar.gz'"},"updateData":{"packageName":"Postman","eID":"Postman-1693857110595","downloadURL":"https://dl.pstmn.io/download/version/10.17.3/linux_64","downloadDirectory":"/opt/postman","downloadInfo":{"status":"DOWNLOAD_ERROR","error":{"errno":-13,"code":"EACCES","syscall":"open","path":"/opt/postman/Postman-1693857110595.tar.gz"},"downloadDirectory":"/opt/postman"}}}}]
[79975][1701108346804][main][info]["Quitting app"]
