2023-08-25 14:44:42.019 [info] Added views:workbench.panel.markers.view in workbench.panel.markers
2023-08-25 14:44:42.019 [info] Added views:workbench.panel.output in workbench.panel.output
2023-08-25 14:44:42.019 [info] Added views:terminal in terminal
2023-08-25 14:44:42.019 [info] Added views:outline in workbench.view.explorer
2023-08-25 14:44:42.019 [info] Added views:workbench.scm in workbench.view.scm
2023-08-25 14:44:42.019 [info] Added views:workbench.view.search in workbench.view.search
2023-08-25 14:44:42.019 [info] Added views:timeline in workbench.view.explorer
2023-08-25 14:44:42.019 [info] Added views:workbench.explorer.fileView in workbench.view.explorer
2023-08-25 14:44:42.625 [info] Added views:gitlens.views.home,gitlens.views.workspaces,gitlens.views.account in workbench.view.extension.gitlens
2023-08-25 14:44:42.626 [info] Added views:gitlens.views.commitDetails,gitlens.views.lineHistory,gitlens.views.fileHistory,gitlens.views.searchAndCompare in workbench.view.extension.gitlensInspect
2023-08-25 14:44:42.627 [info] Added views:gitlens.views.commits,gitlens.views.branches,gitlens.views.remotes,gitlens.views.stashes,gitlens.views.tags,gitlens.views.contributors in workbench.view.scm
2023-08-25 14:44:42.683 [info] Added views:dockerExplorerContainers,dockerExplorerImages,azureRegistries,DockerHubTreeView,suggestedDockerImages in workbench.view.explorer
2023-08-25 14:44:42.683 [info] Added views:pr:github,issues:github in workbench.view.extension.github-pull-requests
2023-08-25 14:44:42.687 [info] Added views:dockerContainers,dockerImages,dockerRegistries,dockerNetworks,dockerVolumes,vscode-docker.views.dockerContexts,vscode-docker.views.help in workbench.view.extension.dockerView
2023-08-25 14:44:42.688 [info] Added views:targetsContainers,devVolumes in workbench.view.remote
2023-08-25 14:44:42.690 [info] Added views:remoteTargets in workbench.view.remote
2023-08-25 14:44:42.692 [info] Added views:vscode-serial-monitor.monitor0 in workbench.view.extension.vscode-serial-monitor-tools
2023-08-25 14:44:42.983 [info] Added views:workbench.debug.welcome in workbench.view.debug
2023-08-25 14:44:43.253 [info] Added views:workbench.panel.repl.view in workbench.panel.repl
2023-08-25 14:44:48.762 [info] Added views:gitlens.views.graph,gitlens.views.graphDetails in workbench.view.extension.gitlensPanel
2023-08-25 14:44:48.763 [info] Added views:gitlens.views.timeline in workbench.view.extension.gitlensInspect
2023-08-25 14:44:48.774 [info] Added views:gitlens.views.worktrees in workbench.view.scm
2023-08-25 14:44:49.361 [info] Added views:workbench.panel.comments in workbench.panel.comments
2023-08-25 14:44:49.814 [info] Added views:github:activePullRequest:welcome in workbench.view.extension.github-pull-request
2023-08-25 14:44:50.419 [info] Removed views:github:activePullRequest:welcome from workbench.view.extension.github-pull-request
2023-08-26 11:53:43.107 [info] Added views:workbench.views.extensions.installed,workbench.views.extensions.popular,extensions.recommendedList in workbench.view.extensions
2023-08-26 11:53:43.109 [info] Removed views:workbench.views.extensions.popular from workbench.view.extensions
2023-08-26 11:53:45.708 [info] Removed views:extensions.recommendedList,workbench.views.extensions.installed from workbench.view.extensions
2023-08-26 11:53:45.727 [info] Added views:workbench.views.extensions.marketplace in workbench.view.extensions
2023-08-26 11:53:54.991 [info] Removed views:workbench.views.extensions.marketplace from workbench.view.extensions
2023-08-26 11:53:55.021 [info] Added views:workbench.views.extensions.installed,extensions.recommendedList in workbench.view.extensions
2023-08-26 12:54:29.784 [info] Removed views:extensions.recommendedList,workbench.views.extensions.installed from workbench.view.extensions
2023-08-26 12:54:29.809 [info] Added views:workbench.views.extensions.marketplace in workbench.view.extensions
2023-08-27 16:32:00.182 [info] Removed views:workbench.views.extensions.marketplace from workbench.view.extensions
2023-08-27 16:32:00.212 [info] Added views:workbench.views.extensions.installed,extensions.recommendedList in workbench.view.extensions
2023-08-27 16:32:01.843 [info] Removed views:extensions.recommendedList,workbench.views.extensions.installed from workbench.view.extensions
2023-08-27 16:32:01.862 [info] Added views:workbench.views.extensions.marketplace in workbench.view.extensions
