2023-12-05 14:54:40.073 [info] Added views:workbench.panel.markers.view in workbench.panel.markers
2023-12-05 14:54:40.073 [info] Added views:workbench.panel.output in workbench.panel.output
2023-12-05 14:54:40.073 [info] Added views:terminal in terminal
2023-12-05 14:54:40.073 [info] Added views:outline in workbench.view.explorer
2023-12-05 14:54:40.073 [info] Added views:workbench.scm in workbench.view.scm
2023-12-05 14:54:40.073 [info] Added views:workbench.view.search in workbench.view.search
2023-12-05 14:54:40.073 [info] Added views:timeline in workbench.view.explorer
2023-12-05 14:54:40.073 [info] Added views:workbench.explorer.fileView in workbench.view.explorer
2023-12-05 14:54:40.532 [info] Added views:workbench.debug.welcome in workbench.view.debug
2023-12-05 14:54:41.249 [info] Added views:gitlens.views.home,gitlens.views.drafts,gitlens.views.workspaces,gitlens.views.account in workbench.view.extension.gitlens
2023-12-05 14:54:41.251 [info] Added views:gitlens.views.commitDetails,gitlens.views.lineHistory,gitlens.views.fileHistory,gitlens.views.searchAndCompare in workbench.view.extension.gitlensInspect
2023-12-05 14:54:41.254 [info] Added views:gitlens.views.commits,gitlens.views.branches,gitlens.views.remotes,gitlens.views.stashes,gitlens.views.tags,gitlens.views.contributors in workbench.view.scm
2023-12-05 14:54:41.294 [info] Added views:dockerExplorerContainers,dockerExplorerImages,azureRegistries,DockerHubTreeView,suggestedDockerImages in workbench.view.explorer
2023-12-05 14:54:41.294 [info] Added views:pr:github,issues:github in workbench.view.extension.github-pull-requests
2023-12-05 14:54:41.294 [info] Added views:mongoDBConnectionExplorer,mongoDBPlaygroundsExplorer,mongoDBHelpExplorer in workbench.view.extension.mongoDB
2023-12-05 14:54:41.294 [info] Added views:dockerContainers,dockerImages,dockerRegistries,dockerNetworks,dockerVolumes,vscode-docker.views.dockerContexts,vscode-docker.views.help in workbench.view.extension.dockerView
2023-12-05 14:54:41.295 [info] Added views:targetsContainers,devVolumes in workbench.view.remote
2023-12-05 14:54:41.298 [info] Added views:remoteTargets in workbench.view.remote
2023-12-05 14:54:41.301 [info] Added views:vscode-serial-monitor.monitor0 in workbench.view.extension.vscode-serial-monitor-tools
2023-12-05 14:54:41.859 [info] Added views:workbench.panel.repl.view in workbench.panel.repl
