2023-09-01 20:48:28.322 [info] Reading sessions from keychain...
2023-09-01 20:48:28.322 [info] Getting sessions for all scopes...
2023-09-01 20:48:28.322 [info] Got stored sessions!
2023-09-01 20:48:28.322 [info] Got 2 verified sessions.
2023-09-01 20:48:28.322 [info] Got 2 sessions for ...
2023-09-01 20:48:28.322 [info] Getting sessions for read:user,repo,user:email,workflow...
2023-09-01 20:48:28.322 [info] Got 1 sessions for read:user,repo,user:email,workflow...
2023-09-01 20:48:28.744 [info] Getting sessions for read:user,repo,user:email,workflow...
2023-09-01 20:48:28.744 [info] Got 1 sessions for read:user,repo,user:email,workflow...
2023-09-01 20:48:28.899 [info] Getting sessions for read:user,repo,user:email...
2023-09-01 20:48:28.900 [info] Got 0 sessions for read:user,repo,user:email...
2023-09-01 20:48:29.287 [info] Getting sessions for read:user,repo,user:email,workflow...
2023-09-01 20:48:29.288 [info] Got 1 sessions for read:user,repo,user:email,workflow...
2023-09-01 20:48:30.351 [info] Getting sessions for all scopes...
2023-09-01 20:48:30.351 [info] Got 2 sessions for ...
2023-09-01 20:48:30.809 [info] Getting sessions for user:email...
2023-09-01 20:48:30.809 [info] Got 1 sessions for user:email...
2023-09-01 20:48:31.171 [info] Getting sessions for all scopes...
2023-09-01 20:48:31.172 [info] Got 2 sessions for ...
2023-09-02 17:49:52.007 [info] Getting sessions for read:user,repo,user:email...
2023-09-02 17:49:52.007 [info] Got 0 sessions for read:user,repo,user:email...
2023-09-02 18:04:34.551 [info] Getting sessions for read:user,repo,user:email...
2023-09-02 18:04:34.551 [info] Got 0 sessions for read:user,repo,user:email...
2023-09-03 14:28:54.219 [info] Getting sessions for read:user,repo,user:email...
2023-09-03 14:28:54.219 [info] Got 0 sessions for read:user,repo,user:email...
2023-09-03 14:44:12.685 [info] Getting sessions for read:user,repo,user:email...
2023-09-03 14:44:12.685 [info] Got 0 sessions for read:user,repo,user:email...
2023-09-03 14:56:42.833 [info] Getting sessions for read:user,repo,user:email...
2023-09-03 14:56:42.833 [info] Got 0 sessions for read:user,repo,user:email...
2023-09-03 15:07:03.423 [info] Getting sessions for read:user,repo,user:email...
2023-09-03 15:07:03.423 [info] Got 0 sessions for read:user,repo,user:email...
2023-09-03 15:29:35.110 [info] Getting sessions for read:user,repo,user:email...
2023-09-03 15:29:35.110 [info] Got 0 sessions for read:user,repo,user:email...
2023-09-04 16:34:39.578 [info] Getting sessions for read:user,repo,user:email...
2023-09-04 16:34:39.578 [info] Got 0 sessions for read:user,repo,user:email...
2023-09-04 16:44:46.230 [info] Getting sessions for read:user,repo,user:email...
2023-09-04 16:44:46.230 [info] Got 0 sessions for read:user,repo,user:email...
2023-09-04 18:46:18.763 [info] Getting sessions for read:user,repo,user:email...
2023-09-04 18:46:18.763 [info] Got 0 sessions for read:user,repo,user:email...
