2023-12-31 00:29:25.846 [info] Added views:workbench.panel.markers.view in workbench.panel.markers
2023-12-31 00:29:25.846 [info] Added views:workbench.panel.output in workbench.panel.output
2023-12-31 00:29:25.846 [info] Added views:terminal in terminal
2023-12-31 00:29:25.846 [info] Added views:outline in workbench.view.explorer
2023-12-31 00:29:25.846 [info] Added views:workbench.scm in workbench.view.scm
2023-12-31 00:29:25.846 [info] Added views:workbench.view.search in workbench.view.search
2023-12-31 00:29:25.846 [info] Added views:timeline in workbench.view.explorer
2023-12-31 00:29:25.846 [info] Added views:workbench.explorer.fileView in workbench.view.explorer
2023-12-31 00:29:26.215 [info] Added views:workbench.debug.welcome in workbench.view.debug
2023-12-31 00:29:26.819 [info] Added views:gitlens.views.home,gitlens.views.drafts,gitlens.views.workspaces,gitlens.views.account in workbench.view.extension.gitlens
2023-12-31 00:29:26.820 [info] Added views:gitlens.views.commitDetails,gitlens.views.lineHistory,gitlens.views.fileHistory,gitlens.views.searchAndCompare in workbench.view.extension.gitlensInspect
2023-12-31 00:29:26.820 [info] Added views:gitlens.views.commits,gitlens.views.branches,gitlens.views.remotes,gitlens.views.stashes,gitlens.views.tags,gitlens.views.contributors in workbench.view.scm
2023-12-31 00:29:26.839 [info] Added views:dockerExplorerContainers,dockerExplorerImages,azureRegistries,DockerHubTreeView,suggestedDockerImages in workbench.view.explorer
2023-12-31 00:29:26.840 [info] Added views:pr:github,issues:github in workbench.view.extension.github-pull-requests
2023-12-31 00:29:26.841 [info] Added views:mongoDBConnectionExplorer,mongoDBPlaygroundsExplorer,mongoDBHelpExplorer in workbench.view.extension.mongoDB
2023-12-31 00:29:26.841 [info] Added views:dockerContainers,dockerImages,dockerRegistries,dockerNetworks,dockerVolumes,vscode-docker.views.dockerContexts,vscode-docker.views.help in workbench.view.extension.dockerView
2023-12-31 00:29:26.842 [info] Added views:targetsContainers,devVolumes in workbench.view.remote
2023-12-31 00:29:26.842 [info] Added views:remoteTargets in workbench.view.remote
2023-12-31 00:29:26.843 [info] Added views:vscode-serial-monitor.monitor0 in workbench.view.extension.vscode-serial-monitor-tools
2023-12-31 00:29:27.316 [info] Added views:workbench.panel.repl.view in workbench.panel.repl
2023-12-31 00:29:32.845 [info] Added views:gitlens.views.graph,gitlens.views.graphDetails in workbench.view.extension.gitlensPanel
2023-12-31 00:29:32.861 [info] Added views:gitlens.views.timeline in workbench.view.extension.gitlensInspect
2023-12-31 00:29:32.862 [info] Added views:gitlens.views.worktrees in workbench.view.scm
2023-12-31 00:29:34.124 [info] Added views:workbench.panel.comments in workbench.panel.comments
2023-12-31 00:29:35.821 [info] Added views:github:activePullRequest:welcome in workbench.view.extension.github-pull-request
2023-12-31 00:29:35.821 [info] Removed views:github:activePullRequest:welcome from workbench.view.extension.github-pull-request
2023-12-31 00:29:36.022 [info] Added views:~remote.forwardedPorts in ~remote.forwardedPortsContainer
2023-12-31 00:40:24.535 [info] Added views:workbench.panel.markers.view in workbench.panel.markers
2023-12-31 00:40:24.535 [info] Added views:workbench.panel.output in workbench.panel.output
2023-12-31 00:40:24.535 [info] Added views:terminal in terminal
2023-12-31 00:40:24.535 [info] Added views:outline in workbench.view.explorer
2023-12-31 00:40:24.535 [info] Added views:workbench.scm in workbench.view.scm
2023-12-31 00:40:24.535 [info] Added views:workbench.view.search in workbench.view.search
2023-12-31 00:40:24.535 [info] Added views:timeline in workbench.view.explorer
2023-12-31 00:40:24.535 [info] Added views:workbench.explorer.fileView in workbench.view.explorer
2023-12-31 00:40:24.877 [info] Added views:workbench.debug.welcome in workbench.view.debug
2023-12-31 00:40:25.614 [info] Added views:gitlens.views.home,gitlens.views.drafts,gitlens.views.workspaces,gitlens.views.account in workbench.view.extension.gitlens
2023-12-31 00:40:25.614 [info] Added views:gitlens.views.commitDetails,gitlens.views.lineHistory,gitlens.views.fileHistory,gitlens.views.searchAndCompare in workbench.view.extension.gitlensInspect
2023-12-31 00:40:25.615 [info] Added views:gitlens.views.commits,gitlens.views.branches,gitlens.views.remotes,gitlens.views.stashes,gitlens.views.tags,gitlens.views.contributors in workbench.view.scm
2023-12-31 00:40:25.634 [info] Added views:dockerExplorerContainers,dockerExplorerImages,azureRegistries,DockerHubTreeView,suggestedDockerImages in workbench.view.explorer
2023-12-31 00:40:25.634 [info] Added views:pr:github,issues:github in workbench.view.extension.github-pull-requests
2023-12-31 00:40:25.635 [info] Added views:mongoDBConnectionExplorer,mongoDBPlaygroundsExplorer,mongoDBHelpExplorer in workbench.view.extension.mongoDB
2023-12-31 00:40:25.636 [info] Added views:dockerContainers,dockerImages,dockerRegistries,dockerNetworks,dockerVolumes,vscode-docker.views.dockerContexts,vscode-docker.views.help in workbench.view.extension.dockerView
2023-12-31 00:40:25.637 [info] Added views:targetsContainers,devVolumes in workbench.view.remote
2023-12-31 00:40:25.640 [info] Added views:vscode-serial-monitor.monitor0 in workbench.view.extension.vscode-serial-monitor-tools
2023-12-31 00:40:25.979 [info] Added views:workbench.panel.repl.view in workbench.panel.repl
2023-12-31 00:40:30.337 [info] Added views:~remote.forwardedPorts in ~remote.forwardedPortsContainer
2023-12-31 00:40:31.709 [info] Added views:gitlens.views.graph,gitlens.views.graphDetails in workbench.view.extension.gitlensPanel
2023-12-31 00:40:31.711 [info] Added views:gitlens.views.timeline in workbench.view.extension.gitlensInspect
2023-12-31 00:40:31.724 [info] Added views:gitlens.views.worktrees in workbench.view.scm
2023-12-31 00:40:33.898 [info] Added views:workbench.panel.comments in workbench.panel.comments
2023-12-31 00:40:34.877 [info] Added views:github:activePullRequest:welcome in workbench.view.extension.github-pull-request
2023-12-31 00:40:34.886 [info] Removed views:github:activePullRequest:welcome from workbench.view.extension.github-pull-request
