2023-11-27 21:08:23.975 [info] Log level: Info
2023-11-27 21:08:23.975 [info] Validating found git in: "git"
2023-11-27 21:08:23.975 [info] Using git "2.43.0" from "git"
2023-11-27 21:08:23.975 [info] > git rev-parse --show-toplevel [6ms]
2023-11-27 21:08:23.986 [info] > git rev-parse --git-dir --git-common-dir [17ms]
2023-11-27 21:08:24.022 [info] Open repository: /home/admin/repos/Kuchentag-Web
2023-11-27 21:08:24.054 [info] > git rev-parse --show-toplevel [9ms]
2023-11-27 21:08:24.055 [info] > git config --get commit.template [22ms]
2023-11-27 21:08:24.096 [info] > git for-each-ref --format=%(refname)%00%(upstream:short)%00%(objectname)%00%(upstream:track)%00%(upstream:remotename)%00%(upstream:remoteref) refs/heads/main refs/remotes/main [5ms]
2023-11-27 21:08:24.113 [info] > git rev-parse --show-toplevel [32ms]
2023-11-27 21:08:24.123 [info] > git status -z -uall [11ms]
2023-11-27 21:08:24.158 [info] > git rev-parse --show-toplevel [36ms]
2023-11-27 21:08:24.166 [info] > git config --get commit.template [9ms]
2023-11-27 21:08:24.176 [info] > git rev-parse --show-toplevel [13ms]
2023-11-27 21:08:24.183 [info] > git for-each-ref --format=%(refname)%00%(upstream:short)%00%(objectname)%00%(upstream:track)%00%(upstream:remotename)%00%(upstream:remoteref) refs/heads/main refs/remotes/main [8ms]
2023-11-27 21:08:24.190 [info] > git rev-parse --show-toplevel [9ms]
2023-11-27 21:08:24.196 [info] > git status -z -uall [7ms]
2023-11-27 21:08:25.277 [info] > git check-ignore -v -z --stdin [2ms]
2023-11-27 21:08:25.278 [info] > git fetch [1257ms]
2023-11-27 21:08:25.278 [info] /bin/sh: warning: setlocale: LC_ALL: cannot change locale (en_US.UTF-8)
/bin/sh: warning: setlocale: LC_ALL: cannot change locale (en_US.UTF-8)
2023-11-27 21:08:25.976 [info] > git config --get commit.template [241ms]
2023-11-27 21:08:26.102 [info] > git for-each-ref --format=%(refname)%00%(upstream:short)%00%(objectname)%00%(upstream:track)%00%(upstream:remotename)%00%(upstream:remoteref) refs/heads/main refs/remotes/main [56ms]
2023-11-27 21:08:26.209 [info] > git status -z -uall [99ms]
2023-11-27 21:08:26.303 [info] > git check-ignore -v -z --stdin [21ms]
2023-11-27 21:08:27.196 [info] > git config --local branch.main.github-pr-owner-number [94ms]
2023-11-27 21:08:27.254 [info] > git config --get commit.template [21ms]
2023-11-27 21:08:27.298 [info] > git for-each-ref --format=%(refname)%00%(upstream:short)%00%(objectname)%00%(upstream:track)%00%(upstream:remotename)%00%(upstream:remoteref) refs/heads/main refs/remotes/main [3ms]
2023-11-27 21:08:27.311 [info] > git status -z -uall [4ms]
2023-11-27 21:08:31.575 [info] > git check-ignore -v -z --stdin [1ms]
2023-11-27 21:08:59.703 [info] > git check-ignore -v -z --stdin [12ms]
2023-11-27 21:09:01.016 [info] > git config --get commit.template [16ms]
2023-11-27 21:09:01.017 [info] > git for-each-ref --format=%(refname)%00%(upstream:short)%00%(objectname)%00%(upstream:track)%00%(upstream:remotename)%00%(upstream:remoteref) refs/heads/main refs/remotes/main [3ms]
2023-11-27 21:09:01.026 [info] > git status -z -uall [1ms]
2023-11-27 21:09:48.948 [info] > git show --textconv :src/app.html [135ms]
2023-11-27 21:09:48.948 [info] > git ls-files --stage -- /home/admin/repos/Kuchentag-Web/src/app.html [118ms]
2023-11-27 21:09:49.007 [info] > git cat-file -s 0297ac7d0c835e958c70349659836a8eecf06d25 [27ms]
2023-11-27 21:09:52.442 [info] > git check-ignore -v -z --stdin [204ms]
2023-11-27 21:09:53.206 [info] > git show --textconv :src/routes/+page.svelte [33ms]
2023-11-27 21:09:53.261 [info] > git ls-files --stage -- /home/admin/repos/Kuchentag-Web/src/routes/+page.svelte [60ms]
2023-11-27 21:09:53.330 [info] > git cat-file -s 67c03533f0c209fca6481920b60fcf57aa86cfd9 [9ms]
2023-11-27 21:09:56.461 [info] > git config --get commit.template [31ms]
2023-11-27 21:09:56.461 [info] > git for-each-ref --format=%(refname)%00%(upstream:short)%00%(objectname)%00%(upstream:track)%00%(upstream:remotename)%00%(upstream:remoteref) refs/heads/main refs/remotes/main [1ms]
2023-11-27 21:09:56.509 [info] > git status -z -uall [12ms]
2023-11-27 21:10:01.946 [info] > git config --get commit.template [0ms]
2023-11-27 21:10:01.962 [info] > git for-each-ref --format=%(refname)%00%(upstream:short)%00%(objectname)%00%(upstream:track)%00%(upstream:remotename)%00%(upstream:remoteref) refs/heads/main refs/remotes/main [7ms]
2023-11-27 21:10:01.981 [info] > git status -z -uall [2ms]
