2023-09-04T17:55:09.882Z extension INFO  Activating extension... [
  {
    id: 'mongodb.mongodb-vscode',
    version: '1.2.1',
    mode: 'Production',
    kind: 'UI',
    extensionPath: '/home/admin/.vscode/extensions/mongodb.mongodb-vscode-1.2.1',
    logPath: '/home/admin/.config/Code/logs/20230904T195503/window1/exthost/mongodb.mongodb-vscode',
    workspaceStoragePath: '/home/admin/.config/Code/User/workspaceStorage/51e140b9c9b8d676963fe0e4358d1b56/mongodb.mongodb-vscode',
    globalStoragePath: '/home/admin/.config/Code/User/globalStorage/mongodb.mongodb-vscode',
    defaultConnectionSavingLocation: 'Global',
    buildInfo: {
      nodeVersion: 'v16.17.1',
      runtimePlatform: 'linux',
      runtimeArch: 'x64'
    }
  }
]

2023-09-04T17:55:09.884Z telemetry INFO  SegmentKey was found [ { type: 'string' } ]

2023-09-04T17:55:09.885Z language server controller INFO  Creating MongoDB Language Server... [
  {
    extensionPath: '/home/admin/.vscode/extensions/mongodb.mongodb-vscode-1.2.1',
    languageServer: {
      id: 'mongodbLanguageServer',
      name: 'MongoDB Language Server',
      path: '/home/admin/.vscode/extensions/mongodb.mongodb-vscode-1.2.1/dist/languageServer.js',
      documentSelector: '[{"pattern":"**/*.mongodb.js"},{"pattern":"**/*.mongodb"}]'
    }
  }
]

2023-09-04T17:55:09.892Z telemetry INFO  Segment analytics activated [ { anonymousId: '44b538f3-f0e5-46fd-ac0f-86ee91251041' } ]

2023-09-04T17:55:09.899Z language server controller INFO  Starting the language server... []

2023-09-04T17:55:11.661Z language server controller INFO  MongoDBService initialized. Sending default settings... {"extensionPath":"/home/admin/.vscode/extensions/mongodb.mongodb-vscode-1.2.1","connectionId":null,"hasConnectionString":false,"hasConnectionOptions":false} []

2023-09-05T14:39:56.597Z extension INFO  Deactivating extension... []

2023-09-05T14:39:56.597Z connection controller INFO  Disconnect called, currently connected to [ null ]

2023-09-05T14:39:56.598Z language server controller INFO  Changing MongoDBService active connection... [ { connectionId: null } ]

2023-09-05T14:39:56.603Z connection controller INFO  Disconnect called, currently connected to [ null ]

2023-09-05T14:39:56.603Z language server controller INFO  Changing MongoDBService active connection... [ { connectionId: null } ]

2023-09-05T14:39:56.620Z language server controller INFO  Deactivating the language server... []

2023-09-05T14:39:56.620Z language server controller INFO  Deactivating the language server... []

