2023-12-05 14:54:41.562 [info] Extension host with pid 58317 started
2023-12-05 14:54:41.562 [info] Skipping acquiring lock for /home/admin/.config/Code/User/workspaceStorage/51e140b9c9b8d676963fe0e4358d1b56.
2023-12-05 14:54:41.855 [info] ExtensionService#_doActivateExtension mongodb.mongodb-vscode, startup: false, activationEvent: 'onLanguage:plaintext'
2023-12-05 14:54:43.218 [info] ExtensionService#_doActivateExtension vscode.emmet, startup: false, activationEvent: 'onLanguage'
2023-12-05 14:54:43.233 [info] ExtensionService#_doActivateExtension ardenivanov.svelte-intellisense, startup: false, activationEvent: 'onLanguage:svelte'
2023-12-05 14:54:43.331 [info] ExtensionService#_doActivateExtension phoenisx.cssvar, startup: false, activationEvent: 'onLanguage:svelte'
2023-12-05 14:54:43.343 [info] ExtensionService#_doActivateExtension svelte.svelte-vscode, startup: false, activationEvent: 'onLanguage:svelte'
2023-12-05 14:54:44.130 [info] ExtensionService#_doActivateExtension vscode.git-base, startup: true, activationEvent: '*', root cause: vscode.git
2023-12-05 14:54:44.140 [info] ExtensionService#_doActivateExtension christian-kohler.path-intellisense, startup: true, activationEvent: '*'
2023-12-05 14:54:44.187 [info] ExtensionService#_doActivateExtension ecmel.vscode-html-css, startup: true, activationEvent: '*'
2023-12-05 14:54:44.264 [info] ExtensionService#_doActivateExtension formulahendry.auto-rename-tag, startup: true, activationEvent: '*'
2023-12-05 14:54:44.394 [info] ExtensionService#_doActivateExtension vscode.npm, startup: true, activationEvent: 'workspaceContains:package.json'
2023-12-05 14:54:44.698 [info] ExtensionService#_doActivateExtension vscode.typescript-language-features, startup: false, activationEvent: 'onCommand:_typescript.configurePlugin'
2023-12-05 14:54:44.846 [info] ExtensionService#_doActivateExtension vscode.git, startup: true, activationEvent: '*'
2023-12-05 14:54:44.926 [info] ExtensionService#_doActivateExtension vscode.github, startup: true, activationEvent: '*'
2023-12-05 14:54:46.168 [info] ExtensionService#_doActivateExtension vscode.github-authentication, startup: false, activationEvent: 'onAuthenticationRequest:github'
2023-12-05 14:54:46.470 [info] Eager extensions activated
2023-12-05 14:54:46.852 [info] ExtensionService#_doActivateExtension vscode.debug-auto-launch, startup: false, activationEvent: 'onStartupFinished'
2023-12-05 14:54:46.853 [info] ExtensionService#_doActivateExtension vscode.merge-conflict, startup: false, activationEvent: 'onStartupFinished'
2023-12-05 14:54:46.875 [info] ExtensionService#_doActivateExtension bradlc.vscode-tailwindcss, startup: false, activationEvent: 'onStartupFinished'
2023-12-05 14:54:46.905 [info] ExtensionService#_doActivateExtension eamodio.gitlens, startup: false, activationEvent: 'onStartupFinished'
2023-12-05 14:54:46.970 [info] ExtensionService#_doActivateExtension esbenp.prettier-vscode, startup: false, activationEvent: 'onStartupFinished'
2023-12-05 14:54:47.066 [info] ExtensionService#_doActivateExtension ms-vscode-remote.remote-containers, startup: false, activationEvent: 'onStartupFinished'
2023-12-05 14:54:47.202 [info] ExtensionService#_doActivateExtension ms-vscode-remote.remote-wsl, startup: false, activationEvent: 'onStartupFinished'
2023-12-05 14:54:47.282 [info] ExtensionService#_doActivateExtension zhuangtongfa.material-theme, startup: false, activationEvent: 'onStartupFinished'
2023-12-05 14:54:47.334 [info] ExtensionService#_doActivateExtension GitHub.vscode-pull-request-github, startup: false, activationEvent: 'onStartupFinished'
2023-12-05 14:54:48.111 [info] Extension host terminating: renderer closed the MessagePort
2023-12-05 14:54:48.229 [error] ProxyResolver#resolveProxy DIRECT Canceled: Canceled
    at Object.P [as $6] (/opt/visual-studio-code/resources/app/out/vs/workbench/api/node/extensionHostProcess.js:10:1032)
    at /opt/visual-studio-code/resources/app/out/vs/workbench/api/node/extensionHostProcess.js:134:7673
    at Array.forEach (<anonymous>)
    at n.dispose (/opt/visual-studio-code/resources/app/out/vs/workbench/api/node/extensionHostProcess.js:134:7611)
    at h.terminate (/opt/visual-studio-code/resources/app/out/vs/workbench/api/node/extensionHostProcess.js:136:8028)
    at o.terminate (/opt/visual-studio-code/resources/app/out/vs/workbench/api/node/extensionHostProcess.js:140:1513)
    at a (/opt/visual-studio-code/resources/app/out/vs/workbench/api/node/extensionHostProcess.js:153:9817)
    at MessagePortMain.<anonymous> (/opt/visual-studio-code/resources/app/out/vs/workbench/api/node/extensionHostProcess.js:153:6242)
    at MessagePortMain.emit (node:events:513:28)
    at Object.MessagePortMain._internalPort.emit (node:electron/js2c/utility_init:2:367) 
2023-12-05 14:54:48.230 [error] Canceled: Canceled
    at Object.P [as $6] (/opt/visual-studio-code/resources/app/out/vs/workbench/api/node/extensionHostProcess.js:10:1032)
    at /opt/visual-studio-code/resources/app/out/vs/workbench/api/node/extensionHostProcess.js:134:7673
    at Array.forEach (<anonymous>)
    at n.dispose (/opt/visual-studio-code/resources/app/out/vs/workbench/api/node/extensionHostProcess.js:134:7611)
    at h.terminate (/opt/visual-studio-code/resources/app/out/vs/workbench/api/node/extensionHostProcess.js:136:8028)
    at o.terminate (/opt/visual-studio-code/resources/app/out/vs/workbench/api/node/extensionHostProcess.js:140:1513)
    at a (/opt/visual-studio-code/resources/app/out/vs/workbench/api/node/extensionHostProcess.js:153:9817)
    at MessagePortMain.<anonymous> (/opt/visual-studio-code/resources/app/out/vs/workbench/api/node/extensionHostProcess.js:153:6242)
    at MessagePortMain.emit (node:events:513:28)
    at Object.MessagePortMain._internalPort.emit (node:electron/js2c/utility_init:2:367) setContext undefined
2023-12-05 14:54:48.230 [error] Canceled: Canceled
    at Object.P [as $6] (/opt/visual-studio-code/resources/app/out/vs/workbench/api/node/extensionHostProcess.js:10:1032)
    at /opt/visual-studio-code/resources/app/out/vs/workbench/api/node/extensionHostProcess.js:134:7673
    at Array.forEach (<anonymous>)
    at n.dispose (/opt/visual-studio-code/resources/app/out/vs/workbench/api/node/extensionHostProcess.js:134:7611)
    at h.terminate (/opt/visual-studio-code/resources/app/out/vs/workbench/api/node/extensionHostProcess.js:136:8028)
    at o.terminate (/opt/visual-studio-code/resources/app/out/vs/workbench/api/node/extensionHostProcess.js:140:1513)
    at a (/opt/visual-studio-code/resources/app/out/vs/workbench/api/node/extensionHostProcess.js:153:9817)
    at MessagePortMain.<anonymous> (/opt/visual-studio-code/resources/app/out/vs/workbench/api/node/extensionHostProcess.js:153:6242)
    at MessagePortMain.emit (node:events:513:28)
    at Object.MessagePortMain._internalPort.emit (node:electron/js2c/utility_init:2:367) setContext undefined
2023-12-05 14:54:48.230 [error] Canceled: Canceled
    at Object.P [as $6] (/opt/visual-studio-code/resources/app/out/vs/workbench/api/node/extensionHostProcess.js:10:1032)
    at /opt/visual-studio-code/resources/app/out/vs/workbench/api/node/extensionHostProcess.js:134:7673
    at Array.forEach (<anonymous>)
    at n.dispose (/opt/visual-studio-code/resources/app/out/vs/workbench/api/node/extensionHostProcess.js:134:7611)
    at h.terminate (/opt/visual-studio-code/resources/app/out/vs/workbench/api/node/extensionHostProcess.js:136:8028)
    at o.terminate (/opt/visual-studio-code/resources/app/out/vs/workbench/api/node/extensionHostProcess.js:140:1513)
    at a (/opt/visual-studio-code/resources/app/out/vs/workbench/api/node/extensionHostProcess.js:153:9817)
    at MessagePortMain.<anonymous> (/opt/visual-studio-code/resources/app/out/vs/workbench/api/node/extensionHostProcess.js:153:6242)
    at MessagePortMain.emit (node:events:513:28)
    at Object.MessagePortMain._internalPort.emit (node:electron/js2c/utility_init:2:367) setContext undefined
2023-12-05 14:54:48.236 [error] Canceled: Canceled
    at Object.P [as $6] (/opt/visual-studio-code/resources/app/out/vs/workbench/api/node/extensionHostProcess.js:10:1032)
    at /opt/visual-studio-code/resources/app/out/vs/workbench/api/node/extensionHostProcess.js:134:7673
    at Array.forEach (<anonymous>)
    at n.dispose (/opt/visual-studio-code/resources/app/out/vs/workbench/api/node/extensionHostProcess.js:134:7611)
    at h.terminate (/opt/visual-studio-code/resources/app/out/vs/workbench/api/node/extensionHostProcess.js:136:8028)
    at o.terminate (/opt/visual-studio-code/resources/app/out/vs/workbench/api/node/extensionHostProcess.js:140:1513)
    at a (/opt/visual-studio-code/resources/app/out/vs/workbench/api/node/extensionHostProcess.js:153:9817)
    at MessagePortMain.<anonymous> (/opt/visual-studio-code/resources/app/out/vs/workbench/api/node/extensionHostProcess.js:153:6242)
    at MessagePortMain.emit (node:events:513:28)
    at Object.MessagePortMain._internalPort.emit (node:electron/js2c/utility_init:2:367) setContext undefined
2023-12-05 14:54:48.236 [error] Canceled: Canceled
    at Object.P [as $6] (/opt/visual-studio-code/resources/app/out/vs/workbench/api/node/extensionHostProcess.js:10:1032)
    at /opt/visual-studio-code/resources/app/out/vs/workbench/api/node/extensionHostProcess.js:134:7673
    at Array.forEach (<anonymous>)
    at n.dispose (/opt/visual-studio-code/resources/app/out/vs/workbench/api/node/extensionHostProcess.js:134:7611)
    at h.terminate (/opt/visual-studio-code/resources/app/out/vs/workbench/api/node/extensionHostProcess.js:136:8028)
    at o.terminate (/opt/visual-studio-code/resources/app/out/vs/workbench/api/node/extensionHostProcess.js:140:1513)
    at a (/opt/visual-studio-code/resources/app/out/vs/workbench/api/node/extensionHostProcess.js:153:9817)
    at MessagePortMain.<anonymous> (/opt/visual-studio-code/resources/app/out/vs/workbench/api/node/extensionHostProcess.js:153:6242)
    at MessagePortMain.emit (node:events:513:28)
    at Object.MessagePortMain._internalPort.emit (node:electron/js2c/utility_init:2:367) setContext undefined
2023-12-05 14:54:48.238 [error] Canceled: Canceled
    at Object.P [as $6] (/opt/visual-studio-code/resources/app/out/vs/workbench/api/node/extensionHostProcess.js:10:1032)
    at /opt/visual-studio-code/resources/app/out/vs/workbench/api/node/extensionHostProcess.js:134:7673
    at Array.forEach (<anonymous>)
    at n.dispose (/opt/visual-studio-code/resources/app/out/vs/workbench/api/node/extensionHostProcess.js:134:7611)
    at h.terminate (/opt/visual-studio-code/resources/app/out/vs/workbench/api/node/extensionHostProcess.js:136:8028)
    at o.terminate (/opt/visual-studio-code/resources/app/out/vs/workbench/api/node/extensionHostProcess.js:140:1513)
    at a (/opt/visual-studio-code/resources/app/out/vs/workbench/api/node/extensionHostProcess.js:153:9817)
    at MessagePortMain.<anonymous> (/opt/visual-studio-code/resources/app/out/vs/workbench/api/node/extensionHostProcess.js:153:6242)
    at MessagePortMain.emit (node:events:513:28)
    at Object.MessagePortMain._internalPort.emit (node:electron/js2c/utility_init:2:367) setContext undefined
2023-12-05 14:54:48.279 [error] Canceled: Canceled
    at new f (/opt/visual-studio-code/resources/app/out/vs/workbench/api/node/extensionHostProcess.js:125:108614)
    at n.U (/opt/visual-studio-code/resources/app/out/vs/workbench/api/node/extensionHostProcess.js:134:10873)
    at Proxy.F.<computed>.z.charCodeAt.F.<computed> (/opt/visual-studio-code/resources/app/out/vs/workbench/api/node/extensionHostProcess.js:134:8315)
    at i.g (/opt/visual-studio-code/resources/app/out/vs/workbench/api/node/extensionHostProcess.js:125:139130)
    at i.executeCommand (/opt/visual-studio-code/resources/app/out/vs/workbench/api/node/extensionHostProcess.js:125:138568)
    at $.registerCommand.description (/opt/visual-studio-code/resources/app/out/vs/workbench/api/node/extensionHostProcess.js:125:137892)
    at i.h (/opt/visual-studio-code/resources/app/out/vs/workbench/api/node/extensionHostProcess.js:125:139669)
    at i.g (/opt/visual-studio-code/resources/app/out/vs/workbench/api/node/extensionHostProcess.js:125:138661)
    at i.executeCommand (/opt/visual-studio-code/resources/app/out/vs/workbench/api/node/extensionHostProcess.js:125:138568)
    at Object.executeCommand (/opt/visual-studio-code/resources/app/out/vs/workbench/api/node/extensionHostProcess.js:140:21329)
    at h.D [as value] (/opt/visual-studio-code/resources/app/extensions/git/dist/main.js:2:1316925)
    at c.y (/opt/visual-studio-code/resources/app/out/vs/workbench/api/node/extensionHostProcess.js:80:1902)
    at c.z (/opt/visual-studio-code/resources/app/out/vs/workbench/api/node/extensionHostProcess.js:80:1972)
    at c.fire (/opt/visual-studio-code/resources/app/out/vs/workbench/api/node/extensionHostProcess.js:80:2188)
    at Object.m [as dispose] (/opt/visual-studio-code/resources/app/extensions/git/dist/main.js:2:1332842)
    at /opt/visual-studio-code/resources/app/extensions/git/dist/main.js:2:1337795
    at Array.forEach (<anonymous>)
    at g.dispose (/opt/visual-studio-code/resources/app/extensions/git/dist/main.js:2:1337781)
    at v.<anonymous> (/opt/visual-studio-code/resources/app/out/vs/workbench/api/node/extensionHostProcess.js:121:3572)
    at v.dispose (/opt/visual-studio-code/resources/app/out/vs/workbench/api/node/extensionHostProcess.js:121:3669)
    at v.<anonymous> (/opt/visual-studio-code/resources/app/extensions/git/dist/main.js:2:1318937)
    at v.dispose (/opt/visual-studio-code/resources/app/out/vs/workbench/api/node/extensionHostProcess.js:121:3669)
    at o (/opt/visual-studio-code/resources/app/out/vs/workbench/api/node/extensionHostProcess.js:30:754)
    at h.cb (/opt/visual-studio-code/resources/app/out/vs/workbench/api/node/extensionHostProcess.js:136:9843)
    at /opt/visual-studio-code/resources/app/out/vs/workbench/api/node/extensionHostProcess.js:136:7793
    at Array.map (<anonymous>)
    at h.Y (/opt/visual-studio-code/resources/app/out/vs/workbench/api/node/extensionHostProcess.js:136:7781)
    at h.terminate (/opt/visual-studio-code/resources/app/out/vs/workbench/api/node/extensionHostProcess.js:136:8051)
    at o.terminate (/opt/visual-studio-code/resources/app/out/vs/workbench/api/node/extensionHostProcess.js:140:1513)
    at a (/opt/visual-studio-code/resources/app/out/vs/workbench/api/node/extensionHostProcess.js:153:9817)
    at MessagePortMain.<anonymous> (/opt/visual-studio-code/resources/app/out/vs/workbench/api/node/extensionHostProcess.js:153:6242)
    at MessagePortMain.emit (node:events:513:28)
    at Object.MessagePortMain._internalPort.emit (node:electron/js2c/utility_init:2:367) setContext undefined
2023-12-05 14:54:48.287 [error] Canceled: Canceled
    at new f (/opt/visual-studio-code/resources/app/out/vs/workbench/api/node/extensionHostProcess.js:125:108614)
    at n.U (/opt/visual-studio-code/resources/app/out/vs/workbench/api/node/extensionHostProcess.js:134:10873)
    at Proxy.F.<computed>.z.charCodeAt.F.<computed> (/opt/visual-studio-code/resources/app/out/vs/workbench/api/node/extensionHostProcess.js:134:8315)
    at i.g (/opt/visual-studio-code/resources/app/out/vs/workbench/api/node/extensionHostProcess.js:125:139130)
    at i.executeCommand (/opt/visual-studio-code/resources/app/out/vs/workbench/api/node/extensionHostProcess.js:125:138568)
    at $.registerCommand.description (/opt/visual-studio-code/resources/app/out/vs/workbench/api/node/extensionHostProcess.js:125:137892)
    at i.h (/opt/visual-studio-code/resources/app/out/vs/workbench/api/node/extensionHostProcess.js:125:139669)
    at i.g (/opt/visual-studio-code/resources/app/out/vs/workbench/api/node/extensionHostProcess.js:125:138661)
    at i.executeCommand (/opt/visual-studio-code/resources/app/out/vs/workbench/api/node/extensionHostProcess.js:125:138568)
    at Object.executeCommand (/opt/visual-studio-code/resources/app/out/vs/workbench/api/node/extensionHostProcess.js:140:21329)
    at t.$D.set b [as b] (/opt/visual-studio-code/resources/app/extensions/github/dist/extension.js:2:714708)
    at /opt/visual-studio-code/resources/app/extensions/github/dist/extension.js:2:715349
    at h.value (/opt/visual-studio-code/resources/app/extensions/git/dist/main.js:2:1408111)
    at c.y (/opt/visual-studio-code/resources/app/out/vs/workbench/api/node/extensionHostProcess.js:80:1902)
    at c.z (/opt/visual-studio-code/resources/app/out/vs/workbench/api/node/extensionHostProcess.js:80:1972)
    at c.fire (/opt/visual-studio-code/resources/app/out/vs/workbench/api/node/extensionHostProcess.js:80:2188)
    at Object.m [as dispose] (/opt/visual-studio-code/resources/app/extensions/git/dist/main.js:2:1332842)
    at /opt/visual-studio-code/resources/app/extensions/git/dist/main.js:2:1337795
    at Array.forEach (<anonymous>)
    at g.dispose (/opt/visual-studio-code/resources/app/extensions/git/dist/main.js:2:1337781)
    at v.<anonymous> (/opt/visual-studio-code/resources/app/out/vs/workbench/api/node/extensionHostProcess.js:121:3572)
    at v.dispose (/opt/visual-studio-code/resources/app/out/vs/workbench/api/node/extensionHostProcess.js:121:3669)
    at v.<anonymous> (/opt/visual-studio-code/resources/app/extensions/git/dist/main.js:2:1318937)
    at v.dispose (/opt/visual-studio-code/resources/app/out/vs/workbench/api/node/extensionHostProcess.js:121:3669)
    at o (/opt/visual-studio-code/resources/app/out/vs/workbench/api/node/extensionHostProcess.js:30:754)
    at h.cb (/opt/visual-studio-code/resources/app/out/vs/workbench/api/node/extensionHostProcess.js:136:9843)
    at /opt/visual-studio-code/resources/app/out/vs/workbench/api/node/extensionHostProcess.js:136:7793
    at Array.map (<anonymous>)
    at h.Y (/opt/visual-studio-code/resources/app/out/vs/workbench/api/node/extensionHostProcess.js:136:7781)
    at h.terminate (/opt/visual-studio-code/resources/app/out/vs/workbench/api/node/extensionHostProcess.js:136:8051)
    at o.terminate (/opt/visual-studio-code/resources/app/out/vs/workbench/api/node/extensionHostProcess.js:140:1513)
    at a (/opt/visual-studio-code/resources/app/out/vs/workbench/api/node/extensionHostProcess.js:153:9817)
    at MessagePortMain.<anonymous> (/opt/visual-studio-code/resources/app/out/vs/workbench/api/node/extensionHostProcess.js:153:6242)
    at MessagePortMain.emit (node:events:513:28)
    at Object.MessagePortMain._internalPort.emit (node:electron/js2c/utility_init:2:367) setContext undefined
2023-12-05 14:54:48.306 [error] Canceled: Canceled
    at new f (/opt/visual-studio-code/resources/app/out/vs/workbench/api/node/extensionHostProcess.js:125:108614)
    at n.U (/opt/visual-studio-code/resources/app/out/vs/workbench/api/node/extensionHostProcess.js:134:10873)
    at Proxy.F.<computed>.z.charCodeAt.F.<computed> (/opt/visual-studio-code/resources/app/out/vs/workbench/api/node/extensionHostProcess.js:134:8315)
    at i.g (/opt/visual-studio-code/resources/app/out/vs/workbench/api/node/extensionHostProcess.js:125:139130)
    at i.executeCommand (/opt/visual-studio-code/resources/app/out/vs/workbench/api/node/extensionHostProcess.js:125:138568)
    at $.registerCommand.description (/opt/visual-studio-code/resources/app/out/vs/workbench/api/node/extensionHostProcess.js:125:137892)
    at i.h (/opt/visual-studio-code/resources/app/out/vs/workbench/api/node/extensionHostProcess.js:125:139669)
    at i.g (/opt/visual-studio-code/resources/app/out/vs/workbench/api/node/extensionHostProcess.js:125:138661)
    at i.executeCommand (/opt/visual-studio-code/resources/app/out/vs/workbench/api/node/extensionHostProcess.js:125:138568)
    at Object.executeCommand (/opt/visual-studio-code/resources/app/out/vs/workbench/api/node/extensionHostProcess.js:140:21329)
    at w (/home/admin/.vscode/extensions/eamodio.gitlens-14.5.2/dist/gitlens.js:1:1112601)
    at l (/home/admin/.vscode/extensions/eamodio.gitlens-14.5.2/dist/gitlens.js:1:1117244)
    at ActionRunners._updateContextKeys (/home/admin/.vscode/extensions/eamodio.gitlens-14.5.2/dist/gitlens.js:1:39035)
    at s (/home/admin/.vscode/extensions/eamodio.gitlens-14.5.2/dist/gitlens.js:1:37454)
    at RegisteredActionRunner.unregister (/home/admin/.vscode/extensions/eamodio.gitlens-14.5.2/dist/gitlens.js:1:37598)
    at RegisteredActionRunner.dispose (/home/admin/.vscode/extensions/eamodio.gitlens-14.5.2/dist/gitlens.js:1:36261)
    at ActionRunners.dispose (/home/admin/.vscode/extensions/eamodio.gitlens-14.5.2/dist/gitlens.js:1:37040)
    at /home/admin/.vscode/extensions/eamodio.gitlens-14.5.2/dist/gitlens.js:1:800190
    at Array.forEach (<anonymous>)
    at Object.dispose (/home/admin/.vscode/extensions/eamodio.gitlens-14.5.2/dist/gitlens.js:1:800175)
    at o (/opt/visual-studio-code/resources/app/out/vs/workbench/api/node/extensionHostProcess.js:30:754)
    at h.cb (/opt/visual-studio-code/resources/app/out/vs/workbench/api/node/extensionHostProcess.js:136:9843)
    at /opt/visual-studio-code/resources/app/out/vs/workbench/api/node/extensionHostProcess.js:136:7793
    at Array.map (<anonymous>)
    at h.Y (/opt/visual-studio-code/resources/app/out/vs/workbench/api/node/extensionHostProcess.js:136:7781)
    at h.terminate (/opt/visual-studio-code/resources/app/out/vs/workbench/api/node/extensionHostProcess.js:136:8051)
    at o.terminate (/opt/visual-studio-code/resources/app/out/vs/workbench/api/node/extensionHostProcess.js:140:1513)
    at a (/opt/visual-studio-code/resources/app/out/vs/workbench/api/node/extensionHostProcess.js:153:9817)
    at MessagePortMain.<anonymous> (/opt/visual-studio-code/resources/app/out/vs/workbench/api/node/extensionHostProcess.js:153:6242)
    at MessagePortMain.emit (node:events:513:28)
    at Object.MessagePortMain._internalPort.emit (node:electron/js2c/utility_init:2:367) setContext undefined
2023-12-05 14:54:48.314 [error] Canceled: Canceled
    at new f (/opt/visual-studio-code/resources/app/out/vs/workbench/api/node/extensionHostProcess.js:125:108614)
    at n.U (/opt/visual-studio-code/resources/app/out/vs/workbench/api/node/extensionHostProcess.js:134:10873)
    at Proxy.F.<computed>.z.charCodeAt.F.<computed> (/opt/visual-studio-code/resources/app/out/vs/workbench/api/node/extensionHostProcess.js:134:8315)
    at i.g (/opt/visual-studio-code/resources/app/out/vs/workbench/api/node/extensionHostProcess.js:125:139130)
    at i.executeCommand (/opt/visual-studio-code/resources/app/out/vs/workbench/api/node/extensionHostProcess.js:125:138568)
    at $.registerCommand.description (/opt/visual-studio-code/resources/app/out/vs/workbench/api/node/extensionHostProcess.js:125:137892)
    at i.h (/opt/visual-studio-code/resources/app/out/vs/workbench/api/node/extensionHostProcess.js:125:139669)
    at i.g (/opt/visual-studio-code/resources/app/out/vs/workbench/api/node/extensionHostProcess.js:125:138661)
    at i.executeCommand (/opt/visual-studio-code/resources/app/out/vs/workbench/api/node/extensionHostProcess.js:125:138568)
    at Object.executeCommand (/opt/visual-studio-code/resources/app/out/vs/workbench/api/node/extensionHostProcess.js:140:21329)
    at w (/home/admin/.vscode/extensions/eamodio.gitlens-14.5.2/dist/gitlens.js:1:1112601)
    at l (/home/admin/.vscode/extensions/eamodio.gitlens-14.5.2/dist/gitlens.js:1:1117244)
    at ActionRunners._updateContextKeys (/home/admin/.vscode/extensions/eamodio.gitlens-14.5.2/dist/gitlens.js:1:39035)
    at s (/home/admin/.vscode/extensions/eamodio.gitlens-14.5.2/dist/gitlens.js:1:37454)
    at RegisteredActionRunner.unregister (/home/admin/.vscode/extensions/eamodio.gitlens-14.5.2/dist/gitlens.js:1:37598)
    at RegisteredActionRunner.dispose (/home/admin/.vscode/extensions/eamodio.gitlens-14.5.2/dist/gitlens.js:1:36261)
    at ActionRunners.dispose (/home/admin/.vscode/extensions/eamodio.gitlens-14.5.2/dist/gitlens.js:1:37040)
    at /home/admin/.vscode/extensions/eamodio.gitlens-14.5.2/dist/gitlens.js:1:800190
    at Array.forEach (<anonymous>)
    at Object.dispose (/home/admin/.vscode/extensions/eamodio.gitlens-14.5.2/dist/gitlens.js:1:800175)
    at o (/opt/visual-studio-code/resources/app/out/vs/workbench/api/node/extensionHostProcess.js:30:754)
    at h.cb (/opt/visual-studio-code/resources/app/out/vs/workbench/api/node/extensionHostProcess.js:136:9843)
    at /opt/visual-studio-code/resources/app/out/vs/workbench/api/node/extensionHostProcess.js:136:7793
    at Array.map (<anonymous>)
    at h.Y (/opt/visual-studio-code/resources/app/out/vs/workbench/api/node/extensionHostProcess.js:136:7781)
    at h.terminate (/opt/visual-studio-code/resources/app/out/vs/workbench/api/node/extensionHostProcess.js:136:8051)
    at o.terminate (/opt/visual-studio-code/resources/app/out/vs/workbench/api/node/extensionHostProcess.js:140:1513)
    at a (/opt/visual-studio-code/resources/app/out/vs/workbench/api/node/extensionHostProcess.js:153:9817)
    at MessagePortMain.<anonymous> (/opt/visual-studio-code/resources/app/out/vs/workbench/api/node/extensionHostProcess.js:153:6242)
    at MessagePortMain.emit (node:events:513:28)
    at Object.MessagePortMain._internalPort.emit (node:electron/js2c/utility_init:2:367) setContext undefined
2023-12-05 14:54:48.314 [error] Canceled: Canceled
    at new f (/opt/visual-studio-code/resources/app/out/vs/workbench/api/node/extensionHostProcess.js:125:108614)
    at n.U (/opt/visual-studio-code/resources/app/out/vs/workbench/api/node/extensionHostProcess.js:134:10873)
    at Proxy.F.<computed>.z.charCodeAt.F.<computed> (/opt/visual-studio-code/resources/app/out/vs/workbench/api/node/extensionHostProcess.js:134:8315)
    at i.g (/opt/visual-studio-code/resources/app/out/vs/workbench/api/node/extensionHostProcess.js:125:139130)
    at i.executeCommand (/opt/visual-studio-code/resources/app/out/vs/workbench/api/node/extensionHostProcess.js:125:138568)
    at $.registerCommand.description (/opt/visual-studio-code/resources/app/out/vs/workbench/api/node/extensionHostProcess.js:125:137892)
    at i.h (/opt/visual-studio-code/resources/app/out/vs/workbench/api/node/extensionHostProcess.js:125:139669)
    at i.g (/opt/visual-studio-code/resources/app/out/vs/workbench/api/node/extensionHostProcess.js:125:138661)
    at i.executeCommand (/opt/visual-studio-code/resources/app/out/vs/workbench/api/node/extensionHostProcess.js:125:138568)
    at Object.executeCommand (/opt/visual-studio-code/resources/app/out/vs/workbench/api/node/extensionHostProcess.js:140:21329)
    at w (/home/admin/.vscode/extensions/eamodio.gitlens-14.5.2/dist/gitlens.js:1:1112601)
    at l (/home/admin/.vscode/extensions/eamodio.gitlens-14.5.2/dist/gitlens.js:1:1117244)
    at ActionRunners._updateContextKeys (/home/admin/.vscode/extensions/eamodio.gitlens-14.5.2/dist/gitlens.js:1:39035)
    at s (/home/admin/.vscode/extensions/eamodio.gitlens-14.5.2/dist/gitlens.js:1:37454)
    at RegisteredActionRunner.unregister (/home/admin/.vscode/extensions/eamodio.gitlens-14.5.2/dist/gitlens.js:1:37598)
    at RegisteredActionRunner.dispose (/home/admin/.vscode/extensions/eamodio.gitlens-14.5.2/dist/gitlens.js:1:36261)
    at ActionRunners.dispose (/home/admin/.vscode/extensions/eamodio.gitlens-14.5.2/dist/gitlens.js:1:37040)
    at /home/admin/.vscode/extensions/eamodio.gitlens-14.5.2/dist/gitlens.js:1:800190
    at Array.forEach (<anonymous>)
    at Object.dispose (/home/admin/.vscode/extensions/eamodio.gitlens-14.5.2/dist/gitlens.js:1:800175)
    at o (/opt/visual-studio-code/resources/app/out/vs/workbench/api/node/extensionHostProcess.js:30:754)
    at h.cb (/opt/visual-studio-code/resources/app/out/vs/workbench/api/node/extensionHostProcess.js:136:9843)
    at /opt/visual-studio-code/resources/app/out/vs/workbench/api/node/extensionHostProcess.js:136:7793
    at Array.map (<anonymous>)
    at h.Y (/opt/visual-studio-code/resources/app/out/vs/workbench/api/node/extensionHostProcess.js:136:7781)
    at h.terminate (/opt/visual-studio-code/resources/app/out/vs/workbench/api/node/extensionHostProcess.js:136:8051)
    at o.terminate (/opt/visual-studio-code/resources/app/out/vs/workbench/api/node/extensionHostProcess.js:140:1513)
    at a (/opt/visual-studio-code/resources/app/out/vs/workbench/api/node/extensionHostProcess.js:153:9817)
    at MessagePortMain.<anonymous> (/opt/visual-studio-code/resources/app/out/vs/workbench/api/node/extensionHostProcess.js:153:6242)
    at MessagePortMain.emit (node:events:513:28)
    at Object.MessagePortMain._internalPort.emit (node:electron/js2c/utility_init:2:367) setContext undefined
2023-12-05 14:54:48.321 [error] Canceled: Canceled
    at new f (/opt/visual-studio-code/resources/app/out/vs/workbench/api/node/extensionHostProcess.js:125:108614)
    at n.U (/opt/visual-studio-code/resources/app/out/vs/workbench/api/node/extensionHostProcess.js:134:10873)
    at Proxy.F.<computed>.z.charCodeAt.F.<computed> (/opt/visual-studio-code/resources/app/out/vs/workbench/api/node/extensionHostProcess.js:134:8315)
    at i.g (/opt/visual-studio-code/resources/app/out/vs/workbench/api/node/extensionHostProcess.js:125:139130)
    at i.executeCommand (/opt/visual-studio-code/resources/app/out/vs/workbench/api/node/extensionHostProcess.js:125:138568)
    at $.registerCommand.description (/opt/visual-studio-code/resources/app/out/vs/workbench/api/node/extensionHostProcess.js:125:137892)
    at i.h (/opt/visual-studio-code/resources/app/out/vs/workbench/api/node/extensionHostProcess.js:125:139669)
    at i.g (/opt/visual-studio-code/resources/app/out/vs/workbench/api/node/extensionHostProcess.js:125:138661)
    at i.executeCommand (/opt/visual-studio-code/resources/app/out/vs/workbench/api/node/extensionHostProcess.js:125:138568)
    at Object.executeCommand (/opt/visual-studio-code/resources/app/out/vs/workbench/api/node/extensionHostProcess.js:140:21329)
    at w (/home/admin/.vscode/extensions/eamodio.gitlens-14.5.2/dist/gitlens.js:1:1112601)
    at l (/home/admin/.vscode/extensions/eamodio.gitlens-14.5.2/dist/gitlens.js:1:1117244)
    at SubscriptionService.updateAccessContext (/home/admin/.vscode/extensions/eamodio.gitlens-14.5.2/dist/gitlens.js:1:476611)
    at /home/admin/.vscode/extensions/eamodio.gitlens-14.5.2/dist/gitlens.js:1:1127447
    at l (/home/admin/.vscode/extensions/eamodio.gitlens-14.5.2/dist/gitlens.js:1:1127460)
    at Timeout.c [as _onTimeout] (/home/admin/.vscode/extensions/eamodio.gitlens-14.5.2/dist/gitlens.js:1:1127330)
    at listOnTimeout (node:internal/timers:569:17)
    at processTimers (node:internal/timers:512:7) setContext undefined
2023-12-05 14:54:48.322 [error] Canceled: Canceled
    at new f (/opt/visual-studio-code/resources/app/out/vs/workbench/api/node/extensionHostProcess.js:125:108614)
    at n.U (/opt/visual-studio-code/resources/app/out/vs/workbench/api/node/extensionHostProcess.js:134:10873)
    at Proxy.F.<computed>.z.charCodeAt.F.<computed> (/opt/visual-studio-code/resources/app/out/vs/workbench/api/node/extensionHostProcess.js:134:8315)
    at i.g (/opt/visual-studio-code/resources/app/out/vs/workbench/api/node/extensionHostProcess.js:125:139130)
    at i.executeCommand (/opt/visual-studio-code/resources/app/out/vs/workbench/api/node/extensionHostProcess.js:125:138568)
    at $.registerCommand.description (/opt/visual-studio-code/resources/app/out/vs/workbench/api/node/extensionHostProcess.js:125:137892)
    at i.h (/opt/visual-studio-code/resources/app/out/vs/workbench/api/node/extensionHostProcess.js:125:139669)
    at i.g (/opt/visual-studio-code/resources/app/out/vs/workbench/api/node/extensionHostProcess.js:125:138661)
    at i.executeCommand (/opt/visual-studio-code/resources/app/out/vs/workbench/api/node/extensionHostProcess.js:125:138568)
    at Object.executeCommand (/opt/visual-studio-code/resources/app/out/vs/workbench/api/node/extensionHostProcess.js:140:21329)
    at w (/home/admin/.vscode/extensions/eamodio.gitlens-14.5.2/dist/gitlens.js:1:1112601)
    at l (/home/admin/.vscode/extensions/eamodio.gitlens-14.5.2/dist/gitlens.js:1:1117244)
    at SubscriptionService.updateAccessContext (/home/admin/.vscode/extensions/eamodio.gitlens-14.5.2/dist/gitlens.js:1:476658)
    at /home/admin/.vscode/extensions/eamodio.gitlens-14.5.2/dist/gitlens.js:1:1127447
    at l (/home/admin/.vscode/extensions/eamodio.gitlens-14.5.2/dist/gitlens.js:1:1127460)
    at Timeout.c [as _onTimeout] (/home/admin/.vscode/extensions/eamodio.gitlens-14.5.2/dist/gitlens.js:1:1127330)
    at listOnTimeout (node:internal/timers:569:17)
    at processTimers (node:internal/timers:512:7) setContext undefined
2023-12-05 14:54:48.433 [error] Canceled: Canceled
    at new f (/opt/visual-studio-code/resources/app/out/vs/workbench/api/node/extensionHostProcess.js:125:108614)
    at n.U (/opt/visual-studio-code/resources/app/out/vs/workbench/api/node/extensionHostProcess.js:134:10873)
    at Proxy.F.<computed>.z.charCodeAt.F.<computed> (/opt/visual-studio-code/resources/app/out/vs/workbench/api/node/extensionHostProcess.js:134:8315)
    at i.g (/opt/visual-studio-code/resources/app/out/vs/workbench/api/node/extensionHostProcess.js:125:139130)
    at i.executeCommand (/opt/visual-studio-code/resources/app/out/vs/workbench/api/node/extensionHostProcess.js:125:138568)
    at $.registerCommand.description (/opt/visual-studio-code/resources/app/out/vs/workbench/api/node/extensionHostProcess.js:125:137892)
    at i.h (/opt/visual-studio-code/resources/app/out/vs/workbench/api/node/extensionHostProcess.js:125:139669)
    at i.g (/opt/visual-studio-code/resources/app/out/vs/workbench/api/node/extensionHostProcess.js:125:138661)
    at i.executeCommand (/opt/visual-studio-code/resources/app/out/vs/workbench/api/node/extensionHostProcess.js:125:138568)
    at Object.executeCommand (/opt/visual-studio-code/resources/app/out/vs/workbench/api/node/extensionHostProcess.js:140:21329)
    at Fpe (/home/admin/.vscode/extensions/ms-vscode-remote.remote-containers-0.321.0/dist/extension/extension.js:369:7558)
    at iWe (/home/admin/.vscode/extensions/ms-vscode-remote.remote-containers-0.321.0/dist/extension/extension.js:393:19829)
    at v.n (/opt/visual-studio-code/resources/app/out/vs/workbench/api/node/extensionHostProcess.js:124:6205)
    at v.m (/opt/visual-studio-code/resources/app/out/vs/workbench/api/node/extensionHostProcess.js:124:6168)
    at v.l (/opt/visual-studio-code/resources/app/out/vs/workbench/api/node/extensionHostProcess.js:124:5625) setContext undefined
2023-12-05 14:54:49.392 [error] Error: Client is not running
    at A.sendRequest (/home/admin/.vscode/extensions/mongodb.mongodb-vscode-1.3.1/dist/extension.js:2:5629631)
    at t.default.activeConnectionChanged (/home/admin/.vscode/extensions/mongodb.mongodb-vscode-1.3.1/dist/extension.js:2:5475303)
    at t.default._activeConnectionChanged (/home/admin/.vscode/extensions/mongodb.mongodb-vscode-1.3.1/dist/extension.js:2:5397835)
    at EventEmitter.<anonymous> (/home/admin/.vscode/extensions/mongodb.mongodb-vscode-1.3.1/dist/extension.js:2:5395962)
    at EventEmitter.emit (node:events:513:28)
    at t.default.disconnect (/home/admin/.vscode/extensions/mongodb.mongodb-vscode-1.3.1/dist/extension.js:2:5358028)
    at t.default.deactivate (/home/admin/.vscode/extensions/mongodb.mongodb-vscode-1.3.1/dist/extension.js:2:5492762)
    at t.default.dispose (/home/admin/.vscode/extensions/mongodb.mongodb-vscode-1.3.1/dist/extension.js:2:5492697)
    at o (/opt/visual-studio-code/resources/app/out/vs/workbench/api/node/extensionHostProcess.js:30:754)
    at h.cb (/opt/visual-studio-code/resources/app/out/vs/workbench/api/node/extensionHostProcess.js:136:9843)
    at /opt/visual-studio-code/resources/app/out/vs/workbench/api/node/extensionHostProcess.js:136:7793
    at Array.map (<anonymous>)
    at h.Y (/opt/visual-studio-code/resources/app/out/vs/workbench/api/node/extensionHostProcess.js:136:7781)
    at h.terminate (/opt/visual-studio-code/resources/app/out/vs/workbench/api/node/extensionHostProcess.js:136:8051)
    at o.terminate (/opt/visual-studio-code/resources/app/out/vs/workbench/api/node/extensionHostProcess.js:140:1513)
    at a (/opt/visual-studio-code/resources/app/out/vs/workbench/api/node/extensionHostProcess.js:153:9817)
    at MessagePortMain.<anonymous> (/opt/visual-studio-code/resources/app/out/vs/workbench/api/node/extensionHostProcess.js:153:6242)
    at MessagePortMain.emit (node:events:513:28)
    at Object.MessagePortMain._internalPort.emit (node:electron/js2c/utility_init:2:367)
2023-12-05 14:54:49.392 [error] Error: Starting server failed
    at A.$start (/home/admin/.vscode/extensions/mongodb.mongodb-vscode-1.3.1/dist/extension.js:2:5645469)
    at A.sendRequest (/home/admin/.vscode/extensions/mongodb.mongodb-vscode-1.3.1/dist/extension.js:2:5629717)
    at t.default.activeConnectionChanged (/home/admin/.vscode/extensions/mongodb.mongodb-vscode-1.3.1/dist/extension.js:2:5475284)
    at t.default._activeConnectionChanged (/home/admin/.vscode/extensions/mongodb.mongodb-vscode-1.3.1/dist/extension.js:2:5397798)
2023-12-05 14:54:49.394 [error] Error: Channel has been closed
    at n (/opt/visual-studio-code/resources/app/out/vs/workbench/api/node/extensionHostProcess.js:135:2880)
    at Object.warn (/opt/visual-studio-code/resources/app/out/vs/workbench/api/node/extensionHostProcess.js:135:3280)
    at o.k (/opt/visual-studio-code/resources/app/extensions/github/dist/extension.js:2:696179)
2023-12-05 14:54:49.401 [error] Error: No provider registered for 'file:///home/admin/repos/JobManager'
    at GitProviderService.getProvider (/home/admin/.vscode/extensions/eamodio.gitlens-14.5.2/dist/gitlens.js:1:405738)
    at GitProviderService.getGitDir (/home/admin/.vscode/extensions/eamodio.gitlens-14.5.2/dist/gitlens.js:1:413406)
    at GitProviderService.A.<computed> (/home/admin/.vscode/extensions/eamodio.gitlens-14.5.2/dist/gitlens.js:1:1122860)
    at M.getGitDir (/home/admin/.vscode/extensions/eamodio.gitlens-14.5.2/dist/gitlens.js:1:988810)
    at M.setupRepoWatchersCore (/home/admin/.vscode/extensions/eamodio.gitlens-14.5.2/dist/gitlens.js:1:984234)
    at M.A.<computed> (/home/admin/.vscode/extensions/eamodio.gitlens-14.5.2/dist/gitlens.js:1:1122860)
    at M.setupRepoWatchers (/home/admin/.vscode/extensions/eamodio.gitlens-14.5.2/dist/gitlens.js:1:983329)
    at new M (/home/admin/.vscode/extensions/eamodio.gitlens-14.5.2/dist/gitlens.js:1:981684)
    at LocalGitProvider.openRepository (/home/admin/.vscode/extensions/eamodio.gitlens-14.5.2/dist/gitlens.js:1:271386)
    at LocalGitProvider.A.<computed> (/home/admin/.vscode/extensions/eamodio.gitlens-14.5.2/dist/gitlens.js:1:1122860)
    at LocalGitProvider.repositorySearch (/home/admin/.vscode/extensions/eamodio.gitlens-14.5.2/dist/gitlens.js:1:274162)
    at processTicksAndRejections (node:internal/process/task_queues:95:5)
    at LocalGitProvider.discoverRepositories (/home/admin/.vscode/extensions/eamodio.gitlens-14.5.2/dist/gitlens.js:1:270832)
    at GitProviderService.discoverRepositoriesCore (/home/admin/.vscode/extensions/eamodio.gitlens-14.5.2/dist/gitlens.js:1:397733)
    at async Promise.allSettled (index 0)
    at GitProviderService.discoverRepositories (/home/admin/.vscode/extensions/eamodio.gitlens-14.5.2/dist/gitlens.js:1:397343)
2023-12-05 14:54:49.401 [error] Error: Channel has been closed
    at s (/opt/visual-studio-code/resources/app/out/vs/workbench/api/node/extensionHostProcess.js:135:2490)
    at Object.appendLine (/opt/visual-studio-code/resources/app/out/vs/workbench/api/node/extensionHostProcess.js:135:2608)
    at Logger2.error (/home/admin/.vscode/extensions/eamodio.gitlens-14.5.2/dist/gitlens.js:1:1131766)
    at LocalGitProvider.getOrOpenScmRepository (/home/admin/.vscode/extensions/eamodio.gitlens-14.5.2/dist/gitlens.js:1:338163)
    at processTicksAndRejections (node:internal/process/task_queues:95:5)
2023-12-05 14:54:49.482 [error] Error: Channel has been closed
    at s (/opt/visual-studio-code/resources/app/out/vs/workbench/api/node/extensionHostProcess.js:135:2490)
    at Object.appendLine (/opt/visual-studio-code/resources/app/out/vs/workbench/api/node/extensionHostProcess.js:135:2608)
    at Logger2.error (/home/admin/.vscode/extensions/eamodio.gitlens-14.5.2/dist/gitlens.js:1:1131766)
    at LocalGitProvider.getOrOpenScmRepository (/home/admin/.vscode/extensions/eamodio.gitlens-14.5.2/dist/gitlens.js:1:338163)
2023-12-05 14:54:49.482 [error] Error: No provider registered for 'file:///home/admin/repos/JobManager/src/routes/(app)/+layout.svelte'
    at GitProviderService.getProvider (/home/admin/.vscode/extensions/eamodio.gitlens-14.5.2/dist/gitlens.js:1:405738)
    at GitProviderService.isTracked (/home/admin/.vscode/extensions/eamodio.gitlens-14.5.2/dist/gitlens.js:1:422218)
    at TrackedDocument.update (/home/admin/.vscode/extensions/eamodio.gitlens-14.5.2/dist/gitlens.js:1:1159697)
    at TrackedDocument.initialize (/home/admin/.vscode/extensions/eamodio.gitlens-14.5.2/dist/gitlens.js:1:1157812)
    at Function.create (/home/admin/.vscode/extensions/eamodio.gitlens-14.5.2/dist/gitlens.js:1:1157448)
2023-12-05 14:54:49.482 [error] Error: No provider registered for 'file:///home/admin/repos/JobManager/src/routes/(app)/+layout.svelte'
    at GitProviderService.getProvider (/home/admin/.vscode/extensions/eamodio.gitlens-14.5.2/dist/gitlens.js:1:405738)
    at GitProviderService.isTracked (/home/admin/.vscode/extensions/eamodio.gitlens-14.5.2/dist/gitlens.js:1:422218)
    at TrackedDocument.update (/home/admin/.vscode/extensions/eamodio.gitlens-14.5.2/dist/gitlens.js:1:1159697)
    at TrackedDocument.initialize (/home/admin/.vscode/extensions/eamodio.gitlens-14.5.2/dist/gitlens.js:1:1157812)
    at Function.create (/home/admin/.vscode/extensions/eamodio.gitlens-14.5.2/dist/gitlens.js:1:1157448)
2023-12-05 14:54:49.482 [error] Error: No provider registered for 'file:///home/admin/repos/JobManager/src/routes/(app)/+layout.svelte'
    at GitProviderService.getProvider (/home/admin/.vscode/extensions/eamodio.gitlens-14.5.2/dist/gitlens.js:1:405738)
    at GitProviderService.isTracked (/home/admin/.vscode/extensions/eamodio.gitlens-14.5.2/dist/gitlens.js:1:422218)
    at TrackedDocument.update (/home/admin/.vscode/extensions/eamodio.gitlens-14.5.2/dist/gitlens.js:1:1159697)
    at TrackedDocument.initialize (/home/admin/.vscode/extensions/eamodio.gitlens-14.5.2/dist/gitlens.js:1:1157812)
    at Function.create (/home/admin/.vscode/extensions/eamodio.gitlens-14.5.2/dist/gitlens.js:1:1157448)
2023-12-05 14:54:49.482 [error] Error: No provider registered for 'file:///home/admin/repos/JobManager'
    at GitProviderService.getProvider (/home/admin/.vscode/extensions/eamodio.gitlens-14.5.2/dist/gitlens.js:1:405738)
    at GitProviderService.getRemotes (/home/admin/.vscode/extensions/eamodio.gitlens-14.5.2/dist/gitlens.js:1:417087)
    at GitProviderService.A.<computed> (/home/admin/.vscode/extensions/eamodio.gitlens-14.5.2/dist/gitlens.js:1:1122860)
    at M.getRemotes (/home/admin/.vscode/extensions/eamodio.gitlens-14.5.2/dist/gitlens.js:1:989485)
    at Timeout._onTimeout (/home/admin/.vscode/extensions/eamodio.gitlens-14.5.2/dist/gitlens.js:1:390353)
    at listOnTimeout (node:internal/timers:569:17)
    at processTimers (node:internal/timers:512:7)
2023-12-05 14:54:50.235 [error] Error: Stopping the server timed out
    at /home/admin/.vscode/extensions/svelte.svelte-vscode-108.1.0/node_modules/vscode-languageclient/lib/common/client.js:933:23
    at runNextTicks (node:internal/process/task_queues:60:5)
    at processTimers (node:internal/timers:509:9)
    at async Promise.all (index 19)
    at h.Y (/opt/visual-studio-code/resources/app/out/vs/workbench/api/node/extensionHostProcess.js:136:7807)
2023-12-05 14:54:50.235 [info] Extension host with pid 58317 exiting with code 0
