2023-09-01T13:59:04.334Z extension INFO  Activating extension... [
  {
    id: 'mongodb.mongodb-vscode',
    version: '1.2.1',
    mode: 'Production',
    kind: 'UI',
    extensionPath: '/home/admin/.vscode/extensions/mongodb.mongodb-vscode-1.2.1',
    logPath: '/home/admin/.config/Code/logs/20230828T175244/window1/exthost/mongodb.mongodb-vscode',
    workspaceStoragePath: '/home/admin/.config/Code/User/workspaceStorage/51e140b9c9b8d676963fe0e4358d1b56/mongodb.mongodb-vscode',
    globalStoragePath: '/home/admin/.config/Code/User/globalStorage/mongodb.mongodb-vscode',
    defaultConnectionSavingLocation: 'Global',
    buildInfo: {
      nodeVersion: 'v16.17.1',
      runtimePlatform: 'linux',
      runtimeArch: 'x64'
    }
  }
]

2023-09-01T13:59:04.335Z telemetry INFO  SegmentKey was found [ { type: 'string' } ]

2023-09-01T13:59:04.336Z language server controller INFO  Creating MongoDB Language Server... [
  {
    extensionPath: '/home/admin/.vscode/extensions/mongodb.mongodb-vscode-1.2.1',
    languageServer: {
      id: 'mongodbLanguageServer',
      name: 'MongoDB Language Server',
      path: '/home/admin/.vscode/extensions/mongodb.mongodb-vscode-1.2.1/dist/languageServer.js',
      documentSelector: '[{"pattern":"**/*.mongodb.js"},{"pattern":"**/*.mongodb"}]'
    }
  }
]

2023-09-01T13:59:04.347Z telemetry INFO  Segment analytics activated [ { anonymousId: '44b538f3-f0e5-46fd-ac0f-86ee91251041' } ]

2023-09-01T13:59:04.351Z language server controller INFO  Starting the language server... []

2023-09-01T13:59:04.940Z webview controller INFO  Opening webview... []

2023-09-01T13:59:04.942Z language server controller INFO  MongoDBService initialized. Sending default settings... {"extensionPath":"/home/admin/.vscode/extensions/mongodb.mongodb-vscode-1.2.1","connectionId":null,"hasConnectionString":false,"hasConnectionOptions":false} []

2023-09-01T13:59:15.698Z telemetry INFO  Telemetry sent [
  {
    anonymousId: '44b538f3-f0e5-46fd-ac0f-86ee91251041',
    event: 'Command Run',
    properties: { command: 'mdb.openOverviewPage', extension_version: '1.2.1' }
  }
]

2023-09-01T18:45:31.469Z extension INFO  Deactivating extension... []

2023-09-01T18:45:31.469Z connection controller INFO  Disconnect called, currently connected to [ null ]

2023-09-01T18:45:31.470Z language server controller INFO  Changing MongoDBService active connection... [ { connectionId: null } ]

2023-09-01T18:45:31.518Z connection controller INFO  Disconnect called, currently connected to [ null ]

2023-09-01T18:45:31.518Z language server controller INFO  Changing MongoDBService active connection... [ { connectionId: null } ]

2023-09-01T18:45:31.539Z language server controller INFO  Deactivating the language server... []

2023-09-01T18:45:31.539Z language server controller INFO  Deactivating the language server... []

