2023-11-27 19:08:11.836 [info] Log level: Info
2023-11-27 19:08:11.836 [info] Validating found git in: "git"
2023-11-27 19:08:11.836 [info] Using git "2.42.0" from "git"
2023-11-27 19:08:11.836 [info] > git rev-parse --show-toplevel [84ms]
2023-11-27 19:08:11.839 [info] > git rev-parse --git-dir --git-common-dir [6ms]
2023-11-27 19:08:11.889 [info] Open repository: /home/admin/repos/JobManager
2023-11-27 19:08:11.983 [info] > git config --get commit.template [68ms]
2023-11-27 19:08:12.292 [info] > git rev-parse --show-toplevel [310ms]
2023-11-27 19:08:12.292 [info] > git fetch [403ms]
2023-11-27 19:08:12.292 [info] fatal: unable to access 'https://github.com/MrG4ming/JobManager.git/': Could not resolve host: github.com
2023-11-27 19:08:12.333 [info] > git config --get commit.template [20ms]
2023-11-27 19:08:12.333 [info] > git for-each-ref --format=%(refname)%00%(upstream:short)%00%(objectname)%00%(upstream:track)%00%(upstream:remotename)%00%(upstream:remoteref) refs/heads/main refs/remotes/main [30ms]
2023-11-27 19:08:13.094 [info] > git check-ignore -v -z --stdin [82ms]
2023-11-27 19:08:13.096 [info] > git config --get commit.template [747ms]
2023-11-27 19:08:13.571 [info] > git for-each-ref --format=%(refname)%00%(upstream:short)%00%(objectname)%00%(upstream:track)%00%(upstream:remotename)%00%(upstream:remoteref) refs/heads/main refs/remotes/main [499ms]
2023-11-27 19:08:13.572 [info] > git rev-parse --show-toplevel [514ms]
2023-11-27 19:08:13.823 [info] > git for-each-ref --format=%(refname)%00%(upstream:short)%00%(objectname)%00%(upstream:track)%00%(upstream:remotename)%00%(upstream:remoteref) refs/heads/main refs/remotes/main [43ms]
2023-11-27 19:08:13.866 [info] > git status -z -uall [5ms]
2023-11-27 19:08:14.058 [info] > git rev-parse --show-toplevel [68ms]
2023-11-27 19:08:14.251 [info] > git rev-parse --show-toplevel [28ms]
2023-11-27 19:08:14.369 [info] > git rev-parse --show-toplevel [59ms]
2023-11-27 19:08:14.512 [info] > git show --textconv :src/db/jobs.ts [46ms]
2023-11-27 19:08:14.549 [info] > git ls-files --stage -- /home/admin/repos/JobManager/src/db/jobs.ts [50ms]
2023-11-27 19:08:14.621 [info] > git cat-file -s 87736ed0953f08db2bd017f84ce8cdd62dd073ad [50ms]
2023-11-27 19:08:14.974 [info] > git config --local branch.main.github-pr-owner-number [64ms]
2023-11-27 19:08:15.010 [info] > git config --get commit.template [1ms]
2023-11-27 19:08:15.032 [info] > git for-each-ref --format=%(refname)%00%(upstream:short)%00%(objectname)%00%(upstream:track)%00%(upstream:remotename)%00%(upstream:remoteref) refs/heads/main refs/remotes/main [4ms]
2023-11-27 19:08:15.047 [info] > git status -z -uall [3ms]
2023-11-27 19:11:13.591 [info] > git fetch [10ms]
2023-11-27 19:11:13.591 [info] fatal: unable to access 'https://github.com/MrG4ming/JobManager.git/': Could not resolve host: github.com
2023-11-27 19:11:13.606 [info] > git config --get commit.template [8ms]
2023-11-27 19:11:13.607 [info] > git for-each-ref --format=%(refname)%00%(upstream:short)%00%(objectname)%00%(upstream:track)%00%(upstream:remotename)%00%(upstream:remoteref) refs/heads/main refs/remotes/main [2ms]
2023-11-27 19:11:13.616 [info] > git status -z -uall [2ms]
2023-11-27 19:11:14.692 [info] > git config --get commit.template [1ms]
2023-11-27 19:11:14.701 [info] > git for-each-ref --format=%(refname)%00%(upstream:short)%00%(objectname)%00%(upstream:track)%00%(upstream:remotename)%00%(upstream:remoteref) refs/heads/main refs/remotes/main [1ms]
2023-11-27 19:11:14.710 [info] > git status -z -uall [2ms]
2023-11-27 19:11:14.793 [info] > git ls-files --stage -- /home/admin/repos/JobManager/src/db/jobs.ts [1ms]
2023-11-27 19:11:14.802 [info] > git cat-file -s 87736ed0953f08db2bd017f84ce8cdd62dd073ad [1ms]
2023-11-27 19:11:14.812 [info] > git show --textconv :src/db/jobs.ts [1ms]
