2024-02-06 20:19:48.412 [info] Added views:workbench.panel.markers.view in workbench.panel.markers
2024-02-06 20:19:48.412 [info] Added views:workbench.panel.output in workbench.panel.output
2024-02-06 20:19:48.412 [info] Added views:terminal in terminal
2024-02-06 20:19:48.412 [info] Added views:outline in workbench.view.explorer
2024-02-06 20:19:48.412 [info] Added views:workbench.scm in workbench.view.scm
2024-02-06 20:19:48.412 [info] Added views:workbench.view.search in workbench.view.search
2024-02-06 20:19:48.412 [info] Added views:timeline in workbench.view.explorer
2024-02-06 20:19:48.412 [info] Added views:workbench.explorer.fileView in workbench.view.explorer
2024-02-06 20:19:48.860 [info] Added views:workbench.debug.welcome in workbench.view.debug
2024-02-06 20:19:50.565 [info] Added views:gitlens.views.home,gitlens.views.drafts,gitlens.views.workspaces,gitlens.views.account in workbench.view.extension.gitlens
2024-02-06 20:19:50.565 [info] Added views:gitlens.views.commitDetails,gitlens.views.lineHistory,gitlens.views.fileHistory,gitlens.views.searchAndCompare in workbench.view.extension.gitlensInspect
2024-02-06 20:19:50.566 [info] Added views:gitlens.views.commits,gitlens.views.branches,gitlens.views.remotes,gitlens.views.stashes,gitlens.views.tags,gitlens.views.contributors in workbench.view.scm
2024-02-06 20:19:50.602 [info] Added views:dockerExplorerContainers,dockerExplorerImages,azureRegistries,DockerHubTreeView,suggestedDockerImages in workbench.view.explorer
2024-02-06 20:19:50.603 [info] Added views:pr:github,issues:github in workbench.view.extension.github-pull-requests
2024-02-06 20:19:50.606 [info] Added views:mongoDBConnectionExplorer,mongoDBPlaygroundsExplorer,mongoDBHelpExplorer in workbench.view.extension.mongoDB
2024-02-06 20:19:50.607 [info] Added views:dockerContainers,dockerImages,dockerRegistries,dockerNetworks,dockerVolumes,vscode-docker.views.dockerContexts,vscode-docker.views.help in workbench.view.extension.dockerView
2024-02-06 20:19:50.608 [info] Added views:targetsContainers,devVolumes in workbench.view.remote
2024-02-06 20:19:50.612 [info] Added views:vscode-serial-monitor.monitor0 in workbench.view.extension.vscode-serial-monitor-tools
2024-02-06 20:19:51.190 [info] Added views:workbench.panel.repl.view in workbench.panel.repl
2024-02-06 20:19:52.981 [info] Added views:~remote.forwardedPorts in ~remote.forwardedPortsContainer
2024-02-06 20:20:00.005 [info] Added views:gitlens.views.graph,gitlens.views.graphDetails in workbench.view.extension.gitlensPanel
2024-02-06 20:20:00.005 [info] Added views:gitlens.views.timeline in workbench.view.extension.gitlensInspect
2024-02-06 20:20:00.007 [info] Added views:gitlens.views.worktrees in workbench.view.scm
2024-02-06 20:20:01.978 [info] Added views:workbench.panel.comments in workbench.panel.comments
2024-02-06 20:20:02.789 [info] Added views:github:activePullRequest:welcome in workbench.view.extension.github-pull-request
2024-02-06 20:20:02.808 [info] Removed views:github:activePullRequest:welcome from workbench.view.extension.github-pull-request
