2024-02-06 20:19:49.539 [info] Using settings sync service https://vscode-sync.trafficmanager.net/
2024-02-06 20:19:49.539 [info] Auto Sync is enabled.
2024-02-06 20:19:49.539 [info] Auto Sync: Suspended until auth token is available.
2024-02-06 20:19:50.089 [info] Deleting non existing profile from backup /home/admin/.config/Code/User/sync/extensions
2024-02-06 20:19:50.601 [info] Deleting non existing profile from backup /home/admin/.config/Code/User/sync/globalState
2024-02-06 20:19:51.017 [info] Deleting non existing profile from backup /home/admin/.config/Code/User/sync/keybindings
2024-02-06 20:19:51.826 [info] Deleting non existing profile from backup /home/admin/.config/Code/User/sync/profiles
2024-02-06 20:19:52.476 [info] Deleting non existing profile from backup /home/admin/.config/Code/User/sync/settings
2024-02-06 20:19:53.004 [info] Deleting non existing profile from backup /home/admin/.config/Code/User/sync/snippets
2024-02-06 20:19:53.315 [info] Deleting non existing profile from backup /home/admin/.config/Code/User/sync/tasks
2024-02-06 20:19:57.843 [info] Auto Sync: Triggered by Interval
2024-02-06 20:19:57.844 [info] Sync started.
2024-02-06 20:20:00.326 [info] Settings: Last sync resource does not exist locally.
2024-02-06 20:20:04.417 [info] Settings: No changes found during synchronizing settings.
2024-02-06 20:20:05.729 [info] Keybindings: Last sync resource does not exist locally.
2024-02-06 20:20:06.999 [info] Keybindings: No changes found during synchronizing keybindings.
2024-02-06 20:20:07.416 [info] Snippets: Last sync resource does not exist locally.
2024-02-06 20:20:08.128 [info] Snippets: No changes found during synchronizing snippets.
2024-02-06 20:20:08.181 [info] Tasks: Last sync resource does not exist locally.
2024-02-06 20:20:08.266 [info] Tasks: No changes found during synchronizing tasks.
2024-02-06 20:20:08.269 [info] GlobalState: Last sync resource does not exist locally.
2024-02-06 20:20:09.003 [info] Extensions: Last sync resource does not exist locally.
2024-02-06 20:20:09.277 [info] GlobalState: Updated remote ui state. Added: workbench.activityBar.location. Updated: workbench.activity.pinnedViewlets2,cpp.1.lastSessionDate,cpp.1.sessionCount,java.2.lastSessionDate,java.2.sessionCount,typescript.1.lastSessionDate,typescript.1.sessionCount,csharp.1.lastSessionDate,csharp.1.sessionCount.
2024-02-06 20:20:09.324 [info] GlobalState: Updated last synchronized ui state
2024-02-06 20:20:09.617 [info] Extensions: No changes found during synchronizing extensions.
2024-02-06 20:20:09.627 [info] Profiles: Last sync resource does not exist locally.
2024-02-06 20:20:09.715 [info] Profiles: No changes found during synchronizing profiles.
2024-02-06 20:20:09.717 [info] Sync done. Took 11875ms
2024-02-06 20:20:11.862 [info] Auto Sync: Triggered by Activity
2024-02-06 20:20:11.863 [info] Sync started.
2024-02-06 20:20:11.983 [info] Settings: No changes found during synchronizing settings.
2024-02-06 20:20:12.026 [info] Keybindings: No changes found during synchronizing keybindings.
2024-02-06 20:20:12.049 [info] Snippets: No changes found during synchronizing snippets.
2024-02-06 20:20:12.062 [info] Tasks: No changes found during synchronizing tasks.
2024-02-06 20:20:12.078 [info] GlobalState: No changes found during synchronizing ui state.
2024-02-06 20:20:12.480 [info] Extensions: No changes found during synchronizing extensions.
2024-02-06 20:20:12.491 [info] Profiles: No changes found during synchronizing profiles.
2024-02-06 20:20:12.500 [info] Sync done. Took 643ms
2024-02-06 20:20:19.509 [info] Auto Sync: Triggered by Activity
2024-02-06 20:20:19.510 [info] Sync started.
2024-02-06 20:20:19.576 [info] Settings: No changes found during synchronizing settings.
2024-02-06 20:20:19.583 [info] Keybindings: No changes found during synchronizing keybindings.
2024-02-06 20:20:19.593 [info] Snippets: No changes found during synchronizing snippets.
2024-02-06 20:20:19.598 [info] Tasks: No changes found during synchronizing tasks.
2024-02-06 20:20:19.614 [info] GlobalState: No changes found during synchronizing ui state.
2024-02-06 20:20:20.230 [info] Extensions: Updated remote extensions. Added: ["ms-python.debugpy"]. Updated: ["eamodio.gitlens"].
2024-02-06 20:20:20.236 [info] Extensions: Updated last synchronized extensions.
2024-02-06 20:20:20.241 [info] Profiles: No changes found during synchronizing profiles.
2024-02-06 20:20:20.245 [info] Sync done. Took 737ms
2024-02-06 20:24:50.137 [info] Auto Sync: Triggered by Activity
2024-02-06 20:24:50.137 [info] Sync started.
2024-02-06 20:24:50.591 [info] Settings: No changes found during synchronizing settings.
2024-02-06 20:24:50.604 [info] Keybindings: No changes found during synchronizing keybindings.
2024-02-06 20:24:50.617 [info] Snippets: No changes found during synchronizing snippets.
2024-02-06 20:24:50.627 [info] Tasks: No changes found during synchronizing tasks.
2024-02-06 20:24:50.633 [info] GlobalState: No changes found during synchronizing ui state.
2024-02-06 20:24:50.843 [info] Extensions: No changes found during synchronizing extensions.
2024-02-06 20:24:50.845 [info] Profiles: No changes found during synchronizing profiles.
2024-02-06 20:24:50.847 [info] Sync done. Took 710ms
2024-02-06 20:26:51.465 [info] Auto Sync: Triggered by Activity
2024-02-06 20:26:51.465 [info] Sync started.
2024-02-06 20:26:51.526 [info] Settings: No changes found during synchronizing settings.
2024-02-06 20:26:51.529 [info] Keybindings: No changes found during synchronizing keybindings.
2024-02-06 20:26:51.538 [info] Snippets: No changes found during synchronizing snippets.
2024-02-06 20:26:51.543 [info] Tasks: No changes found during synchronizing tasks.
2024-02-06 20:26:51.551 [info] GlobalState: No changes found during synchronizing ui state.
2024-02-06 20:26:51.738 [info] Extensions: No changes found during synchronizing extensions.
2024-02-06 20:26:51.741 [info] Profiles: No changes found during synchronizing profiles.
2024-02-06 20:26:51.743 [info] Sync done. Took 278ms
2024-02-26 21:52:57.912 [info] Auto Sync: Triggered by Activity
2024-02-26 21:52:57.913 [info] Sync started.
2024-02-26 21:52:58.360 [info] Settings: No changes found during synchronizing settings.
2024-02-26 21:52:58.375 [info] Keybindings: No changes found during synchronizing keybindings.
2024-02-26 21:52:58.380 [info] Snippets: No changes found during synchronizing snippets.
2024-02-26 21:52:58.385 [info] Tasks: No changes found during synchronizing tasks.
2024-02-26 21:52:58.508 [info] GlobalState: Updated global state ["workbench.activity.pinnedViewlets2","workbench.statusbar.hidden","workbench.panel.pinnedPanels","cpp.1.lastSessionDate","cpp.1.sessionCount","java.2.lastSessionDate","java.2.sessionCount","typescript.1.lastSessionDate","typescript.1.sessionCount","csharp.1.lastSessionDate","csharp.1.sessionCount"]
2024-02-26 21:52:58.508 [info] GlobalState: Updated local ui state
2024-02-26 21:52:58.518 [info] GlobalState: Updated last synchronized ui state
2024-02-26 21:52:59.649 [info] Extensions: Updated last synchronized extensions.
2024-02-26 21:52:59.655 [info] Profiles: No changes found during synchronizing profiles.
2024-02-26 21:52:59.661 [info] Sync done. Took 1748ms
