2023-12-05 14:54:41.361 [info] Extension host with pid 58318 started
2023-12-05 14:54:41.361 [info] Skipping acquiring lock for /home/admin/.config/Code/User/workspaceStorage/9889c599f0cd9534387c7db4a73c2cfc.
2023-12-05 14:54:41.832 [info] ExtensionService#_doActivateExtension mongodb.mongodb-vscode, startup: false, activationEvent: 'onLanguage:plaintext'
2023-12-05 14:54:43.303 [info] ExtensionService#_doActivateExtension vscode.emmet, startup: false, activationEvent: 'onLanguage'
2023-12-05 14:54:43.337 [info] ExtensionService#_doActivateExtension ardenivanov.svelte-intellisense, startup: false, activationEvent: 'onLanguage:svelte'
2023-12-05 14:54:43.410 [info] ExtensionService#_doActivateExtension phoenisx.cssvar, startup: false, activationEvent: 'onLanguage:svelte'
2023-12-05 14:54:43.420 [info] ExtensionService#_doActivateExtension svelte.svelte-vscode, startup: false, activationEvent: 'onLanguage:svelte'
2023-12-05 14:54:43.705 [info] ExtensionService#_doActivateExtension vscode.git-base, startup: true, activationEvent: '*', root cause: vscode.git
2023-12-05 14:54:43.709 [info] ExtensionService#_doActivateExtension christian-kohler.path-intellisense, startup: true, activationEvent: '*'
2023-12-05 14:54:43.771 [info] ExtensionService#_doActivateExtension ecmel.vscode-html-css, startup: true, activationEvent: '*'
2023-12-05 14:54:43.858 [info] ExtensionService#_doActivateExtension formulahendry.auto-rename-tag, startup: true, activationEvent: '*'
2023-12-05 14:54:43.880 [info] ExtensionService#_doActivateExtension vscode.npm, startup: true, activationEvent: 'workspaceContains:package.json'
2023-12-05 14:54:44.723 [info] ExtensionService#_doActivateExtension vscode.git, startup: true, activationEvent: '*'
2023-12-05 14:54:44.810 [info] ExtensionService#_doActivateExtension vscode.github, startup: true, activationEvent: '*'
2023-12-05 14:54:44.909 [info] ExtensionService#_doActivateExtension vscode.typescript-language-features, startup: false, activationEvent: 'onCommand:_typescript.configurePlugin'
2023-12-05 14:54:45.848 [info] Eager extensions activated
2023-12-05 14:54:46.310 [info] ExtensionService#_doActivateExtension vscode.debug-auto-launch, startup: false, activationEvent: 'onStartupFinished'
2023-12-05 14:54:46.317 [info] ExtensionService#_doActivateExtension vscode.merge-conflict, startup: false, activationEvent: 'onStartupFinished'
2023-12-05 14:54:46.368 [info] ExtensionService#_doActivateExtension bradlc.vscode-tailwindcss, startup: false, activationEvent: 'onStartupFinished'
2023-12-05 14:54:46.414 [info] ExtensionService#_doActivateExtension eamodio.gitlens, startup: false, activationEvent: 'onStartupFinished'
2023-12-05 14:54:46.510 [info] ExtensionService#_doActivateExtension esbenp.prettier-vscode, startup: false, activationEvent: 'onStartupFinished'
2023-12-05 14:54:46.575 [info] ExtensionService#_doActivateExtension vscode.github-authentication, startup: false, activationEvent: 'onStartupFinished', root cause: GitHub.vscode-pull-request-github
2023-12-05 14:54:46.668 [info] ExtensionService#_doActivateExtension ms-vscode-remote.remote-containers, startup: false, activationEvent: 'onStartupFinished'
2023-12-05 14:54:46.775 [info] ExtensionService#_doActivateExtension ms-vscode-remote.remote-wsl, startup: false, activationEvent: 'onStartupFinished'
2023-12-05 14:54:46.807 [info] ExtensionService#_doActivateExtension zhuangtongfa.material-theme, startup: false, activationEvent: 'onStartupFinished'
2023-12-05 14:54:47.622 [info] ExtensionService#_doActivateExtension GitHub.vscode-pull-request-github, startup: false, activationEvent: 'onStartupFinished'
2023-12-05 14:54:52.279 [info] ExtensionService#_doActivateExtension vscode.json-language-features, startup: false, activationEvent: 'onLanguage:jsonc'
2023-12-05 14:55:04.629 [info] Extension host terminating: renderer closed the MessagePort
2023-12-05 14:55:04.678 [warning] Canceled
2023-12-05 14:55:04.682 [error] Canceled: Canceled
    at new f (/opt/visual-studio-code/resources/app/out/vs/workbench/api/node/extensionHostProcess.js:125:108614)
    at n.U (/opt/visual-studio-code/resources/app/out/vs/workbench/api/node/extensionHostProcess.js:134:10873)
    at Proxy.F.<computed>.z.charCodeAt.F.<computed> (/opt/visual-studio-code/resources/app/out/vs/workbench/api/node/extensionHostProcess.js:134:8315)
    at i.g (/opt/visual-studio-code/resources/app/out/vs/workbench/api/node/extensionHostProcess.js:125:139130)
    at i.executeCommand (/opt/visual-studio-code/resources/app/out/vs/workbench/api/node/extensionHostProcess.js:125:138568)
    at $.registerCommand.description (/opt/visual-studio-code/resources/app/out/vs/workbench/api/node/extensionHostProcess.js:125:137892)
    at i.h (/opt/visual-studio-code/resources/app/out/vs/workbench/api/node/extensionHostProcess.js:125:139669)
    at i.g (/opt/visual-studio-code/resources/app/out/vs/workbench/api/node/extensionHostProcess.js:125:138661)
    at i.executeCommand (/opt/visual-studio-code/resources/app/out/vs/workbench/api/node/extensionHostProcess.js:125:138568)
    at Object.executeCommand (/opt/visual-studio-code/resources/app/out/vs/workbench/api/node/extensionHostProcess.js:140:21329)
    at h.D [as value] (/opt/visual-studio-code/resources/app/extensions/git/dist/main.js:2:1316925)
    at c.y (/opt/visual-studio-code/resources/app/out/vs/workbench/api/node/extensionHostProcess.js:80:1902)
    at c.z (/opt/visual-studio-code/resources/app/out/vs/workbench/api/node/extensionHostProcess.js:80:1972)
    at c.fire (/opt/visual-studio-code/resources/app/out/vs/workbench/api/node/extensionHostProcess.js:80:2188)
    at Object.m [as dispose] (/opt/visual-studio-code/resources/app/extensions/git/dist/main.js:2:1332842)
    at /opt/visual-studio-code/resources/app/extensions/git/dist/main.js:2:1337795
    at Array.forEach (<anonymous>)
    at g.dispose (/opt/visual-studio-code/resources/app/extensions/git/dist/main.js:2:1337781)
    at v.<anonymous> (/opt/visual-studio-code/resources/app/out/vs/workbench/api/node/extensionHostProcess.js:121:3572)
    at v.dispose (/opt/visual-studio-code/resources/app/out/vs/workbench/api/node/extensionHostProcess.js:121:3669)
    at v.<anonymous> (/opt/visual-studio-code/resources/app/extensions/git/dist/main.js:2:1318937)
    at v.dispose (/opt/visual-studio-code/resources/app/out/vs/workbench/api/node/extensionHostProcess.js:121:3669)
    at o (/opt/visual-studio-code/resources/app/out/vs/workbench/api/node/extensionHostProcess.js:30:754)
    at h.cb (/opt/visual-studio-code/resources/app/out/vs/workbench/api/node/extensionHostProcess.js:136:9843)
    at /opt/visual-studio-code/resources/app/out/vs/workbench/api/node/extensionHostProcess.js:136:7793
    at Array.map (<anonymous>)
    at h.Y (/opt/visual-studio-code/resources/app/out/vs/workbench/api/node/extensionHostProcess.js:136:7781)
    at h.terminate (/opt/visual-studio-code/resources/app/out/vs/workbench/api/node/extensionHostProcess.js:136:8051)
    at o.terminate (/opt/visual-studio-code/resources/app/out/vs/workbench/api/node/extensionHostProcess.js:140:1513)
    at a (/opt/visual-studio-code/resources/app/out/vs/workbench/api/node/extensionHostProcess.js:153:9817)
    at MessagePortMain.<anonymous> (/opt/visual-studio-code/resources/app/out/vs/workbench/api/node/extensionHostProcess.js:153:6242)
    at MessagePortMain.emit (node:events:513:28)
    at Object.MessagePortMain._internalPort.emit (node:electron/js2c/utility_init:2:367) setContext undefined
2023-12-05 14:55:04.682 [error] Canceled: Canceled
    at new f (/opt/visual-studio-code/resources/app/out/vs/workbench/api/node/extensionHostProcess.js:125:108614)
    at n.U (/opt/visual-studio-code/resources/app/out/vs/workbench/api/node/extensionHostProcess.js:134:10873)
    at Proxy.F.<computed>.z.charCodeAt.F.<computed> (/opt/visual-studio-code/resources/app/out/vs/workbench/api/node/extensionHostProcess.js:134:8315)
    at i.g (/opt/visual-studio-code/resources/app/out/vs/workbench/api/node/extensionHostProcess.js:125:139130)
    at i.executeCommand (/opt/visual-studio-code/resources/app/out/vs/workbench/api/node/extensionHostProcess.js:125:138568)
    at $.registerCommand.description (/opt/visual-studio-code/resources/app/out/vs/workbench/api/node/extensionHostProcess.js:125:137892)
    at i.h (/opt/visual-studio-code/resources/app/out/vs/workbench/api/node/extensionHostProcess.js:125:139669)
    at i.g (/opt/visual-studio-code/resources/app/out/vs/workbench/api/node/extensionHostProcess.js:125:138661)
    at i.executeCommand (/opt/visual-studio-code/resources/app/out/vs/workbench/api/node/extensionHostProcess.js:125:138568)
    at Object.executeCommand (/opt/visual-studio-code/resources/app/out/vs/workbench/api/node/extensionHostProcess.js:140:21329)
    at t.$D.set b [as b] (/opt/visual-studio-code/resources/app/extensions/github/dist/extension.js:2:714708)
    at /opt/visual-studio-code/resources/app/extensions/github/dist/extension.js:2:715349
    at h.value (/opt/visual-studio-code/resources/app/extensions/git/dist/main.js:2:1408111)
    at c.y (/opt/visual-studio-code/resources/app/out/vs/workbench/api/node/extensionHostProcess.js:80:1902)
    at c.z (/opt/visual-studio-code/resources/app/out/vs/workbench/api/node/extensionHostProcess.js:80:1972)
    at c.fire (/opt/visual-studio-code/resources/app/out/vs/workbench/api/node/extensionHostProcess.js:80:2188)
    at Object.m [as dispose] (/opt/visual-studio-code/resources/app/extensions/git/dist/main.js:2:1332842)
    at /opt/visual-studio-code/resources/app/extensions/git/dist/main.js:2:1337795
    at Array.forEach (<anonymous>)
    at g.dispose (/opt/visual-studio-code/resources/app/extensions/git/dist/main.js:2:1337781)
    at v.<anonymous> (/opt/visual-studio-code/resources/app/out/vs/workbench/api/node/extensionHostProcess.js:121:3572)
    at v.dispose (/opt/visual-studio-code/resources/app/out/vs/workbench/api/node/extensionHostProcess.js:121:3669)
    at v.<anonymous> (/opt/visual-studio-code/resources/app/extensions/git/dist/main.js:2:1318937)
    at v.dispose (/opt/visual-studio-code/resources/app/out/vs/workbench/api/node/extensionHostProcess.js:121:3669)
    at o (/opt/visual-studio-code/resources/app/out/vs/workbench/api/node/extensionHostProcess.js:30:754)
    at h.cb (/opt/visual-studio-code/resources/app/out/vs/workbench/api/node/extensionHostProcess.js:136:9843)
    at /opt/visual-studio-code/resources/app/out/vs/workbench/api/node/extensionHostProcess.js:136:7793
    at Array.map (<anonymous>)
    at h.Y (/opt/visual-studio-code/resources/app/out/vs/workbench/api/node/extensionHostProcess.js:136:7781)
    at h.terminate (/opt/visual-studio-code/resources/app/out/vs/workbench/api/node/extensionHostProcess.js:136:8051)
    at o.terminate (/opt/visual-studio-code/resources/app/out/vs/workbench/api/node/extensionHostProcess.js:140:1513)
    at a (/opt/visual-studio-code/resources/app/out/vs/workbench/api/node/extensionHostProcess.js:153:9817)
    at MessagePortMain.<anonymous> (/opt/visual-studio-code/resources/app/out/vs/workbench/api/node/extensionHostProcess.js:153:6242)
    at MessagePortMain.emit (node:events:513:28)
    at Object.MessagePortMain._internalPort.emit (node:electron/js2c/utility_init:2:367) setContext undefined
2023-12-05 14:55:04.684 [error] Canceled: Canceled
    at new f (/opt/visual-studio-code/resources/app/out/vs/workbench/api/node/extensionHostProcess.js:125:108614)
    at n.U (/opt/visual-studio-code/resources/app/out/vs/workbench/api/node/extensionHostProcess.js:134:10873)
    at Proxy.F.<computed>.z.charCodeAt.F.<computed> (/opt/visual-studio-code/resources/app/out/vs/workbench/api/node/extensionHostProcess.js:134:8315)
    at i.g (/opt/visual-studio-code/resources/app/out/vs/workbench/api/node/extensionHostProcess.js:125:139130)
    at i.executeCommand (/opt/visual-studio-code/resources/app/out/vs/workbench/api/node/extensionHostProcess.js:125:138568)
    at $.registerCommand.description (/opt/visual-studio-code/resources/app/out/vs/workbench/api/node/extensionHostProcess.js:125:137892)
    at i.h (/opt/visual-studio-code/resources/app/out/vs/workbench/api/node/extensionHostProcess.js:125:139669)
    at i.g (/opt/visual-studio-code/resources/app/out/vs/workbench/api/node/extensionHostProcess.js:125:138661)
    at i.executeCommand (/opt/visual-studio-code/resources/app/out/vs/workbench/api/node/extensionHostProcess.js:125:138568)
    at Object.executeCommand (/opt/visual-studio-code/resources/app/out/vs/workbench/api/node/extensionHostProcess.js:140:21329)
    at e (/home/admin/.vscode/extensions/github.vscode-pull-request-github-0.76.1/dist/extension.js:1852:1467)
    at Object.n [as setContext] (/home/admin/.vscode/extensions/github.vscode-pull-request-github-0.76.1/dist/extension.js:1852:1582)
    at Zc.updateActiveReviewCount (/home/admin/.vscode/extensions/github.vscode-pull-request-github-0.76.1/dist/extension.js:1905:22816)
    at Zc.removeRepo (/home/admin/.vscode/extensions/github.vscode-pull-request-github-0.76.1/dist/extension.js:1905:23943)
    at h.value (/home/admin/.vscode/extensions/github.vscode-pull-request-github-0.76.1/dist/extension.js:2016:4130)
    at c.y (/opt/visual-studio-code/resources/app/out/vs/workbench/api/node/extensionHostProcess.js:80:1902)
    at c.z (/opt/visual-studio-code/resources/app/out/vs/workbench/api/node/extensionHostProcess.js:80:1972)
    at c.fire (/opt/visual-studio-code/resources/app/out/vs/workbench/api/node/extensionHostProcess.js:80:2188)
    at h.value (/home/admin/.vscode/extensions/github.vscode-pull-request-github-0.76.1/dist/extension.js:1820:462233)
    at c.y (/opt/visual-studio-code/resources/app/out/vs/workbench/api/node/extensionHostProcess.js:80:1902)
    at c.fire (/opt/visual-studio-code/resources/app/out/vs/workbench/api/node/extensionHostProcess.js:80:2119)
    at /home/admin/.vscode/extensions/github.vscode-pull-request-github-0.76.1/dist/extension.js:1905:27657
    at h.value (/opt/visual-studio-code/resources/app/extensions/git/dist/main.js:2:1408111)
    at c.y (/opt/visual-studio-code/resources/app/out/vs/workbench/api/node/extensionHostProcess.js:80:1902)
    at c.z (/opt/visual-studio-code/resources/app/out/vs/workbench/api/node/extensionHostProcess.js:80:1972)
    at c.fire (/opt/visual-studio-code/resources/app/out/vs/workbench/api/node/extensionHostProcess.js:80:2188)
    at Object.m [as dispose] (/opt/visual-studio-code/resources/app/extensions/git/dist/main.js:2:1332842)
    at /opt/visual-studio-code/resources/app/extensions/git/dist/main.js:2:1337795
    at Array.forEach (<anonymous>)
    at g.dispose (/opt/visual-studio-code/resources/app/extensions/git/dist/main.js:2:1337781)
    at v.<anonymous> (/opt/visual-studio-code/resources/app/out/vs/workbench/api/node/extensionHostProcess.js:121:3572)
    at v.dispose (/opt/visual-studio-code/resources/app/out/vs/workbench/api/node/extensionHostProcess.js:121:3669)
    at v.<anonymous> (/opt/visual-studio-code/resources/app/extensions/git/dist/main.js:2:1318937)
    at v.dispose (/opt/visual-studio-code/resources/app/out/vs/workbench/api/node/extensionHostProcess.js:121:3669)
    at o (/opt/visual-studio-code/resources/app/out/vs/workbench/api/node/extensionHostProcess.js:30:754)
    at h.cb (/opt/visual-studio-code/resources/app/out/vs/workbench/api/node/extensionHostProcess.js:136:9843)
    at /opt/visual-studio-code/resources/app/out/vs/workbench/api/node/extensionHostProcess.js:136:7793
    at Array.map (<anonymous>)
    at h.Y (/opt/visual-studio-code/resources/app/out/vs/workbench/api/node/extensionHostProcess.js:136:7781)
    at h.terminate (/opt/visual-studio-code/resources/app/out/vs/workbench/api/node/extensionHostProcess.js:136:8051)
    at o.terminate (/opt/visual-studio-code/resources/app/out/vs/workbench/api/node/extensionHostProcess.js:140:1513)
    at a (/opt/visual-studio-code/resources/app/out/vs/workbench/api/node/extensionHostProcess.js:153:9817)
    at MessagePortMain.<anonymous> (/opt/visual-studio-code/resources/app/out/vs/workbench/api/node/extensionHostProcess.js:153:6242)
    at MessagePortMain.emit (node:events:513:28)
    at Object.MessagePortMain._internalPort.emit (node:electron/js2c/utility_init:2:367) setContext undefined
2023-12-05 14:55:04.684 [error] Canceled: Canceled
    at new f (/opt/visual-studio-code/resources/app/out/vs/workbench/api/node/extensionHostProcess.js:125:108614)
    at n.U (/opt/visual-studio-code/resources/app/out/vs/workbench/api/node/extensionHostProcess.js:134:10873)
    at Proxy.F.<computed>.z.charCodeAt.F.<computed> (/opt/visual-studio-code/resources/app/out/vs/workbench/api/node/extensionHostProcess.js:134:8315)
    at i.g (/opt/visual-studio-code/resources/app/out/vs/workbench/api/node/extensionHostProcess.js:125:139130)
    at i.executeCommand (/opt/visual-studio-code/resources/app/out/vs/workbench/api/node/extensionHostProcess.js:125:138568)
    at $.registerCommand.description (/opt/visual-studio-code/resources/app/out/vs/workbench/api/node/extensionHostProcess.js:125:137892)
    at i.h (/opt/visual-studio-code/resources/app/out/vs/workbench/api/node/extensionHostProcess.js:125:139669)
    at i.g (/opt/visual-studio-code/resources/app/out/vs/workbench/api/node/extensionHostProcess.js:125:138661)
    at i.executeCommand (/opt/visual-studio-code/resources/app/out/vs/workbench/api/node/extensionHostProcess.js:125:138568)
    at Object.executeCommand (/opt/visual-studio-code/resources/app/out/vs/workbench/api/node/extensionHostProcess.js:140:21329)
    at w (/home/admin/.vscode/extensions/eamodio.gitlens-14.5.2/dist/gitlens.js:1:1112601)
    at l (/home/admin/.vscode/extensions/eamodio.gitlens-14.5.2/dist/gitlens.js:1:1117244)
    at ActionRunners._updateContextKeys (/home/admin/.vscode/extensions/eamodio.gitlens-14.5.2/dist/gitlens.js:1:39035)
    at s (/home/admin/.vscode/extensions/eamodio.gitlens-14.5.2/dist/gitlens.js:1:37454)
    at RegisteredActionRunner.unregister (/home/admin/.vscode/extensions/eamodio.gitlens-14.5.2/dist/gitlens.js:1:37598)
    at RegisteredActionRunner.dispose (/home/admin/.vscode/extensions/eamodio.gitlens-14.5.2/dist/gitlens.js:1:36261)
    at ActionRunners.dispose (/home/admin/.vscode/extensions/eamodio.gitlens-14.5.2/dist/gitlens.js:1:37040)
    at /home/admin/.vscode/extensions/eamodio.gitlens-14.5.2/dist/gitlens.js:1:800190
    at Array.forEach (<anonymous>)
    at Object.dispose (/home/admin/.vscode/extensions/eamodio.gitlens-14.5.2/dist/gitlens.js:1:800175)
    at o (/opt/visual-studio-code/resources/app/out/vs/workbench/api/node/extensionHostProcess.js:30:754)
    at h.cb (/opt/visual-studio-code/resources/app/out/vs/workbench/api/node/extensionHostProcess.js:136:9843)
    at /opt/visual-studio-code/resources/app/out/vs/workbench/api/node/extensionHostProcess.js:136:7793
    at Array.map (<anonymous>)
    at h.Y (/opt/visual-studio-code/resources/app/out/vs/workbench/api/node/extensionHostProcess.js:136:7781)
    at h.terminate (/opt/visual-studio-code/resources/app/out/vs/workbench/api/node/extensionHostProcess.js:136:8051)
    at o.terminate (/opt/visual-studio-code/resources/app/out/vs/workbench/api/node/extensionHostProcess.js:140:1513)
    at a (/opt/visual-studio-code/resources/app/out/vs/workbench/api/node/extensionHostProcess.js:153:9817)
    at MessagePortMain.<anonymous> (/opt/visual-studio-code/resources/app/out/vs/workbench/api/node/extensionHostProcess.js:153:6242)
    at MessagePortMain.emit (node:events:513:28)
    at Object.MessagePortMain._internalPort.emit (node:electron/js2c/utility_init:2:367) setContext undefined
2023-12-05 14:55:04.685 [error] Canceled: Canceled
    at new f (/opt/visual-studio-code/resources/app/out/vs/workbench/api/node/extensionHostProcess.js:125:108614)
    at n.U (/opt/visual-studio-code/resources/app/out/vs/workbench/api/node/extensionHostProcess.js:134:10873)
    at Proxy.F.<computed>.z.charCodeAt.F.<computed> (/opt/visual-studio-code/resources/app/out/vs/workbench/api/node/extensionHostProcess.js:134:8315)
    at i.g (/opt/visual-studio-code/resources/app/out/vs/workbench/api/node/extensionHostProcess.js:125:139130)
    at i.executeCommand (/opt/visual-studio-code/resources/app/out/vs/workbench/api/node/extensionHostProcess.js:125:138568)
    at $.registerCommand.description (/opt/visual-studio-code/resources/app/out/vs/workbench/api/node/extensionHostProcess.js:125:137892)
    at i.h (/opt/visual-studio-code/resources/app/out/vs/workbench/api/node/extensionHostProcess.js:125:139669)
    at i.g (/opt/visual-studio-code/resources/app/out/vs/workbench/api/node/extensionHostProcess.js:125:138661)
    at i.executeCommand (/opt/visual-studio-code/resources/app/out/vs/workbench/api/node/extensionHostProcess.js:125:138568)
    at Object.executeCommand (/opt/visual-studio-code/resources/app/out/vs/workbench/api/node/extensionHostProcess.js:140:21329)
    at w (/home/admin/.vscode/extensions/eamodio.gitlens-14.5.2/dist/gitlens.js:1:1112601)
    at l (/home/admin/.vscode/extensions/eamodio.gitlens-14.5.2/dist/gitlens.js:1:1117244)
    at ActionRunners._updateContextKeys (/home/admin/.vscode/extensions/eamodio.gitlens-14.5.2/dist/gitlens.js:1:39035)
    at s (/home/admin/.vscode/extensions/eamodio.gitlens-14.5.2/dist/gitlens.js:1:37454)
    at RegisteredActionRunner.unregister (/home/admin/.vscode/extensions/eamodio.gitlens-14.5.2/dist/gitlens.js:1:37598)
    at RegisteredActionRunner.dispose (/home/admin/.vscode/extensions/eamodio.gitlens-14.5.2/dist/gitlens.js:1:36261)
    at ActionRunners.dispose (/home/admin/.vscode/extensions/eamodio.gitlens-14.5.2/dist/gitlens.js:1:37040)
    at /home/admin/.vscode/extensions/eamodio.gitlens-14.5.2/dist/gitlens.js:1:800190
    at Array.forEach (<anonymous>)
    at Object.dispose (/home/admin/.vscode/extensions/eamodio.gitlens-14.5.2/dist/gitlens.js:1:800175)
    at o (/opt/visual-studio-code/resources/app/out/vs/workbench/api/node/extensionHostProcess.js:30:754)
    at h.cb (/opt/visual-studio-code/resources/app/out/vs/workbench/api/node/extensionHostProcess.js:136:9843)
    at /opt/visual-studio-code/resources/app/out/vs/workbench/api/node/extensionHostProcess.js:136:7793
    at Array.map (<anonymous>)
    at h.Y (/opt/visual-studio-code/resources/app/out/vs/workbench/api/node/extensionHostProcess.js:136:7781)
    at h.terminate (/opt/visual-studio-code/resources/app/out/vs/workbench/api/node/extensionHostProcess.js:136:8051)
    at o.terminate (/opt/visual-studio-code/resources/app/out/vs/workbench/api/node/extensionHostProcess.js:140:1513)
    at a (/opt/visual-studio-code/resources/app/out/vs/workbench/api/node/extensionHostProcess.js:153:9817)
    at MessagePortMain.<anonymous> (/opt/visual-studio-code/resources/app/out/vs/workbench/api/node/extensionHostProcess.js:153:6242)
    at MessagePortMain.emit (node:events:513:28)
    at Object.MessagePortMain._internalPort.emit (node:electron/js2c/utility_init:2:367) setContext undefined
2023-12-05 14:55:04.685 [error] Canceled: Canceled
    at new f (/opt/visual-studio-code/resources/app/out/vs/workbench/api/node/extensionHostProcess.js:125:108614)
    at n.U (/opt/visual-studio-code/resources/app/out/vs/workbench/api/node/extensionHostProcess.js:134:10873)
    at Proxy.F.<computed>.z.charCodeAt.F.<computed> (/opt/visual-studio-code/resources/app/out/vs/workbench/api/node/extensionHostProcess.js:134:8315)
    at i.g (/opt/visual-studio-code/resources/app/out/vs/workbench/api/node/extensionHostProcess.js:125:139130)
    at i.executeCommand (/opt/visual-studio-code/resources/app/out/vs/workbench/api/node/extensionHostProcess.js:125:138568)
    at $.registerCommand.description (/opt/visual-studio-code/resources/app/out/vs/workbench/api/node/extensionHostProcess.js:125:137892)
    at i.h (/opt/visual-studio-code/resources/app/out/vs/workbench/api/node/extensionHostProcess.js:125:139669)
    at i.g (/opt/visual-studio-code/resources/app/out/vs/workbench/api/node/extensionHostProcess.js:125:138661)
    at i.executeCommand (/opt/visual-studio-code/resources/app/out/vs/workbench/api/node/extensionHostProcess.js:125:138568)
    at Object.executeCommand (/opt/visual-studio-code/resources/app/out/vs/workbench/api/node/extensionHostProcess.js:140:21329)
    at w (/home/admin/.vscode/extensions/eamodio.gitlens-14.5.2/dist/gitlens.js:1:1112601)
    at l (/home/admin/.vscode/extensions/eamodio.gitlens-14.5.2/dist/gitlens.js:1:1117244)
    at ActionRunners._updateContextKeys (/home/admin/.vscode/extensions/eamodio.gitlens-14.5.2/dist/gitlens.js:1:39035)
    at s (/home/admin/.vscode/extensions/eamodio.gitlens-14.5.2/dist/gitlens.js:1:37454)
    at RegisteredActionRunner.unregister (/home/admin/.vscode/extensions/eamodio.gitlens-14.5.2/dist/gitlens.js:1:37598)
    at RegisteredActionRunner.dispose (/home/admin/.vscode/extensions/eamodio.gitlens-14.5.2/dist/gitlens.js:1:36261)
    at Object.dispose (/home/admin/.vscode/extensions/eamodio.gitlens-14.5.2/dist/gitlens.js:1:37695)
    at o (/opt/visual-studio-code/resources/app/out/vs/workbench/api/node/extensionHostProcess.js:30:754)
    at h.cb (/opt/visual-studio-code/resources/app/out/vs/workbench/api/node/extensionHostProcess.js:136:9843)
    at /opt/visual-studio-code/resources/app/out/vs/workbench/api/node/extensionHostProcess.js:136:7793
    at Array.map (<anonymous>)
    at h.Y (/opt/visual-studio-code/resources/app/out/vs/workbench/api/node/extensionHostProcess.js:136:7781)
    at h.terminate (/opt/visual-studio-code/resources/app/out/vs/workbench/api/node/extensionHostProcess.js:136:8051)
    at o.terminate (/opt/visual-studio-code/resources/app/out/vs/workbench/api/node/extensionHostProcess.js:140:1513)
    at a (/opt/visual-studio-code/resources/app/out/vs/workbench/api/node/extensionHostProcess.js:153:9817)
    at MessagePortMain.<anonymous> (/opt/visual-studio-code/resources/app/out/vs/workbench/api/node/extensionHostProcess.js:153:6242)
    at MessagePortMain.emit (node:events:513:28)
    at Object.MessagePortMain._internalPort.emit (node:electron/js2c/utility_init:2:367) setContext undefined
2023-12-05 14:55:04.686 [error] Canceled: Canceled
    at new f (/opt/visual-studio-code/resources/app/out/vs/workbench/api/node/extensionHostProcess.js:125:108614)
    at n.U (/opt/visual-studio-code/resources/app/out/vs/workbench/api/node/extensionHostProcess.js:134:10873)
    at Proxy.F.<computed>.z.charCodeAt.F.<computed> (/opt/visual-studio-code/resources/app/out/vs/workbench/api/node/extensionHostProcess.js:134:8315)
    at i.g (/opt/visual-studio-code/resources/app/out/vs/workbench/api/node/extensionHostProcess.js:125:139130)
    at i.executeCommand (/opt/visual-studio-code/resources/app/out/vs/workbench/api/node/extensionHostProcess.js:125:138568)
    at $.registerCommand.description (/opt/visual-studio-code/resources/app/out/vs/workbench/api/node/extensionHostProcess.js:125:137892)
    at i.h (/opt/visual-studio-code/resources/app/out/vs/workbench/api/node/extensionHostProcess.js:125:139669)
    at i.g (/opt/visual-studio-code/resources/app/out/vs/workbench/api/node/extensionHostProcess.js:125:138661)
    at i.executeCommand (/opt/visual-studio-code/resources/app/out/vs/workbench/api/node/extensionHostProcess.js:125:138568)
    at Object.executeCommand (/opt/visual-studio-code/resources/app/out/vs/workbench/api/node/extensionHostProcess.js:140:21329)
    at x0.reset (/home/admin/.vscode/extensions/github.vscode-pull-request-github-0.76.1/dist/extension.js:2003:7116)
    at x0.dispose (/home/admin/.vscode/extensions/github.vscode-pull-request-github-0.76.1/dist/extension.js:2003:7387)
    at o (/opt/visual-studio-code/resources/app/out/vs/workbench/api/node/extensionHostProcess.js:30:754)
    at h.cb (/opt/visual-studio-code/resources/app/out/vs/workbench/api/node/extensionHostProcess.js:136:9843)
    at /opt/visual-studio-code/resources/app/out/vs/workbench/api/node/extensionHostProcess.js:136:7793
    at Array.map (<anonymous>)
    at h.Y (/opt/visual-studio-code/resources/app/out/vs/workbench/api/node/extensionHostProcess.js:136:7781)
    at h.terminate (/opt/visual-studio-code/resources/app/out/vs/workbench/api/node/extensionHostProcess.js:136:8051)
    at o.terminate (/opt/visual-studio-code/resources/app/out/vs/workbench/api/node/extensionHostProcess.js:140:1513)
    at a (/opt/visual-studio-code/resources/app/out/vs/workbench/api/node/extensionHostProcess.js:153:9817)
    at MessagePortMain.<anonymous> (/opt/visual-studio-code/resources/app/out/vs/workbench/api/node/extensionHostProcess.js:153:6242)
    at MessagePortMain.emit (node:events:513:28)
    at Object.MessagePortMain._internalPort.emit (node:electron/js2c/utility_init:2:367) setContext undefined
2023-12-05 14:55:04.696 [error] Canceled: Canceled
    at new f (/opt/visual-studio-code/resources/app/out/vs/workbench/api/node/extensionHostProcess.js:125:108614)
    at n.U (/opt/visual-studio-code/resources/app/out/vs/workbench/api/node/extensionHostProcess.js:134:10873)
    at Proxy.F.<computed>.z.charCodeAt.F.<computed> (/opt/visual-studio-code/resources/app/out/vs/workbench/api/node/extensionHostProcess.js:134:8315)
    at i.g (/opt/visual-studio-code/resources/app/out/vs/workbench/api/node/extensionHostProcess.js:125:139130)
    at i.executeCommand (/opt/visual-studio-code/resources/app/out/vs/workbench/api/node/extensionHostProcess.js:125:138568)
    at $.registerCommand.description (/opt/visual-studio-code/resources/app/out/vs/workbench/api/node/extensionHostProcess.js:125:137892)
    at i.h (/opt/visual-studio-code/resources/app/out/vs/workbench/api/node/extensionHostProcess.js:125:139669)
    at i.g (/opt/visual-studio-code/resources/app/out/vs/workbench/api/node/extensionHostProcess.js:125:138661)
    at i.executeCommand (/opt/visual-studio-code/resources/app/out/vs/workbench/api/node/extensionHostProcess.js:125:138568)
    at Object.executeCommand (/opt/visual-studio-code/resources/app/out/vs/workbench/api/node/extensionHostProcess.js:140:21329)
    at LT (/home/admin/.vscode/extensions/bradlc.vscode-tailwindcss-0.10.3/dist/extension.js:43:6988)
    at /home/admin/.vscode/extensions/bradlc.vscode-tailwindcss-0.10.3/dist/extension.js:43:15292
    at er (/home/admin/.vscode/extensions/bradlc.vscode-tailwindcss-0.10.3/dist/extension.js:4:1357)
    at Zn (/home/admin/.vscode/extensions/bradlc.vscode-tailwindcss-0.10.3/dist/extension.js:3:6843)
    at Immediate.<anonymous> (/home/admin/.vscode/extensions/bradlc.vscode-tailwindcss-0.10.3/dist/extension.js:3:6721)
    at processImmediate (node:internal/timers:476:21) setContext undefined
2023-12-05 14:55:04.700 [info] Extension host with pid 58318 exiting with code 0
