2023-08-28 17:52:45.133 [info] Added views:workbench.panel.markers.view in workbench.panel.markers
2023-08-28 17:52:45.133 [info] Added views:workbench.panel.output in workbench.panel.output
2023-08-28 17:52:45.133 [info] Added views:terminal in terminal
2023-08-28 17:52:45.133 [info] Added views:outline in workbench.view.explorer
2023-08-28 17:52:45.133 [info] Added views:workbench.scm in workbench.view.scm
2023-08-28 17:52:45.133 [info] Added views:workbench.view.search in workbench.view.search
2023-08-28 17:52:45.133 [info] Added views:timeline in workbench.view.explorer
2023-08-28 17:52:45.133 [info] Added views:workbench.explorer.fileView in workbench.view.explorer
2023-08-28 17:52:45.487 [info] Added views:workbench.debug.welcome in workbench.view.debug
2023-08-28 17:52:46.560 [info] Added views:gitlens.views.home,gitlens.views.workspaces,gitlens.views.account in workbench.view.extension.gitlens
2023-08-28 17:52:46.560 [info] Added views:gitlens.views.commitDetails,gitlens.views.lineHistory,gitlens.views.fileHistory,gitlens.views.searchAndCompare in workbench.view.extension.gitlensInspect
2023-08-28 17:52:46.561 [info] Added views:gitlens.views.commits,gitlens.views.branches,gitlens.views.remotes,gitlens.views.stashes,gitlens.views.tags,gitlens.views.contributors in workbench.view.scm
2023-08-28 17:52:46.592 [info] Added views:dockerExplorerContainers,dockerExplorerImages,azureRegistries,DockerHubTreeView,suggestedDockerImages in workbench.view.explorer
2023-08-28 17:52:46.593 [info] Added views:pr:github,issues:github in workbench.view.extension.github-pull-requests
2023-08-28 17:52:46.593 [info] Added views:dockerContainers,dockerImages,dockerRegistries,dockerNetworks,dockerVolumes,vscode-docker.views.dockerContexts,vscode-docker.views.help in workbench.view.extension.dockerView
2023-08-28 17:52:46.594 [info] Added views:targetsContainers,devVolumes in workbench.view.remote
2023-08-28 17:52:46.595 [info] Added views:remoteTargets in workbench.view.remote
2023-08-28 17:52:46.598 [info] Added views:vscode-serial-monitor.monitor0 in workbench.view.extension.vscode-serial-monitor-tools
2023-08-28 17:52:46.935 [info] Added views:workbench.panel.repl.view in workbench.panel.repl
2023-08-28 17:52:50.899 [info] Added views:gitlens.views.graph,gitlens.views.graphDetails in workbench.view.extension.gitlensPanel
2023-08-28 17:52:50.899 [info] Added views:gitlens.views.timeline in workbench.view.extension.gitlensInspect
2023-08-28 17:52:50.902 [info] Added views:gitlens.views.worktrees in workbench.view.scm
2023-08-28 17:52:51.122 [info] Added views:workbench.panel.comments in workbench.panel.comments
2023-08-28 17:52:51.715 [info] Added views:github:activePullRequest:welcome in workbench.view.extension.github-pull-request
2023-08-28 17:52:52.847 [info] Removed views:github:activePullRequest:welcome from workbench.view.extension.github-pull-request
2023-08-28 18:12:41.756 [info] Added views:workbench.views.extensions.installed,workbench.views.extensions.popular,extensions.recommendedList in workbench.view.extensions
2023-08-28 18:12:41.759 [info] Removed views:workbench.views.extensions.popular from workbench.view.extensions
2023-08-28 18:12:49.118 [info] Removed views:extensions.recommendedList,workbench.views.extensions.installed from workbench.view.extensions
2023-08-28 18:12:49.135 [info] Added views:workbench.views.extensions.marketplace in workbench.view.extensions
2023-09-01 15:59:02.714 [info] Added views:mongoDBConnectionExplorer,mongoDBPlaygroundsExplorer,mongoDBHelpExplorer in workbench.view.extension.mongoDB
