2023-08-25 14:44:40.940 [info] update#setState idle
2023-08-25 14:45:10.942 [info] update#setState checking for updates
2023-08-25 14:45:11.055 [info] update#setState idle
2023-08-25 20:22:25.459 [error] [UtilityProcessWorker]: terminated unexpectedly with code 15, signal: unknown
2023-08-25 20:22:25.460 [error] [UtilityProcess id: 2, type: fileWatcher, pid: 133313]: crashed with code 15 and reason 'killed'
2023-08-25 20:22:25.469 [info] Extension host with pid 133314 exited with code: 0, signal: unknown.
2023-08-25 20:39:54.826 [info] update#setState checking for updates
2023-08-25 20:39:54.948 [info] update#setState idle
2023-08-26 12:22:46.388 [info] update#setState checking for updates
2023-08-26 12:22:46.501 [info] update#setState idle
2023-08-26 13:22:46.390 [info] update#setState checking for updates
2023-08-26 13:22:46.498 [info] update#setState idle
2023-08-27 16:04:53.900 [info] update#setState checking for updates
2023-08-27 16:04:54.011 [info] update#setState idle
2023-08-27 17:04:53.903 [info] update#setState checking for updates
2023-08-27 17:04:54.013 [info] update#setState idle
2023-08-28 16:10:47.983 [info] update#setState checking for updates
2023-08-28 16:10:48.159 [info] update#setState idle
2023-08-28 17:10:47.985 [info] update#setState checking for updates
2023-08-28 17:10:48.099 [info] update#setState idle
2023-08-28 17:52:38.174 [info] Extension host with pid 123069 exited with code: 0, signal: unknown.
