2023-12-05 14:55:16.499 [warning] Via 'product.json#extensionEnabledApiProposals' extension 'ms-dotnettools.dotnet-interactive-vscode' wants API proposal 'languageConfigurationAutoClosingPairs' but that proposal DOES NOT EXIST. Likely, the proposal has been finalized (check 'vscode.d.ts') or was abandoned.
2023-12-05 14:55:25.247 [info] [perf] Render performance baseline is 86ms
2023-12-05 14:55:25.528 [error] [Extension Host] (node:59062) [DEP0005] DeprecationWarning: Buffer() is deprecated due to security and usability issues. Please use the Buffer.alloc(), Buffer.allocUnsafe(), or Buffer.from() methods instead.
(Use `exe --trace-deprecation ...` to show where the warning was created)
2023-12-05 20:27:44.939 [error] Cannot read properties of null (reading 'kind'): TypeError: Cannot read properties of null (reading 'kind')
    at asHoverContent (/home/admin/.vscode/extensions/ardenivanov.svelte-intellisense-0.7.1/client/node_modules/vscode-languageclient/lib/protocolConverter.js:101:27)
    at asHover (/home/admin/.vscode/extensions/ardenivanov.svelte-intellisense-0.7.1/client/node_modules/vscode-languageclient/lib/protocolConverter.js:134:31)
    at g.provideHover (/opt/visual-studio-code/resources/app/out/vs/workbench/api/node/extensionHostProcess.js:127:41905)
2023-12-05 20:27:49.107 [error] Cannot read properties of null (reading 'kind'): TypeError: Cannot read properties of null (reading 'kind')
    at asHoverContent (/home/admin/.vscode/extensions/ardenivanov.svelte-intellisense-0.7.1/client/node_modules/vscode-languageclient/lib/protocolConverter.js:101:27)
    at asHover (/home/admin/.vscode/extensions/ardenivanov.svelte-intellisense-0.7.1/client/node_modules/vscode-languageclient/lib/protocolConverter.js:134:31)
    at g.provideHover (/opt/visual-studio-code/resources/app/out/vs/workbench/api/node/extensionHostProcess.js:127:41905)
2023-12-05 20:34:03.035 [error] Cannot read properties of null (reading 'kind'): TypeError: Cannot read properties of null (reading 'kind')
    at asHoverContent (/home/admin/.vscode/extensions/ardenivanov.svelte-intellisense-0.7.1/client/node_modules/vscode-languageclient/lib/protocolConverter.js:101:27)
    at asHover (/home/admin/.vscode/extensions/ardenivanov.svelte-intellisense-0.7.1/client/node_modules/vscode-languageclient/lib/protocolConverter.js:134:31)
    at g.provideHover (/opt/visual-studio-code/resources/app/out/vs/workbench/api/node/extensionHostProcess.js:127:41905)
2023-12-05 20:39:31.390 [error] Cannot read properties of null (reading 'kind'): TypeError: Cannot read properties of null (reading 'kind')
    at asHoverContent (/home/admin/.vscode/extensions/ardenivanov.svelte-intellisense-0.7.1/client/node_modules/vscode-languageclient/lib/protocolConverter.js:101:27)
    at asHover (/home/admin/.vscode/extensions/ardenivanov.svelte-intellisense-0.7.1/client/node_modules/vscode-languageclient/lib/protocolConverter.js:134:31)
    at runNextTicks (node:internal/process/task_queues:60:5)
    at processImmediate (node:internal/timers:447:9)
    at g.provideHover (/opt/visual-studio-code/resources/app/out/vs/workbench/api/node/extensionHostProcess.js:127:41905)
2023-12-05 20:40:31.979 [error] Cannot read properties of null (reading 'kind'): TypeError: Cannot read properties of null (reading 'kind')
    at asHoverContent (/home/admin/.vscode/extensions/ardenivanov.svelte-intellisense-0.7.1/client/node_modules/vscode-languageclient/lib/protocolConverter.js:101:27)
    at asHover (/home/admin/.vscode/extensions/ardenivanov.svelte-intellisense-0.7.1/client/node_modules/vscode-languageclient/lib/protocolConverter.js:134:31)
    at g.provideHover (/opt/visual-studio-code/resources/app/out/vs/workbench/api/node/extensionHostProcess.js:127:41905)
2023-12-05 20:41:33.570 [error] Cannot read properties of null (reading 'kind'): TypeError: Cannot read properties of null (reading 'kind')
    at asHoverContent (/home/admin/.vscode/extensions/ardenivanov.svelte-intellisense-0.7.1/client/node_modules/vscode-languageclient/lib/protocolConverter.js:101:27)
    at asHover (/home/admin/.vscode/extensions/ardenivanov.svelte-intellisense-0.7.1/client/node_modules/vscode-languageclient/lib/protocolConverter.js:134:31)
    at runNextTicks (node:internal/process/task_queues:60:5)
    at processImmediate (node:internal/timers:447:9)
    at g.provideHover (/opt/visual-studio-code/resources/app/out/vs/workbench/api/node/extensionHostProcess.js:127:41905)
2023-12-05 20:49:11.876 [error] Cannot read properties of null (reading 'kind'): TypeError: Cannot read properties of null (reading 'kind')
    at asHoverContent (/home/admin/.vscode/extensions/ardenivanov.svelte-intellisense-0.7.1/client/node_modules/vscode-languageclient/lib/protocolConverter.js:101:27)
    at asHover (/home/admin/.vscode/extensions/ardenivanov.svelte-intellisense-0.7.1/client/node_modules/vscode-languageclient/lib/protocolConverter.js:134:31)
    at runNextTicks (node:internal/process/task_queues:60:5)
    at processImmediate (node:internal/timers:447:9)
    at g.provideHover (/opt/visual-studio-code/resources/app/out/vs/workbench/api/node/extensionHostProcess.js:127:41905)
