2023-08-28 17:52:49.973 [info] Reading sessions from keychain...
2023-08-28 17:52:49.973 [info] Getting sessions for all scopes...
2023-08-28 17:52:50.010 [info] Got stored sessions!
2023-08-28 17:52:50.010 [info] Got 2 verified sessions.
2023-08-28 17:52:50.010 [info] Got 2 sessions for ...
2023-08-28 17:52:50.135 [info] Getting sessions for read:user,repo,user:email,workflow...
2023-08-28 17:52:50.135 [info] Got 1 sessions for read:user,repo,user:email,workflow...
2023-08-28 17:52:50.393 [info] Getting sessions for read:user,repo,user:email...
2023-08-28 17:52:50.393 [info] Got 0 sessions for read:user,repo,user:email...
2023-08-28 17:52:50.603 [info] Getting sessions for read:user,repo,user:email,workflow...
2023-08-28 17:52:50.603 [info] Got 1 sessions for read:user,repo,user:email,workflow...
2023-08-28 17:52:51.239 [info] Getting sessions for read:user,repo,user:email,workflow...
2023-08-28 17:52:51.239 [info] Got 1 sessions for read:user,repo,user:email,workflow...
2023-08-28 17:52:51.617 [info] Getting sessions for all scopes...
2023-08-28 17:52:51.617 [info] Got 2 sessions for ...
2023-08-28 17:52:51.877 [info] Getting sessions for user:email...
2023-08-28 17:52:51.877 [info] Got 1 sessions for user:email...
2023-08-28 17:52:52.903 [info] Getting sessions for all scopes...
2023-08-28 17:52:52.903 [info] Got 2 sessions for ...
2023-08-28 18:35:53.851 [info] Getting sessions for read:user,repo,user:email...
2023-08-28 18:35:53.855 [info] Got 0 sessions for read:user,repo,user:email...
2023-08-28 18:59:17.906 [info] Getting sessions for read:user,repo,user:email...
2023-08-28 18:59:17.906 [info] Got 0 sessions for read:user,repo,user:email...
2023-08-31 18:36:43.974 [info] Getting sessions for read:user,repo,user:email...
2023-08-31 18:36:43.974 [info] Got 0 sessions for read:user,repo,user:email...
2023-08-31 20:12:43.379 [info] Getting sessions for read:user,repo,user:email...
2023-08-31 20:12:43.379 [info] Got 0 sessions for read:user,repo,user:email...
2023-09-01 15:14:12.452 [info] Getting sessions for read:user,repo,user:email...
2023-09-01 15:14:12.452 [info] Got 0 sessions for read:user,repo,user:email...
2023-09-01 15:15:52.179 [info] Getting sessions for read:user,repo,user:email...
2023-09-01 15:15:52.180 [info] Got 0 sessions for read:user,repo,user:email...
2023-09-01 16:47:03.222 [info] Getting sessions for read:user,repo,user:email...
2023-09-01 16:47:03.222 [info] Got 0 sessions for read:user,repo,user:email...
2023-09-01 17:37:34.411 [info] Getting sessions for read:user,repo,user:email...
2023-09-01 17:37:34.411 [info] Got 0 sessions for read:user,repo,user:email...
2023-09-01 17:52:26.380 [info] Getting sessions for read:user,repo,user:email...
2023-09-01 17:52:26.380 [info] Got 0 sessions for read:user,repo,user:email...
2023-09-01 19:44:32.402 [info] Getting sessions for read:user,repo,user:email...
2023-09-01 19:44:32.402 [info] Got 0 sessions for read:user,repo,user:email...
