2023-11-27 19:08:08.233 [info] Extension host with pid 2068 started
2023-11-27 19:08:08.233 [info] Skipping acquiring lock for /home/admin/.config/Code/User/workspaceStorage/51e140b9c9b8d676963fe0e4358d1b56.
2023-11-27 19:08:08.845 [info] ExtensionService#_doActivateExtension mongodb.mongodb-vscode, startup: false, activationEvent: 'onLanguage:plaintext'
2023-11-27 19:08:10.174 [info] ExtensionService#_doActivateExtension vscode.emmet, startup: false, activationEvent: 'onLanguage'
2023-11-27 19:08:10.182 [info] ExtensionService#_doActivateExtension vscode.typescript-language-features, startup: false, activationEvent: 'onLanguage:typescript'
2023-11-27 19:08:10.208 [info] ExtensionService#_doActivateExtension christian-kohler.npm-intellisense, startup: false, activationEvent: 'onLanguage:typescript'
2023-11-27 19:08:10.236 [info] ExtensionService#_doActivateExtension leizongmin.node-module-intellisense, startup: false, activationEvent: 'onLanguage:typescript'
2023-11-27 19:08:10.241 [info] ExtensionService#_doActivateExtension meganrogge.template-string-converter, startup: false, activationEvent: 'onLanguage:typescript'
2023-11-27 19:08:10.244 [info] ExtensionService#_doActivateExtension phoenisx.cssvar, startup: false, activationEvent: 'onLanguage:typescript'
2023-11-27 19:08:10.259 [info] ExtensionService#_doActivateExtension svelte.svelte-vscode, startup: false, activationEvent: 'onLanguage:typescript'
2023-11-27 19:08:10.643 [info] ExtensionService#_doActivateExtension vscode.git-base, startup: true, activationEvent: '*', root cause: vscode.git
2023-11-27 19:08:10.646 [info] ExtensionService#_doActivateExtension christian-kohler.path-intellisense, startup: true, activationEvent: '*'
2023-11-27 19:08:10.674 [info] ExtensionService#_doActivateExtension ecmel.vscode-html-css, startup: true, activationEvent: '*'
2023-11-27 19:08:10.694 [info] ExtensionService#_doActivateExtension formulahendry.auto-rename-tag, startup: true, activationEvent: '*'
2023-11-27 19:08:10.705 [info] ExtensionService#_doActivateExtension vscode.npm, startup: true, activationEvent: 'workspaceContains:package.json'
2023-11-27 19:08:11.460 [info] ExtensionService#_doActivateExtension vscode.git, startup: true, activationEvent: '*'
2023-11-27 19:08:11.497 [info] ExtensionService#_doActivateExtension vscode.github, startup: true, activationEvent: '*'
2023-11-27 19:08:12.339 [info] Eager extensions activated
2023-11-27 19:08:12.352 [info] ExtensionService#_doActivateExtension vscode.debug-auto-launch, startup: false, activationEvent: 'onStartupFinished'
2023-11-27 19:08:12.365 [info] ExtensionService#_doActivateExtension vscode.merge-conflict, startup: false, activationEvent: 'onStartupFinished'
2023-11-27 19:08:12.409 [info] ExtensionService#_doActivateExtension bradlc.vscode-tailwindcss, startup: false, activationEvent: 'onStartupFinished'
2023-11-27 19:08:12.461 [info] ExtensionService#_doActivateExtension eamodio.gitlens, startup: false, activationEvent: 'onStartupFinished'
2023-11-27 19:08:12.605 [info] ExtensionService#_doActivateExtension esbenp.prettier-vscode, startup: false, activationEvent: 'onStartupFinished'
2023-11-27 19:08:12.678 [info] ExtensionService#_doActivateExtension vscode.github-authentication, startup: false, activationEvent: 'onStartupFinished', root cause: GitHub.vscode-pull-request-github
2023-11-27 19:08:12.718 [info] ExtensionService#_doActivateExtension ms-vscode-remote.remote-containers, startup: false, activationEvent: 'onStartupFinished'
2023-11-27 19:08:12.825 [info] ExtensionService#_doActivateExtension ms-vscode-remote.remote-wsl, startup: false, activationEvent: 'onStartupFinished'
2023-11-27 19:08:12.887 [info] ExtensionService#_doActivateExtension ms-vscode.remote-server, startup: false, activationEvent: 'onStartupFinished'
2023-11-27 19:08:12.954 [info] ExtensionService#_doActivateExtension zhuangtongfa.material-theme, startup: false, activationEvent: 'onStartupFinished'
2023-11-27 19:08:13.651 [info] ExtensionService#_doActivateExtension GitHub.vscode-pull-request-github, startup: false, activationEvent: 'onStartupFinished'
2023-11-27 19:08:14.202 [info] ExtensionService#_doActivateExtension vscode.microsoft-authentication, startup: false, activationEvent: 'onAuthenticationRequest:microsoft'
2023-11-27 19:08:15.112 [error] Error: getaddrinfo EAI_AGAIN api.segment.io
    at GetAddrInfoReqWrap.onlookup [as oncomplete] (node:dns:109:26)
2023-11-27 19:08:15.435 [error] HttpError: request to https://api.github.com/user failed, reason: getaddrinfo EAI_AGAIN api.github.com
    at /home/admin/.vscode/extensions/github.vscode-pull-request-github-0.70.0/dist/extension.js:1770:6565
    at processTicksAndRejections (node:internal/process/task_queues:96:5)
    at af.execute (/home/admin/.vscode/extensions/github.vscode-pull-request-github-0.70.0/dist/extension.js:1674:45927)
2023-11-27 19:08:16.128 [error] HttpError: request to https://api.github.com/repos/MrG4ming/JobManager failed, reason: getaddrinfo EAI_AGAIN api.github.com
    at /home/admin/.vscode/extensions/github.vscode-pull-request-github-0.70.0/dist/extension.js:1770:6565
    at processTicksAndRejections (node:internal/process/task_queues:96:5)
    at af.execute (/home/admin/.vscode/extensions/github.vscode-pull-request-github-0.70.0/dist/extension.js:1674:45927)
