2023-09-01 20:48:24.523 [error] [Extension Host] (node:2156) [DEP0005] DeprecationWarning: Buffer() is deprecated due to security and usability issues. Please use the Buffer.alloc(), Buffer.allocUnsafe(), or Buffer.from() methods instead.
(Use `exe --trace-deprecation ...` to show where the warning was created)
2023-09-01 20:48:31.278 [info] [perf] Render performance baseline is 132ms
2023-09-01 20:59:29.888 [error] Cannot read properties of null (reading 'kind'): TypeError: Cannot read properties of null (reading 'kind')
    at asHoverContent (/home/admin/.vscode/extensions/ardenivanov.svelte-intellisense-0.7.1/client/node_modules/vscode-languageclient/lib/protocolConverter.js:101:27)
    at asHover (/home/admin/.vscode/extensions/ardenivanov.svelte-intellisense-0.7.1/client/node_modules/vscode-languageclient/lib/protocolConverter.js:134:31)
    at runNextTicks (node:internal/process/task_queues:61:5)
    at processImmediate (node:internal/timers:437:9)
    at l.provideHover (/opt/visual-studio-code/resources/app/out/vs/workbench/api/node/extensionHostProcess.js:104:39865)
2023-09-01 20:59:53.169 [error] Cannot read properties of null (reading 'kind'): TypeError: Cannot read properties of null (reading 'kind')
    at asHoverContent (/home/admin/.vscode/extensions/ardenivanov.svelte-intellisense-0.7.1/client/node_modules/vscode-languageclient/lib/protocolConverter.js:101:27)
    at asHover (/home/admin/.vscode/extensions/ardenivanov.svelte-intellisense-0.7.1/client/node_modules/vscode-languageclient/lib/protocolConverter.js:134:31)
    at l.provideHover (/opt/visual-studio-code/resources/app/out/vs/workbench/api/node/extensionHostProcess.js:104:39865)
2023-09-01 21:00:09.218 [error] Cannot read properties of null (reading 'kind'): TypeError: Cannot read properties of null (reading 'kind')
    at asHoverContent (/home/admin/.vscode/extensions/ardenivanov.svelte-intellisense-0.7.1/client/node_modules/vscode-languageclient/lib/protocolConverter.js:101:27)
    at asHover (/home/admin/.vscode/extensions/ardenivanov.svelte-intellisense-0.7.1/client/node_modules/vscode-languageclient/lib/protocolConverter.js:134:31)
    at l.provideHover (/opt/visual-studio-code/resources/app/out/vs/workbench/api/node/extensionHostProcess.js:104:39865)
2023-09-01 21:00:14.701 [error] Cannot read properties of null (reading 'kind'): TypeError: Cannot read properties of null (reading 'kind')
    at asHoverContent (/home/admin/.vscode/extensions/ardenivanov.svelte-intellisense-0.7.1/client/node_modules/vscode-languageclient/lib/protocolConverter.js:101:27)
    at asHover (/home/admin/.vscode/extensions/ardenivanov.svelte-intellisense-0.7.1/client/node_modules/vscode-languageclient/lib/protocolConverter.js:134:31)
    at l.provideHover (/opt/visual-studio-code/resources/app/out/vs/workbench/api/node/extensionHostProcess.js:104:39865)
2023-09-01 21:00:17.717 [error] Cannot read properties of null (reading 'kind'): TypeError: Cannot read properties of null (reading 'kind')
    at asHoverContent (/home/admin/.vscode/extensions/ardenivanov.svelte-intellisense-0.7.1/client/node_modules/vscode-languageclient/lib/protocolConverter.js:101:27)
    at asHover (/home/admin/.vscode/extensions/ardenivanov.svelte-intellisense-0.7.1/client/node_modules/vscode-languageclient/lib/protocolConverter.js:134:31)
    at l.provideHover (/opt/visual-studio-code/resources/app/out/vs/workbench/api/node/extensionHostProcess.js:104:39865)
2023-09-01 21:01:34.181 [error] Cannot read properties of null (reading 'kind'): TypeError: Cannot read properties of null (reading 'kind')
    at asHoverContent (/home/admin/.vscode/extensions/ardenivanov.svelte-intellisense-0.7.1/client/node_modules/vscode-languageclient/lib/protocolConverter.js:101:27)
    at asHover (/home/admin/.vscode/extensions/ardenivanov.svelte-intellisense-0.7.1/client/node_modules/vscode-languageclient/lib/protocolConverter.js:134:31)
    at l.provideHover (/opt/visual-studio-code/resources/app/out/vs/workbench/api/node/extensionHostProcess.js:104:39865)
2023-09-01 21:01:39.226 [error] Cannot read properties of null (reading 'kind'): TypeError: Cannot read properties of null (reading 'kind')
    at asHoverContent (/home/admin/.vscode/extensions/ardenivanov.svelte-intellisense-0.7.1/client/node_modules/vscode-languageclient/lib/protocolConverter.js:101:27)
    at asHover (/home/admin/.vscode/extensions/ardenivanov.svelte-intellisense-0.7.1/client/node_modules/vscode-languageclient/lib/protocolConverter.js:134:31)
    at runNextTicks (node:internal/process/task_queues:61:5)
    at processImmediate (node:internal/timers:437:9)
    at l.provideHover (/opt/visual-studio-code/resources/app/out/vs/workbench/api/node/extensionHostProcess.js:104:39865)
2023-09-01 21:03:33.722 [error] Cannot read properties of null (reading 'kind'): TypeError: Cannot read properties of null (reading 'kind')
    at asHoverContent (/home/admin/.vscode/extensions/ardenivanov.svelte-intellisense-0.7.1/client/node_modules/vscode-languageclient/lib/protocolConverter.js:101:27)
    at asHover (/home/admin/.vscode/extensions/ardenivanov.svelte-intellisense-0.7.1/client/node_modules/vscode-languageclient/lib/protocolConverter.js:134:31)
    at l.provideHover (/opt/visual-studio-code/resources/app/out/vs/workbench/api/node/extensionHostProcess.js:104:39865)
2023-09-01 21:03:35.962 [error] Cannot read properties of null (reading 'kind'): TypeError: Cannot read properties of null (reading 'kind')
    at asHoverContent (/home/admin/.vscode/extensions/ardenivanov.svelte-intellisense-0.7.1/client/node_modules/vscode-languageclient/lib/protocolConverter.js:101:27)
    at asHover (/home/admin/.vscode/extensions/ardenivanov.svelte-intellisense-0.7.1/client/node_modules/vscode-languageclient/lib/protocolConverter.js:134:31)
    at l.provideHover (/opt/visual-studio-code/resources/app/out/vs/workbench/api/node/extensionHostProcess.js:104:39865)
2023-09-01 21:06:48.749 [error] Cannot read properties of null (reading 'kind'): TypeError: Cannot read properties of null (reading 'kind')
    at asHoverContent (/home/admin/.vscode/extensions/ardenivanov.svelte-intellisense-0.7.1/client/node_modules/vscode-languageclient/lib/protocolConverter.js:101:27)
    at asHover (/home/admin/.vscode/extensions/ardenivanov.svelte-intellisense-0.7.1/client/node_modules/vscode-languageclient/lib/protocolConverter.js:134:31)
    at l.provideHover (/opt/visual-studio-code/resources/app/out/vs/workbench/api/node/extensionHostProcess.js:104:39865)
2023-09-01 21:07:05.018 [error] Cannot read properties of null (reading 'kind'): TypeError: Cannot read properties of null (reading 'kind')
    at asHoverContent (/home/admin/.vscode/extensions/ardenivanov.svelte-intellisense-0.7.1/client/node_modules/vscode-languageclient/lib/protocolConverter.js:101:27)
    at asHover (/home/admin/.vscode/extensions/ardenivanov.svelte-intellisense-0.7.1/client/node_modules/vscode-languageclient/lib/protocolConverter.js:134:31)
    at l.provideHover (/opt/visual-studio-code/resources/app/out/vs/workbench/api/node/extensionHostProcess.js:104:39865)
2023-09-01 21:07:06.851 [error] Cannot read properties of null (reading 'kind'): TypeError: Cannot read properties of null (reading 'kind')
    at asHoverContent (/home/admin/.vscode/extensions/ardenivanov.svelte-intellisense-0.7.1/client/node_modules/vscode-languageclient/lib/protocolConverter.js:101:27)
    at asHover (/home/admin/.vscode/extensions/ardenivanov.svelte-intellisense-0.7.1/client/node_modules/vscode-languageclient/lib/protocolConverter.js:134:31)
    at l.provideHover (/opt/visual-studio-code/resources/app/out/vs/workbench/api/node/extensionHostProcess.js:104:39865)
2023-09-01 21:07:07.346 [error] Cannot read properties of null (reading 'kind'): TypeError: Cannot read properties of null (reading 'kind')
    at asHoverContent (/home/admin/.vscode/extensions/ardenivanov.svelte-intellisense-0.7.1/client/node_modules/vscode-languageclient/lib/protocolConverter.js:101:27)
    at asHover (/home/admin/.vscode/extensions/ardenivanov.svelte-intellisense-0.7.1/client/node_modules/vscode-languageclient/lib/protocolConverter.js:134:31)
    at runNextTicks (node:internal/process/task_queues:61:5)
    at processImmediate (node:internal/timers:437:9)
    at l.provideHover (/opt/visual-studio-code/resources/app/out/vs/workbench/api/node/extensionHostProcess.js:104:39865)
2023-09-01 21:07:30.650 [error] Cannot read properties of null (reading 'kind'): TypeError: Cannot read properties of null (reading 'kind')
    at asHoverContent (/home/admin/.vscode/extensions/ardenivanov.svelte-intellisense-0.7.1/client/node_modules/vscode-languageclient/lib/protocolConverter.js:101:27)
    at asHover (/home/admin/.vscode/extensions/ardenivanov.svelte-intellisense-0.7.1/client/node_modules/vscode-languageclient/lib/protocolConverter.js:134:31)
    at l.provideHover (/opt/visual-studio-code/resources/app/out/vs/workbench/api/node/extensionHostProcess.js:104:39865)
2023-09-01 21:07:56.812 [error] Cannot read properties of null (reading 'kind'): TypeError: Cannot read properties of null (reading 'kind')
    at asHoverContent (/home/admin/.vscode/extensions/ardenivanov.svelte-intellisense-0.7.1/client/node_modules/vscode-languageclient/lib/protocolConverter.js:101:27)
    at asHover (/home/admin/.vscode/extensions/ardenivanov.svelte-intellisense-0.7.1/client/node_modules/vscode-languageclient/lib/protocolConverter.js:134:31)
    at runNextTicks (node:internal/process/task_queues:61:5)
    at processImmediate (node:internal/timers:437:9)
    at l.provideHover (/opt/visual-studio-code/resources/app/out/vs/workbench/api/node/extensionHostProcess.js:104:39865)
2023-09-01 21:45:04.250 [error] Cannot read properties of null (reading 'kind'): TypeError: Cannot read properties of null (reading 'kind')
    at asHoverContent (/home/admin/.vscode/extensions/ardenivanov.svelte-intellisense-0.7.1/client/node_modules/vscode-languageclient/lib/protocolConverter.js:101:27)
    at asHover (/home/admin/.vscode/extensions/ardenivanov.svelte-intellisense-0.7.1/client/node_modules/vscode-languageclient/lib/protocolConverter.js:134:31)
    at runNextTicks (node:internal/process/task_queues:61:5)
    at processImmediate (node:internal/timers:437:9)
    at l.provideHover (/opt/visual-studio-code/resources/app/out/vs/workbench/api/node/extensionHostProcess.js:104:39865)
2023-09-01 21:52:43.833 [error] Error: file:///home/admin/repos/JobManager/src/db/users.ts has changed in the meantime
    at r.o (vscode-file://vscode-app/opt/visual-studio-code/resources/app/out/vs/workbench/workbench.desktop.main.js:770:10241)
    at r.apply (vscode-file://vscode-app/opt/visual-studio-code/resources/app/out/vs/workbench/workbench.desktop.main.js:770:10930)
    at m.o (vscode-file://vscode-app/opt/visual-studio-code/resources/app/out/vs/workbench/workbench.desktop.main.js:2319:22922)
    at m.perform (vscode-file://vscode-app/opt/visual-studio-code/resources/app/out/vs/workbench/workbench.desktop.main.js:2319:22388)
    at h.apply (vscode-file://vscode-app/opt/visual-studio-code/resources/app/out/vs/workbench/workbench.desktop.main.js:2319:24098)
    at y.$tryApplyWorkspaceEdit (vscode-file://vscode-app/opt/visual-studio-code/resources/app/out/vs/workbench/workbench.desktop.main.js:1542:11923)
    at m.N (vscode-file://vscode-app/opt/visual-studio-code/resources/app/out/vs/workbench/workbench.desktop.main.js:1533:18708)
    at m.M (vscode-file://vscode-app/opt/visual-studio-code/resources/app/out/vs/workbench/workbench.desktop.main.js:1533:18474)
    at m.H (vscode-file://vscode-app/opt/visual-studio-code/resources/app/out/vs/workbench/workbench.desktop.main.js:1533:17567)
    at m.G (vscode-file://vscode-app/opt/visual-studio-code/resources/app/out/vs/workbench/workbench.desktop.main.js:1533:16785)
    at r.value (vscode-file://vscode-app/opt/visual-studio-code/resources/app/out/vs/workbench/workbench.desktop.main.js:1533:15476)
    at u.w (vscode-file://vscode-app/opt/visual-studio-code/resources/app/out/vs/workbench/workbench.desktop.main.js:69:1902)
    at u.fire (vscode-file://vscode-app/opt/visual-studio-code/resources/app/out/vs/workbench/workbench.desktop.main.js:69:2119)
    at o.fire (vscode-file://vscode-app/opt/visual-studio-code/resources/app/out/vs/workbench/workbench.desktop.main.js:596:14159)
    at ne.onmessage (vscode-file://vscode-app/opt/visual-studio-code/resources/app/out/vs/workbench/workbench.desktop.main.js:1629:1083)
2023-09-01 21:52:43.834 [warning] IGNORING workspace edit: Error: file:///home/admin/repos/JobManager/src/db/users.ts has changed in the meantime
2023-09-02 14:20:07.316 [error] Cannot read properties of undefined (reading 'filter'): TypeError: Cannot read properties of undefined (reading 'filter')
    at Object.<anonymous> (/home/admin/.vscode/extensions/bradlc.vscode-tailwindcss-0.10.0/dist/extension.js:43:11904)
    at Generator.next (<anonymous>)
    at s (/home/admin/.vscode/extensions/bradlc.vscode-tailwindcss-0.10.0/dist/extension.js:1:1247)
2023-09-02 15:45:19.815 [error] Cannot read properties of null (reading 'kind'): TypeError: Cannot read properties of null (reading 'kind')
    at asHoverContent (/home/admin/.vscode/extensions/ardenivanov.svelte-intellisense-0.7.1/client/node_modules/vscode-languageclient/lib/protocolConverter.js:101:27)
    at asHover (/home/admin/.vscode/extensions/ardenivanov.svelte-intellisense-0.7.1/client/node_modules/vscode-languageclient/lib/protocolConverter.js:134:31)
    at l.provideHover (/opt/visual-studio-code/resources/app/out/vs/workbench/api/node/extensionHostProcess.js:104:39865)
2023-09-02 15:45:20.522 [error] Cannot read properties of null (reading 'kind'): TypeError: Cannot read properties of null (reading 'kind')
    at asHoverContent (/home/admin/.vscode/extensions/ardenivanov.svelte-intellisense-0.7.1/client/node_modules/vscode-languageclient/lib/protocolConverter.js:101:27)
    at asHover (/home/admin/.vscode/extensions/ardenivanov.svelte-intellisense-0.7.1/client/node_modules/vscode-languageclient/lib/protocolConverter.js:134:31)
    at runNextTicks (node:internal/process/task_queues:61:5)
    at processImmediate (node:internal/timers:437:9)
    at l.provideHover (/opt/visual-studio-code/resources/app/out/vs/workbench/api/node/extensionHostProcess.js:104:39865)
2023-09-02 15:45:27.180 [error] Cannot read properties of null (reading 'kind'): TypeError: Cannot read properties of null (reading 'kind')
    at asHoverContent (/home/admin/.vscode/extensions/ardenivanov.svelte-intellisense-0.7.1/client/node_modules/vscode-languageclient/lib/protocolConverter.js:101:27)
    at asHover (/home/admin/.vscode/extensions/ardenivanov.svelte-intellisense-0.7.1/client/node_modules/vscode-languageclient/lib/protocolConverter.js:134:31)
    at runNextTicks (node:internal/process/task_queues:61:5)
    at processImmediate (node:internal/timers:437:9)
    at l.provideHover (/opt/visual-studio-code/resources/app/out/vs/workbench/api/node/extensionHostProcess.js:104:39865)
2023-09-02 15:46:11.815 [error] Cannot read properties of null (reading 'kind'): TypeError: Cannot read properties of null (reading 'kind')
    at asHoverContent (/home/admin/.vscode/extensions/ardenivanov.svelte-intellisense-0.7.1/client/node_modules/vscode-languageclient/lib/protocolConverter.js:101:27)
    at asHover (/home/admin/.vscode/extensions/ardenivanov.svelte-intellisense-0.7.1/client/node_modules/vscode-languageclient/lib/protocolConverter.js:134:31)
    at runNextTicks (node:internal/process/task_queues:61:5)
    at processImmediate (node:internal/timers:437:9)
    at l.provideHover (/opt/visual-studio-code/resources/app/out/vs/workbench/api/node/extensionHostProcess.js:104:39865)
2023-09-02 15:46:13.196 [error] Cannot read properties of null (reading 'kind'): TypeError: Cannot read properties of null (reading 'kind')
    at asHoverContent (/home/admin/.vscode/extensions/ardenivanov.svelte-intellisense-0.7.1/client/node_modules/vscode-languageclient/lib/protocolConverter.js:101:27)
    at asHover (/home/admin/.vscode/extensions/ardenivanov.svelte-intellisense-0.7.1/client/node_modules/vscode-languageclient/lib/protocolConverter.js:134:31)
    at runNextTicks (node:internal/process/task_queues:61:5)
    at processImmediate (node:internal/timers:437:9)
    at l.provideHover (/opt/visual-studio-code/resources/app/out/vs/workbench/api/node/extensionHostProcess.js:104:39865)
2023-09-02 15:46:13.395 [error] Cannot read properties of null (reading 'kind'): TypeError: Cannot read properties of null (reading 'kind')
    at asHoverContent (/home/admin/.vscode/extensions/ardenivanov.svelte-intellisense-0.7.1/client/node_modules/vscode-languageclient/lib/protocolConverter.js:101:27)
    at asHover (/home/admin/.vscode/extensions/ardenivanov.svelte-intellisense-0.7.1/client/node_modules/vscode-languageclient/lib/protocolConverter.js:134:31)
    at l.provideHover (/opt/visual-studio-code/resources/app/out/vs/workbench/api/node/extensionHostProcess.js:104:39865)
2023-09-02 15:46:13.629 [error] Cannot read properties of null (reading 'kind'): TypeError: Cannot read properties of null (reading 'kind')
    at asHoverContent (/home/admin/.vscode/extensions/ardenivanov.svelte-intellisense-0.7.1/client/node_modules/vscode-languageclient/lib/protocolConverter.js:101:27)
    at asHover (/home/admin/.vscode/extensions/ardenivanov.svelte-intellisense-0.7.1/client/node_modules/vscode-languageclient/lib/protocolConverter.js:134:31)
    at runNextTicks (node:internal/process/task_queues:61:5)
    at processImmediate (node:internal/timers:437:9)
    at l.provideHover (/opt/visual-studio-code/resources/app/out/vs/workbench/api/node/extensionHostProcess.js:104:39865)
2023-09-02 15:46:13.995 [error] Cannot read properties of null (reading 'kind'): TypeError: Cannot read properties of null (reading 'kind')
    at asHoverContent (/home/admin/.vscode/extensions/ardenivanov.svelte-intellisense-0.7.1/client/node_modules/vscode-languageclient/lib/protocolConverter.js:101:27)
    at asHover (/home/admin/.vscode/extensions/ardenivanov.svelte-intellisense-0.7.1/client/node_modules/vscode-languageclient/lib/protocolConverter.js:134:31)
    at l.provideHover (/opt/visual-studio-code/resources/app/out/vs/workbench/api/node/extensionHostProcess.js:104:39865)
2023-09-02 15:46:21.311 [error] Cannot read properties of null (reading 'kind'): TypeError: Cannot read properties of null (reading 'kind')
    at asHoverContent (/home/admin/.vscode/extensions/ardenivanov.svelte-intellisense-0.7.1/client/node_modules/vscode-languageclient/lib/protocolConverter.js:101:27)
    at asHover (/home/admin/.vscode/extensions/ardenivanov.svelte-intellisense-0.7.1/client/node_modules/vscode-languageclient/lib/protocolConverter.js:134:31)
    at l.provideHover (/opt/visual-studio-code/resources/app/out/vs/workbench/api/node/extensionHostProcess.js:104:39865)
2023-09-02 15:46:26.357 [error] Cannot read properties of null (reading 'kind'): TypeError: Cannot read properties of null (reading 'kind')
    at asHoverContent (/home/admin/.vscode/extensions/ardenivanov.svelte-intellisense-0.7.1/client/node_modules/vscode-languageclient/lib/protocolConverter.js:101:27)
    at asHover (/home/admin/.vscode/extensions/ardenivanov.svelte-intellisense-0.7.1/client/node_modules/vscode-languageclient/lib/protocolConverter.js:134:31)
    at l.provideHover (/opt/visual-studio-code/resources/app/out/vs/workbench/api/node/extensionHostProcess.js:104:39865)
2023-09-02 15:46:53.265 [error] Cannot read properties of null (reading 'kind'): TypeError: Cannot read properties of null (reading 'kind')
    at asHoverContent (/home/admin/.vscode/extensions/ardenivanov.svelte-intellisense-0.7.1/client/node_modules/vscode-languageclient/lib/protocolConverter.js:101:27)
    at asHover (/home/admin/.vscode/extensions/ardenivanov.svelte-intellisense-0.7.1/client/node_modules/vscode-languageclient/lib/protocolConverter.js:134:31)
    at l.provideHover (/opt/visual-studio-code/resources/app/out/vs/workbench/api/node/extensionHostProcess.js:104:39865)
2023-09-02 15:47:02.462 [error] Cannot read properties of null (reading 'kind'): TypeError: Cannot read properties of null (reading 'kind')
    at asHoverContent (/home/admin/.vscode/extensions/ardenivanov.svelte-intellisense-0.7.1/client/node_modules/vscode-languageclient/lib/protocolConverter.js:101:27)
    at asHover (/home/admin/.vscode/extensions/ardenivanov.svelte-intellisense-0.7.1/client/node_modules/vscode-languageclient/lib/protocolConverter.js:134:31)
    at runNextTicks (node:internal/process/task_queues:61:5)
    at processImmediate (node:internal/timers:437:9)
    at l.provideHover (/opt/visual-studio-code/resources/app/out/vs/workbench/api/node/extensionHostProcess.js:104:39865)
2023-09-02 15:47:11.715 [error] Cannot read properties of null (reading 'kind'): TypeError: Cannot read properties of null (reading 'kind')
    at asHoverContent (/home/admin/.vscode/extensions/ardenivanov.svelte-intellisense-0.7.1/client/node_modules/vscode-languageclient/lib/protocolConverter.js:101:27)
    at asHover (/home/admin/.vscode/extensions/ardenivanov.svelte-intellisense-0.7.1/client/node_modules/vscode-languageclient/lib/protocolConverter.js:134:31)
    at l.provideHover (/opt/visual-studio-code/resources/app/out/vs/workbench/api/node/extensionHostProcess.js:104:39865)
2023-09-02 15:47:12.071 [error] Cannot read properties of null (reading 'kind'): TypeError: Cannot read properties of null (reading 'kind')
    at asHoverContent (/home/admin/.vscode/extensions/ardenivanov.svelte-intellisense-0.7.1/client/node_modules/vscode-languageclient/lib/protocolConverter.js:101:27)
    at asHover (/home/admin/.vscode/extensions/ardenivanov.svelte-intellisense-0.7.1/client/node_modules/vscode-languageclient/lib/protocolConverter.js:134:31)
    at runNextTicks (node:internal/process/task_queues:61:5)
    at processImmediate (node:internal/timers:437:9)
    at l.provideHover (/opt/visual-studio-code/resources/app/out/vs/workbench/api/node/extensionHostProcess.js:104:39865)
2023-09-02 15:47:32.518 [error] Cannot read properties of null (reading 'kind'): TypeError: Cannot read properties of null (reading 'kind')
    at asHoverContent (/home/admin/.vscode/extensions/ardenivanov.svelte-intellisense-0.7.1/client/node_modules/vscode-languageclient/lib/protocolConverter.js:101:27)
    at asHover (/home/admin/.vscode/extensions/ardenivanov.svelte-intellisense-0.7.1/client/node_modules/vscode-languageclient/lib/protocolConverter.js:134:31)
    at l.provideHover (/opt/visual-studio-code/resources/app/out/vs/workbench/api/node/extensionHostProcess.js:104:39865)
2023-09-02 15:47:35.058 [error] Cannot read properties of null (reading 'kind'): TypeError: Cannot read properties of null (reading 'kind')
    at asHoverContent (/home/admin/.vscode/extensions/ardenivanov.svelte-intellisense-0.7.1/client/node_modules/vscode-languageclient/lib/protocolConverter.js:101:27)
    at asHover (/home/admin/.vscode/extensions/ardenivanov.svelte-intellisense-0.7.1/client/node_modules/vscode-languageclient/lib/protocolConverter.js:134:31)
    at l.provideHover (/opt/visual-studio-code/resources/app/out/vs/workbench/api/node/extensionHostProcess.js:104:39865)
2023-09-02 16:19:33.217 [error] Error: file:///home/admin/repos/JobManager/src/db/sessions.ts has changed in the meantime
    at r.o (vscode-file://vscode-app/opt/visual-studio-code/resources/app/out/vs/workbench/workbench.desktop.main.js:770:10241)
    at r.apply (vscode-file://vscode-app/opt/visual-studio-code/resources/app/out/vs/workbench/workbench.desktop.main.js:770:10930)
    at m.o (vscode-file://vscode-app/opt/visual-studio-code/resources/app/out/vs/workbench/workbench.desktop.main.js:2319:22922)
    at m.perform (vscode-file://vscode-app/opt/visual-studio-code/resources/app/out/vs/workbench/workbench.desktop.main.js:2319:22388)
    at h.apply (vscode-file://vscode-app/opt/visual-studio-code/resources/app/out/vs/workbench/workbench.desktop.main.js:2319:24098)
    at y.$tryApplyWorkspaceEdit (vscode-file://vscode-app/opt/visual-studio-code/resources/app/out/vs/workbench/workbench.desktop.main.js:1542:11923)
    at m.N (vscode-file://vscode-app/opt/visual-studio-code/resources/app/out/vs/workbench/workbench.desktop.main.js:1533:18708)
    at m.M (vscode-file://vscode-app/opt/visual-studio-code/resources/app/out/vs/workbench/workbench.desktop.main.js:1533:18474)
    at m.H (vscode-file://vscode-app/opt/visual-studio-code/resources/app/out/vs/workbench/workbench.desktop.main.js:1533:17567)
    at m.G (vscode-file://vscode-app/opt/visual-studio-code/resources/app/out/vs/workbench/workbench.desktop.main.js:1533:16785)
    at r.value (vscode-file://vscode-app/opt/visual-studio-code/resources/app/out/vs/workbench/workbench.desktop.main.js:1533:15476)
    at u.w (vscode-file://vscode-app/opt/visual-studio-code/resources/app/out/vs/workbench/workbench.desktop.main.js:69:1902)
    at u.fire (vscode-file://vscode-app/opt/visual-studio-code/resources/app/out/vs/workbench/workbench.desktop.main.js:69:2119)
    at o.fire (vscode-file://vscode-app/opt/visual-studio-code/resources/app/out/vs/workbench/workbench.desktop.main.js:596:14159)
    at ne.onmessage (vscode-file://vscode-app/opt/visual-studio-code/resources/app/out/vs/workbench/workbench.desktop.main.js:1629:1083)
2023-09-02 16:19:33.218 [warning] IGNORING workspace edit: Error: file:///home/admin/repos/JobManager/src/db/sessions.ts has changed in the meantime
2023-09-02 17:13:43.893 [error] ENOENT: no such file or directory, scandir '/home/admin/repos/JobManager/src/routes/(app)/$': Error: ENOENT: no such file or directory, scandir '/home/admin/repos/JobManager/src/routes/(app)/$'
2023-09-02 17:13:44.796 [error] ENOENT: no such file or directory, scandir '/home/admin/repos/JobManager/src/routes/(app)/$t': Error: ENOENT: no such file or directory, scandir '/home/admin/repos/JobManager/src/routes/(app)/$t'
2023-09-02 17:13:45.086 [error] ENOENT: no such file or directory, scandir '/home/admin/repos/JobManager/src/routes/(app)/$ty': Error: ENOENT: no such file or directory, scandir '/home/admin/repos/JobManager/src/routes/(app)/$ty'
2023-09-02 17:13:45.224 [error] ENOENT: no such file or directory, scandir '/home/admin/repos/JobManager/src/routes/(app)/$typ': Error: ENOENT: no such file or directory, scandir '/home/admin/repos/JobManager/src/routes/(app)/$typ'
2023-09-02 17:41:08.869 [error] Cannot read properties of null (reading 'kind'): TypeError: Cannot read properties of null (reading 'kind')
    at asHoverContent (/home/admin/.vscode/extensions/ardenivanov.svelte-intellisense-0.7.1/client/node_modules/vscode-languageclient/lib/protocolConverter.js:101:27)
    at asHover (/home/admin/.vscode/extensions/ardenivanov.svelte-intellisense-0.7.1/client/node_modules/vscode-languageclient/lib/protocolConverter.js:134:31)
    at l.provideHover (/opt/visual-studio-code/resources/app/out/vs/workbench/api/node/extensionHostProcess.js:104:39865)
2023-09-02 17:41:13.786 [error] Cannot read properties of null (reading 'kind'): TypeError: Cannot read properties of null (reading 'kind')
    at asHoverContent (/home/admin/.vscode/extensions/ardenivanov.svelte-intellisense-0.7.1/client/node_modules/vscode-languageclient/lib/protocolConverter.js:101:27)
    at asHover (/home/admin/.vscode/extensions/ardenivanov.svelte-intellisense-0.7.1/client/node_modules/vscode-languageclient/lib/protocolConverter.js:134:31)
    at l.provideHover (/opt/visual-studio-code/resources/app/out/vs/workbench/api/node/extensionHostProcess.js:104:39865)
2023-09-02 17:44:04.397 [error] Cannot read properties of null (reading 'kind'): TypeError: Cannot read properties of null (reading 'kind')
    at asHoverContent (/home/admin/.vscode/extensions/ardenivanov.svelte-intellisense-0.7.1/client/node_modules/vscode-languageclient/lib/protocolConverter.js:101:27)
    at asHover (/home/admin/.vscode/extensions/ardenivanov.svelte-intellisense-0.7.1/client/node_modules/vscode-languageclient/lib/protocolConverter.js:134:31)
    at l.provideHover (/opt/visual-studio-code/resources/app/out/vs/workbench/api/node/extensionHostProcess.js:104:39865)
2023-09-03 15:07:29.528 [error] Cannot read properties of null (reading 'kind'): TypeError: Cannot read properties of null (reading 'kind')
    at asHoverContent (/home/admin/.vscode/extensions/ardenivanov.svelte-intellisense-0.7.1/client/node_modules/vscode-languageclient/lib/protocolConverter.js:101:27)
    at asHover (/home/admin/.vscode/extensions/ardenivanov.svelte-intellisense-0.7.1/client/node_modules/vscode-languageclient/lib/protocolConverter.js:134:31)
    at l.provideHover (/opt/visual-studio-code/resources/app/out/vs/workbench/api/node/extensionHostProcess.js:104:39865)
2023-09-03 15:07:59.610 [error] Cannot read properties of null (reading 'kind'): TypeError: Cannot read properties of null (reading 'kind')
    at asHoverContent (/home/admin/.vscode/extensions/ardenivanov.svelte-intellisense-0.7.1/client/node_modules/vscode-languageclient/lib/protocolConverter.js:101:27)
    at asHover (/home/admin/.vscode/extensions/ardenivanov.svelte-intellisense-0.7.1/client/node_modules/vscode-languageclient/lib/protocolConverter.js:134:31)
    at l.provideHover (/opt/visual-studio-code/resources/app/out/vs/workbench/api/node/extensionHostProcess.js:104:39865)
2023-09-03 15:08:09.233 [error] Cannot read properties of null (reading 'kind'): TypeError: Cannot read properties of null (reading 'kind')
    at asHoverContent (/home/admin/.vscode/extensions/ardenivanov.svelte-intellisense-0.7.1/client/node_modules/vscode-languageclient/lib/protocolConverter.js:101:27)
    at asHover (/home/admin/.vscode/extensions/ardenivanov.svelte-intellisense-0.7.1/client/node_modules/vscode-languageclient/lib/protocolConverter.js:134:31)
    at runNextTicks (node:internal/process/task_queues:61:5)
    at processImmediate (node:internal/timers:437:9)
    at l.provideHover (/opt/visual-studio-code/resources/app/out/vs/workbench/api/node/extensionHostProcess.js:104:39865)
2023-09-03 15:09:27.590 [error] Cannot read properties of null (reading 'kind'): TypeError: Cannot read properties of null (reading 'kind')
    at asHoverContent (/home/admin/.vscode/extensions/ardenivanov.svelte-intellisense-0.7.1/client/node_modules/vscode-languageclient/lib/protocolConverter.js:101:27)
    at asHover (/home/admin/.vscode/extensions/ardenivanov.svelte-intellisense-0.7.1/client/node_modules/vscode-languageclient/lib/protocolConverter.js:134:31)
    at runNextTicks (node:internal/process/task_queues:61:5)
    at processImmediate (node:internal/timers:437:9)
    at l.provideHover (/opt/visual-studio-code/resources/app/out/vs/workbench/api/node/extensionHostProcess.js:104:39865)
2023-09-03 15:09:38.437 [error] Cannot read properties of null (reading 'kind'): TypeError: Cannot read properties of null (reading 'kind')
    at asHoverContent (/home/admin/.vscode/extensions/ardenivanov.svelte-intellisense-0.7.1/client/node_modules/vscode-languageclient/lib/protocolConverter.js:101:27)
    at asHover (/home/admin/.vscode/extensions/ardenivanov.svelte-intellisense-0.7.1/client/node_modules/vscode-languageclient/lib/protocolConverter.js:134:31)
    at runNextTicks (node:internal/process/task_queues:61:5)
    at processImmediate (node:internal/timers:437:9)
    at l.provideHover (/opt/visual-studio-code/resources/app/out/vs/workbench/api/node/extensionHostProcess.js:104:39865)
2023-09-03 15:09:39.955 [error] Cannot read properties of null (reading 'kind'): TypeError: Cannot read properties of null (reading 'kind')
    at asHoverContent (/home/admin/.vscode/extensions/ardenivanov.svelte-intellisense-0.7.1/client/node_modules/vscode-languageclient/lib/protocolConverter.js:101:27)
    at asHover (/home/admin/.vscode/extensions/ardenivanov.svelte-intellisense-0.7.1/client/node_modules/vscode-languageclient/lib/protocolConverter.js:134:31)
    at runNextTicks (node:internal/process/task_queues:61:5)
    at processImmediate (node:internal/timers:437:9)
    at l.provideHover (/opt/visual-studio-code/resources/app/out/vs/workbench/api/node/extensionHostProcess.js:104:39865)
2023-09-03 15:10:05.205 [error] Cannot read properties of null (reading 'kind'): TypeError: Cannot read properties of null (reading 'kind')
    at asHoverContent (/home/admin/.vscode/extensions/ardenivanov.svelte-intellisense-0.7.1/client/node_modules/vscode-languageclient/lib/protocolConverter.js:101:27)
    at asHover (/home/admin/.vscode/extensions/ardenivanov.svelte-intellisense-0.7.1/client/node_modules/vscode-languageclient/lib/protocolConverter.js:134:31)
    at l.provideHover (/opt/visual-studio-code/resources/app/out/vs/workbench/api/node/extensionHostProcess.js:104:39865)
2023-09-03 15:16:01.875 [error] Cannot read properties of null (reading 'kind'): TypeError: Cannot read properties of null (reading 'kind')
    at asHoverContent (/home/admin/.vscode/extensions/ardenivanov.svelte-intellisense-0.7.1/client/node_modules/vscode-languageclient/lib/protocolConverter.js:101:27)
    at asHover (/home/admin/.vscode/extensions/ardenivanov.svelte-intellisense-0.7.1/client/node_modules/vscode-languageclient/lib/protocolConverter.js:134:31)
    at runNextTicks (node:internal/process/task_queues:61:5)
    at processImmediate (node:internal/timers:437:9)
    at l.provideHover (/opt/visual-studio-code/resources/app/out/vs/workbench/api/node/extensionHostProcess.js:104:39865)
2023-09-03 15:16:02.774 [error] Cannot read properties of null (reading 'kind'): TypeError: Cannot read properties of null (reading 'kind')
    at asHoverContent (/home/admin/.vscode/extensions/ardenivanov.svelte-intellisense-0.7.1/client/node_modules/vscode-languageclient/lib/protocolConverter.js:101:27)
    at asHover (/home/admin/.vscode/extensions/ardenivanov.svelte-intellisense-0.7.1/client/node_modules/vscode-languageclient/lib/protocolConverter.js:134:31)
    at l.provideHover (/opt/visual-studio-code/resources/app/out/vs/workbench/api/node/extensionHostProcess.js:104:39865)
2023-09-03 15:16:03.508 [error] Cannot read properties of null (reading 'kind'): TypeError: Cannot read properties of null (reading 'kind')
    at asHoverContent (/home/admin/.vscode/extensions/ardenivanov.svelte-intellisense-0.7.1/client/node_modules/vscode-languageclient/lib/protocolConverter.js:101:27)
    at asHover (/home/admin/.vscode/extensions/ardenivanov.svelte-intellisense-0.7.1/client/node_modules/vscode-languageclient/lib/protocolConverter.js:134:31)
    at runNextTicks (node:internal/process/task_queues:61:5)
    at processImmediate (node:internal/timers:437:9)
    at l.provideHover (/opt/visual-studio-code/resources/app/out/vs/workbench/api/node/extensionHostProcess.js:104:39865)
2023-09-03 15:16:04.024 [error] Cannot read properties of null (reading 'kind'): TypeError: Cannot read properties of null (reading 'kind')
    at asHoverContent (/home/admin/.vscode/extensions/ardenivanov.svelte-intellisense-0.7.1/client/node_modules/vscode-languageclient/lib/protocolConverter.js:101:27)
    at asHover (/home/admin/.vscode/extensions/ardenivanov.svelte-intellisense-0.7.1/client/node_modules/vscode-languageclient/lib/protocolConverter.js:134:31)
    at l.provideHover (/opt/visual-studio-code/resources/app/out/vs/workbench/api/node/extensionHostProcess.js:104:39865)
2023-09-03 15:16:24.257 [error] Cannot read properties of null (reading 'kind'): TypeError: Cannot read properties of null (reading 'kind')
    at asHoverContent (/home/admin/.vscode/extensions/ardenivanov.svelte-intellisense-0.7.1/client/node_modules/vscode-languageclient/lib/protocolConverter.js:101:27)
    at asHover (/home/admin/.vscode/extensions/ardenivanov.svelte-intellisense-0.7.1/client/node_modules/vscode-languageclient/lib/protocolConverter.js:134:31)
    at runNextTicks (node:internal/process/task_queues:61:5)
    at processImmediate (node:internal/timers:437:9)
    at l.provideHover (/opt/visual-studio-code/resources/app/out/vs/workbench/api/node/extensionHostProcess.js:104:39865)
2023-09-03 15:16:24.702 [error] Cannot read properties of null (reading 'kind'): TypeError: Cannot read properties of null (reading 'kind')
    at asHoverContent (/home/admin/.vscode/extensions/ardenivanov.svelte-intellisense-0.7.1/client/node_modules/vscode-languageclient/lib/protocolConverter.js:101:27)
    at asHover (/home/admin/.vscode/extensions/ardenivanov.svelte-intellisense-0.7.1/client/node_modules/vscode-languageclient/lib/protocolConverter.js:134:31)
    at l.provideHover (/opt/visual-studio-code/resources/app/out/vs/workbench/api/node/extensionHostProcess.js:104:39865)
2023-09-03 15:30:22.728 [error] Cannot read properties of null (reading 'kind'): TypeError: Cannot read properties of null (reading 'kind')
    at asHoverContent (/home/admin/.vscode/extensions/ardenivanov.svelte-intellisense-0.7.1/client/node_modules/vscode-languageclient/lib/protocolConverter.js:101:27)
    at asHover (/home/admin/.vscode/extensions/ardenivanov.svelte-intellisense-0.7.1/client/node_modules/vscode-languageclient/lib/protocolConverter.js:134:31)
    at l.provideHover (/opt/visual-studio-code/resources/app/out/vs/workbench/api/node/extensionHostProcess.js:104:39865)
2023-09-03 15:31:32.187 [error] Cannot read properties of null (reading 'kind'): TypeError: Cannot read properties of null (reading 'kind')
    at asHoverContent (/home/admin/.vscode/extensions/ardenivanov.svelte-intellisense-0.7.1/client/node_modules/vscode-languageclient/lib/protocolConverter.js:101:27)
    at asHover (/home/admin/.vscode/extensions/ardenivanov.svelte-intellisense-0.7.1/client/node_modules/vscode-languageclient/lib/protocolConverter.js:134:31)
    at l.provideHover (/opt/visual-studio-code/resources/app/out/vs/workbench/api/node/extensionHostProcess.js:104:39865)
2023-09-03 15:32:18.385 [error] Cannot read properties of null (reading 'kind'): TypeError: Cannot read properties of null (reading 'kind')
    at asHoverContent (/home/admin/.vscode/extensions/ardenivanov.svelte-intellisense-0.7.1/client/node_modules/vscode-languageclient/lib/protocolConverter.js:101:27)
    at asHover (/home/admin/.vscode/extensions/ardenivanov.svelte-intellisense-0.7.1/client/node_modules/vscode-languageclient/lib/protocolConverter.js:134:31)
    at runNextTicks (node:internal/process/task_queues:61:5)
    at processImmediate (node:internal/timers:437:9)
    at l.provideHover (/opt/visual-studio-code/resources/app/out/vs/workbench/api/node/extensionHostProcess.js:104:39865)
2023-09-03 15:32:18.835 [error] Cannot read properties of null (reading 'kind'): TypeError: Cannot read properties of null (reading 'kind')
    at asHoverContent (/home/admin/.vscode/extensions/ardenivanov.svelte-intellisense-0.7.1/client/node_modules/vscode-languageclient/lib/protocolConverter.js:101:27)
    at asHover (/home/admin/.vscode/extensions/ardenivanov.svelte-intellisense-0.7.1/client/node_modules/vscode-languageclient/lib/protocolConverter.js:134:31)
    at l.provideHover (/opt/visual-studio-code/resources/app/out/vs/workbench/api/node/extensionHostProcess.js:104:39865)
2023-09-04 16:40:12.768 [error] TreeError [FileExplorer] Data tree node not found: ExplorerItem: AuthenticationHandler.ts: Error: TreeError [FileExplorer] Data tree node not found: ExplorerItem: AuthenticationHandler.ts
    at ae.A (vscode-file://vscode-app/opt/visual-studio-code/resources/app/out/vs/workbench/workbench.desktop.main.js:594:17802)
    at ae.getNode (vscode-file://vscode-app/opt/visual-studio-code/resources/app/out/vs/workbench/workbench.desktop.main.js:594:15733)
    at r.Oe [as value] (vscode-file://vscode-app/opt/visual-studio-code/resources/app/out/vs/workbench/workbench.desktop.main.js:698:75638)
    at u.w (vscode-file://vscode-app/opt/visual-studio-code/resources/app/out/vs/workbench/workbench.desktop.main.js:69:1902)
    at u.fire (vscode-file://vscode-app/opt/visual-studio-code/resources/app/out/vs/workbench/workbench.desktop.main.js:69:2119)
    at r.value (vscode-file://vscode-app/opt/visual-studio-code/resources/app/out/vs/workbench/workbench.desktop.main.js:67:44780)
    at u.w (vscode-file://vscode-app/opt/visual-studio-code/resources/app/out/vs/workbench/workbench.desktop.main.js:69:1902)
    at u.x (vscode-file://vscode-app/opt/visual-studio-code/resources/app/out/vs/workbench/workbench.desktop.main.js:69:1972)
    at u.fire (vscode-file://vscode-app/opt/visual-studio-code/resources/app/out/vs/workbench/workbench.desktop.main.js:69:2188)
    at f.s (vscode-file://vscode-app/opt/visual-studio-code/resources/app/out/vs/workbench/workbench.desktop.main.js:170:21726)
    at f.splice (vscode-file://vscode-app/opt/visual-studio-code/resources/app/out/vs/workbench/workbench.desktop.main.js:170:19864)
    at P.l (vscode-file://vscode-app/opt/visual-studio-code/resources/app/out/vs/workbench/workbench.desktop.main.js:170:28127)
    at P.setChildren (vscode-file://vscode-app/opt/visual-studio-code/resources/app/out/vs/workbench/workbench.desktop.main.js:170:27671)
    at l.i (vscode-file://vscode-app/opt/visual-studio-code/resources/app/out/vs/workbench/workbench.desktop.main.js:170:33882)
    at l.setChildren (vscode-file://vscode-app/opt/visual-studio-code/resources/app/out/vs/workbench/workbench.desktop.main.js:170:33287)
    at a.setChildren (vscode-file://vscode-app/opt/visual-studio-code/resources/app/out/vs/workbench/workbench.desktop.main.js:170:37071)
    at y.setChildren (vscode-file://vscode-app/opt/visual-studio-code/resources/app/out/vs/workbench/workbench.desktop.main.js:594:7440)
    at ae.I (vscode-file://vscode-app/opt/visual-studio-code/resources/app/out/vs/workbench/workbench.desktop.main.js:594:20754)
    at ae.I (vscode-file://vscode-app/opt/visual-studio-code/resources/app/out/vs/workbench/workbench.desktop.main.js:594:24532)
    at ae.B (vscode-file://vscode-app/opt/visual-studio-code/resources/app/out/vs/workbench/workbench.desktop.main.js:594:17904)
    at async ae.z (vscode-file://vscode-app/opt/visual-studio-code/resources/app/out/vs/workbench/workbench.desktop.main.js:594:15366)
    at async ae.updateChildren (vscode-file://vscode-app/opt/visual-studio-code/resources/app/out/vs/workbench/workbench.desktop.main.js:594:15111)
    at async vscode-file://vscode-app/opt/visual-studio-code/resources/app/out/vs/workbench/workbench.desktop.main.js:1542:158029
    at async Promise.all (index 0)
    at async Xl.y (vscode-file://vscode-app/opt/visual-studio-code/resources/app/out/vs/workbench/workbench.desktop.main.js:1542:157914)
2023-09-04 19:25:36.657 [error] Cannot read properties of undefined (reading 'filter'): TypeError: Cannot read properties of undefined (reading 'filter')
    at Object.<anonymous> (/home/admin/.vscode/extensions/bradlc.vscode-tailwindcss-0.10.0/dist/extension.js:43:11904)
    at Generator.next (<anonymous>)
    at s (/home/admin/.vscode/extensions/bradlc.vscode-tailwindcss-0.10.0/dist/extension.js:1:1247)
2023-09-04 19:25:47.554 [error] Cannot read properties of undefined (reading 'filter'): TypeError: Cannot read properties of undefined (reading 'filter')
    at Object.<anonymous> (/home/admin/.vscode/extensions/bradlc.vscode-tailwindcss-0.10.0/dist/extension.js:43:11904)
    at Generator.next (<anonymous>)
    at s (/home/admin/.vscode/extensions/bradlc.vscode-tailwindcss-0.10.0/dist/extension.js:1:1247)
2023-09-04 19:33:24.292 [error] Cannot read properties of null (reading 'kind'): TypeError: Cannot read properties of null (reading 'kind')
    at asHoverContent (/home/admin/.vscode/extensions/ardenivanov.svelte-intellisense-0.7.1/client/node_modules/vscode-languageclient/lib/protocolConverter.js:101:27)
    at asHover (/home/admin/.vscode/extensions/ardenivanov.svelte-intellisense-0.7.1/client/node_modules/vscode-languageclient/lib/protocolConverter.js:134:31)
    at l.provideHover (/opt/visual-studio-code/resources/app/out/vs/workbench/api/node/extensionHostProcess.js:104:39865)
2023-09-04 19:35:36.607 [error] [Extension Host] SyntaxError: ',' expected. (4:36)
  2 |     import { Table, TableSource } from "@skeletonlabs/skeleton";
  3 |
> 4 |     const tableSimple: TableSource {
    |                                    ^
  5 |         // A list of heading labels.
  6 | 	head: ['Name', 'Symbol', 'Weight'],
  7 | 	// The data visibly shown in your table body UI.
    at v (/home/admin/repos/JobManager/node_modules/prettier/parser-typescript.js:1:14741)
    at _H (/home/admin/repos/JobManager/node_modules/prettier/parser-typescript.js:49:10722)
    at Object.cH [as parse] (/home/admin/repos/JobManager/node_modules/prettier/parser-typescript.js:49:11028)
    at Object.parse (/home/admin/repos/JobManager/node_modules/prettier/index.js:7515:23)
    at textToDoc (/home/admin/repos/JobManager/node_modules/prettier/index.js:8478:39)
    at /home/admin/repos/JobManager/node_modules/prettier/index.js:8466:99
    at formatBodyContent (/home/admin/repos/JobManager/node_modules/prettier-plugin-svelte/src/embed.ts:146:22)
    at /home/admin/repos/JobManager/node_modules/prettier-plugin-svelte/src/embed.ts:70:26
    at embedTag (/home/admin/repos/JobManager/node_modules/prettier-plugin-svelte/src/embed.ts:212:15)
    at embedType (/home/admin/repos/JobManager/node_modules/prettier-plugin-svelte/src/embed.ts:66:9)
    at embedScript (/home/admin/repos/JobManager/node_modules/prettier-plugin-svelte/src/embed.ts:77:9)
    at Object.embed (/home/admin/repos/JobManager/node_modules/prettier-plugin-svelte/src/embed.ts:91:20)
    at Object.printSubtree (/home/admin/repos/JobManager/node_modules/prettier/index.js:8466:32)
    at callPluginPrintFunction (/home/admin/repos/JobManager/node_modules/prettier/index.js:8593:32)
    at mainPrintInternal (/home/admin/repos/JobManager/node_modules/prettier/index.js:8550:22)
    at mainPrint (/home/admin/repos/JobManager/node_modules/prettier/index.js:8537:18)
    at AstPath.call (/home/admin/repos/JobManager/node_modules/prettier/index.js:8359:24)
    at printTopLevelParts (/home/admin/repos/JobManager/node_modules/prettier-plugin-svelte/src/print/index.ts:913:33)
    at Object.print (/home/admin/repos/JobManager/node_modules/prettier-plugin-svelte/src/print/index.ts:105:16)
    at callPluginPrintFunction (/home/admin/repos/JobManager/node_modules/prettier/index.js:8601:26)
    at mainPrintInternal (/home/admin/repos/JobManager/node_modules/prettier/index.js:8550:22)
    at mainPrint (/home/admin/repos/JobManager/node_modules/prettier/index.js:8537:18)
    at printAstToDoc (/home/admin/repos/JobManager/node_modules/prettier/index.js:8529:18)
    at coreFormat (/home/admin/repos/JobManager/node_modules/prettier/index.js:8837:20)
    at formatWithCursor2 (/home/admin/repos/JobManager/node_modules/prettier/index.js:9021:18)
    at /home/admin/repos/JobManager/node_modules/prettier/index.js:38183:12
    at Object.format (/home/admin/repos/JobManager/node_modules/prettier/index.js:38197:12)
    at t.PrettierMainThreadInstance.format (/home/admin/.vscode/extensions/esbenp.prettier-vscode-10.1.0/dist/extension.js:1:18023)
    at t.default.format (/home/admin/.vscode/extensions/esbenp.prettier-vscode-10.1.0/dist/extension.js:1:16114)
    at t.PrettierEditProvider.provideEdits (/home/admin/.vscode/extensions/esbenp.prettier-vscode-10.1.0/dist/extension.js:1:12672)
    at U.provideDocumentFormattingEdits (/opt/visual-studio-code/resources/app/out/vs/workbench/api/node/extensionHostProcess.js:104:44948)
2023-09-04 19:38:19.244 [error] [Extension Host] SyntaxError: ',' expected. (8:36)
   6 |     ]
   7 |
>  8 |     const tableSimple: TableSource {
     |                                    ^
   9 |         head=["Id", "Name", "State", "Start", "End", "Type", "Items"],
  10 |         body=tableMapperValues(sourceData, ["_id", "name", "state", "start", "end", "type", "items"])
  11 |     }
    at v (/home/admin/repos/JobManager/node_modules/prettier/parser-typescript.js:1:14741)
    at _H (/home/admin/repos/JobManager/node_modules/prettier/parser-typescript.js:49:10722)
    at Object.cH [as parse] (/home/admin/repos/JobManager/node_modules/prettier/parser-typescript.js:49:11028)
    at Object.parse (/home/admin/repos/JobManager/node_modules/prettier/index.js:7515:23)
    at textToDoc (/home/admin/repos/JobManager/node_modules/prettier/index.js:8478:39)
    at /home/admin/repos/JobManager/node_modules/prettier/index.js:8466:99
    at formatBodyContent (/home/admin/repos/JobManager/node_modules/prettier-plugin-svelte/src/embed.ts:146:22)
    at /home/admin/repos/JobManager/node_modules/prettier-plugin-svelte/src/embed.ts:70:26
    at embedTag (/home/admin/repos/JobManager/node_modules/prettier-plugin-svelte/src/embed.ts:212:15)
    at embedType (/home/admin/repos/JobManager/node_modules/prettier-plugin-svelte/src/embed.ts:66:9)
    at embedScript (/home/admin/repos/JobManager/node_modules/prettier-plugin-svelte/src/embed.ts:77:9)
    at Object.embed (/home/admin/repos/JobManager/node_modules/prettier-plugin-svelte/src/embed.ts:91:20)
    at Object.printSubtree (/home/admin/repos/JobManager/node_modules/prettier/index.js:8466:32)
    at callPluginPrintFunction (/home/admin/repos/JobManager/node_modules/prettier/index.js:8593:32)
    at mainPrintInternal (/home/admin/repos/JobManager/node_modules/prettier/index.js:8550:22)
    at mainPrint (/home/admin/repos/JobManager/node_modules/prettier/index.js:8537:18)
    at AstPath.call (/home/admin/repos/JobManager/node_modules/prettier/index.js:8359:24)
    at printTopLevelParts (/home/admin/repos/JobManager/node_modules/prettier-plugin-svelte/src/print/index.ts:913:33)
    at Object.print (/home/admin/repos/JobManager/node_modules/prettier-plugin-svelte/src/print/index.ts:105:16)
    at callPluginPrintFunction (/home/admin/repos/JobManager/node_modules/prettier/index.js:8601:26)
    at mainPrintInternal (/home/admin/repos/JobManager/node_modules/prettier/index.js:8550:22)
    at mainPrint (/home/admin/repos/JobManager/node_modules/prettier/index.js:8537:18)
    at printAstToDoc (/home/admin/repos/JobManager/node_modules/prettier/index.js:8529:18)
    at coreFormat (/home/admin/repos/JobManager/node_modules/prettier/index.js:8837:20)
    at formatWithCursor2 (/home/admin/repos/JobManager/node_modules/prettier/index.js:9021:18)
    at /home/admin/repos/JobManager/node_modules/prettier/index.js:38183:12
    at Object.format (/home/admin/repos/JobManager/node_modules/prettier/index.js:38197:12)
    at t.PrettierMainThreadInstance.format (/home/admin/.vscode/extensions/esbenp.prettier-vscode-10.1.0/dist/extension.js:1:18023)
    at t.default.format (/home/admin/.vscode/extensions/esbenp.prettier-vscode-10.1.0/dist/extension.js:1:16114)
    at t.PrettierEditProvider.provideEdits (/home/admin/.vscode/extensions/esbenp.prettier-vscode-10.1.0/dist/extension.js:1:12672)
    at U.provideDocumentFormattingEdits (/opt/visual-studio-code/resources/app/out/vs/workbench/api/node/extensionHostProcess.js:104:44948)
2023-09-04 19:38:30.029 [error] [Extension Host] SyntaxError: ',' expected. (8:36)
   6 |     ]
   7 |
>  8 |     const tableSimple: TableSource {
     |                                    ^
   9 |         head=["Id", "Name", "State", "Start", "End", "Type", "Items"],
  10 |         body=tableMapperValues(sourceData, ["_id", "name", "state", "start", "end", "type", "items"]),
  11 |         meta=tableMapperValues(sourceData, ["_id", "name", "state", "start", "end", "type", "items"])
    at v (/home/admin/repos/JobManager/node_modules/prettier/parser-typescript.js:1:14741)
    at _H (/home/admin/repos/JobManager/node_modules/prettier/parser-typescript.js:49:10722)
    at Object.cH [as parse] (/home/admin/repos/JobManager/node_modules/prettier/parser-typescript.js:49:11028)
    at Object.parse (/home/admin/repos/JobManager/node_modules/prettier/index.js:7515:23)
    at textToDoc (/home/admin/repos/JobManager/node_modules/prettier/index.js:8478:39)
    at /home/admin/repos/JobManager/node_modules/prettier/index.js:8466:99
    at formatBodyContent (/home/admin/repos/JobManager/node_modules/prettier-plugin-svelte/src/embed.ts:146:22)
    at /home/admin/repos/JobManager/node_modules/prettier-plugin-svelte/src/embed.ts:70:26
    at embedTag (/home/admin/repos/JobManager/node_modules/prettier-plugin-svelte/src/embed.ts:212:15)
    at embedType (/home/admin/repos/JobManager/node_modules/prettier-plugin-svelte/src/embed.ts:66:9)
    at embedScript (/home/admin/repos/JobManager/node_modules/prettier-plugin-svelte/src/embed.ts:77:9)
    at Object.embed (/home/admin/repos/JobManager/node_modules/prettier-plugin-svelte/src/embed.ts:91:20)
    at Object.printSubtree (/home/admin/repos/JobManager/node_modules/prettier/index.js:8466:32)
    at callPluginPrintFunction (/home/admin/repos/JobManager/node_modules/prettier/index.js:8593:32)
    at mainPrintInternal (/home/admin/repos/JobManager/node_modules/prettier/index.js:8550:22)
    at mainPrint (/home/admin/repos/JobManager/node_modules/prettier/index.js:8537:18)
    at AstPath.call (/home/admin/repos/JobManager/node_modules/prettier/index.js:8359:24)
    at printTopLevelParts (/home/admin/repos/JobManager/node_modules/prettier-plugin-svelte/src/print/index.ts:913:33)
    at Object.print (/home/admin/repos/JobManager/node_modules/prettier-plugin-svelte/src/print/index.ts:105:16)
    at callPluginPrintFunction (/home/admin/repos/JobManager/node_modules/prettier/index.js:8601:26)
    at mainPrintInternal (/home/admin/repos/JobManager/node_modules/prettier/index.js:8550:22)
    at mainPrint (/home/admin/repos/JobManager/node_modules/prettier/index.js:8537:18)
    at printAstToDoc (/home/admin/repos/JobManager/node_modules/prettier/index.js:8529:18)
    at coreFormat (/home/admin/repos/JobManager/node_modules/prettier/index.js:8837:20)
    at formatWithCursor2 (/home/admin/repos/JobManager/node_modules/prettier/index.js:9021:18)
    at /home/admin/repos/JobManager/node_modules/prettier/index.js:38183:12
    at Object.format (/home/admin/repos/JobManager/node_modules/prettier/index.js:38197:12)
    at t.PrettierMainThreadInstance.format (/home/admin/.vscode/extensions/esbenp.prettier-vscode-10.1.0/dist/extension.js:1:18023)
    at t.default.format (/home/admin/.vscode/extensions/esbenp.prettier-vscode-10.1.0/dist/extension.js:1:16114)
    at t.PrettierEditProvider.provideEdits (/home/admin/.vscode/extensions/esbenp.prettier-vscode-10.1.0/dist/extension.js:1:12672)
    at U.provideDocumentFormattingEdits (/opt/visual-studio-code/resources/app/out/vs/workbench/api/node/extensionHostProcess.js:104:44948)
2023-09-04 19:38:43.362 [error] [Extension Host] SyntaxError: ',' expected. (8:36)
   6 |     ]
   7 |
>  8 |     const tableSimple: TableSource {
     |                                    ^
   9 |         head=["Id", "Name", "State", "Start", "End", "Type", "Items"],
  10 |         body=tableMapperValues(sourceData, ["_id", "name", "state", "start", "end", "type", "items"]),
  11 |         meta=tableMapperValues(sourceData, ["_id", "name", "state", "start", "end", "type", "items"])
    at v (/home/admin/repos/JobManager/node_modules/prettier/parser-typescript.js:1:14741)
    at _H (/home/admin/repos/JobManager/node_modules/prettier/parser-typescript.js:49:10722)
    at Object.cH [as parse] (/home/admin/repos/JobManager/node_modules/prettier/parser-typescript.js:49:11028)
    at Object.parse (/home/admin/repos/JobManager/node_modules/prettier/index.js:7515:23)
    at textToDoc (/home/admin/repos/JobManager/node_modules/prettier/index.js:8478:39)
    at /home/admin/repos/JobManager/node_modules/prettier/index.js:8466:99
    at formatBodyContent (/home/admin/repos/JobManager/node_modules/prettier-plugin-svelte/src/embed.ts:146:22)
    at /home/admin/repos/JobManager/node_modules/prettier-plugin-svelte/src/embed.ts:70:26
    at embedTag (/home/admin/repos/JobManager/node_modules/prettier-plugin-svelte/src/embed.ts:212:15)
    at embedType (/home/admin/repos/JobManager/node_modules/prettier-plugin-svelte/src/embed.ts:66:9)
    at embedScript (/home/admin/repos/JobManager/node_modules/prettier-plugin-svelte/src/embed.ts:77:9)
    at Object.embed (/home/admin/repos/JobManager/node_modules/prettier-plugin-svelte/src/embed.ts:91:20)
    at Object.printSubtree (/home/admin/repos/JobManager/node_modules/prettier/index.js:8466:32)
    at callPluginPrintFunction (/home/admin/repos/JobManager/node_modules/prettier/index.js:8593:32)
    at mainPrintInternal (/home/admin/repos/JobManager/node_modules/prettier/index.js:8550:22)
    at mainPrint (/home/admin/repos/JobManager/node_modules/prettier/index.js:8537:18)
    at AstPath.call (/home/admin/repos/JobManager/node_modules/prettier/index.js:8359:24)
    at printTopLevelParts (/home/admin/repos/JobManager/node_modules/prettier-plugin-svelte/src/print/index.ts:913:33)
    at Object.print (/home/admin/repos/JobManager/node_modules/prettier-plugin-svelte/src/print/index.ts:105:16)
    at callPluginPrintFunction (/home/admin/repos/JobManager/node_modules/prettier/index.js:8601:26)
    at mainPrintInternal (/home/admin/repos/JobManager/node_modules/prettier/index.js:8550:22)
    at mainPrint (/home/admin/repos/JobManager/node_modules/prettier/index.js:8537:18)
    at printAstToDoc (/home/admin/repos/JobManager/node_modules/prettier/index.js:8529:18)
    at coreFormat (/home/admin/repos/JobManager/node_modules/prettier/index.js:8837:20)
    at formatWithCursor2 (/home/admin/repos/JobManager/node_modules/prettier/index.js:9021:18)
    at /home/admin/repos/JobManager/node_modules/prettier/index.js:38183:12
    at Object.format (/home/admin/repos/JobManager/node_modules/prettier/index.js:38197:12)
    at t.PrettierMainThreadInstance.format (/home/admin/.vscode/extensions/esbenp.prettier-vscode-10.1.0/dist/extension.js:1:18023)
    at t.default.format (/home/admin/.vscode/extensions/esbenp.prettier-vscode-10.1.0/dist/extension.js:1:16114)
    at t.PrettierEditProvider.provideEdits (/home/admin/.vscode/extensions/esbenp.prettier-vscode-10.1.0/dist/extension.js:1:12672)
    at U.provideDocumentFormattingEdits (/opt/visual-studio-code/resources/app/out/vs/workbench/api/node/extensionHostProcess.js:104:44948)
2023-09-04 19:38:52.183 [error] [Extension Host] SyntaxError: ',' expected. (8:36)
   6 |     ]
   7 |
>  8 |     const tableSimple: TableSource {
     |                                    ^
   9 |         head=["Id", "Name", "State", "Start", "End", "Type", "Items"],
  10 |         body=tableMapperValues(sourceData, ["_id", "name", "state", "start", "end", "type", "items"]),
  11 |         meta=tableMapperValues(sourceData, ["_id", "name", "state", "start", "end", "type", "items"])
    at v (/home/admin/repos/JobManager/node_modules/prettier/parser-typescript.js:1:14741)
    at _H (/home/admin/repos/JobManager/node_modules/prettier/parser-typescript.js:49:10722)
    at Object.cH [as parse] (/home/admin/repos/JobManager/node_modules/prettier/parser-typescript.js:49:11028)
    at Object.parse (/home/admin/repos/JobManager/node_modules/prettier/index.js:7515:23)
    at textToDoc (/home/admin/repos/JobManager/node_modules/prettier/index.js:8478:39)
    at /home/admin/repos/JobManager/node_modules/prettier/index.js:8466:99
    at formatBodyContent (/home/admin/repos/JobManager/node_modules/prettier-plugin-svelte/src/embed.ts:146:22)
    at /home/admin/repos/JobManager/node_modules/prettier-plugin-svelte/src/embed.ts:70:26
    at embedTag (/home/admin/repos/JobManager/node_modules/prettier-plugin-svelte/src/embed.ts:212:15)
    at embedType (/home/admin/repos/JobManager/node_modules/prettier-plugin-svelte/src/embed.ts:66:9)
    at embedScript (/home/admin/repos/JobManager/node_modules/prettier-plugin-svelte/src/embed.ts:77:9)
    at Object.embed (/home/admin/repos/JobManager/node_modules/prettier-plugin-svelte/src/embed.ts:91:20)
    at Object.printSubtree (/home/admin/repos/JobManager/node_modules/prettier/index.js:8466:32)
    at callPluginPrintFunction (/home/admin/repos/JobManager/node_modules/prettier/index.js:8593:32)
    at mainPrintInternal (/home/admin/repos/JobManager/node_modules/prettier/index.js:8550:22)
    at mainPrint (/home/admin/repos/JobManager/node_modules/prettier/index.js:8537:18)
    at AstPath.call (/home/admin/repos/JobManager/node_modules/prettier/index.js:8359:24)
    at printTopLevelParts (/home/admin/repos/JobManager/node_modules/prettier-plugin-svelte/src/print/index.ts:913:33)
    at Object.print (/home/admin/repos/JobManager/node_modules/prettier-plugin-svelte/src/print/index.ts:105:16)
    at callPluginPrintFunction (/home/admin/repos/JobManager/node_modules/prettier/index.js:8601:26)
    at mainPrintInternal (/home/admin/repos/JobManager/node_modules/prettier/index.js:8550:22)
    at mainPrint (/home/admin/repos/JobManager/node_modules/prettier/index.js:8537:18)
    at printAstToDoc (/home/admin/repos/JobManager/node_modules/prettier/index.js:8529:18)
    at coreFormat (/home/admin/repos/JobManager/node_modules/prettier/index.js:8837:20)
    at formatWithCursor2 (/home/admin/repos/JobManager/node_modules/prettier/index.js:9021:18)
    at /home/admin/repos/JobManager/node_modules/prettier/index.js:38183:12
    at Object.format (/home/admin/repos/JobManager/node_modules/prettier/index.js:38197:12)
    at t.PrettierMainThreadInstance.format (/home/admin/.vscode/extensions/esbenp.prettier-vscode-10.1.0/dist/extension.js:1:18023)
    at t.default.format (/home/admin/.vscode/extensions/esbenp.prettier-vscode-10.1.0/dist/extension.js:1:16114)
    at t.PrettierEditProvider.provideEdits (/home/admin/.vscode/extensions/esbenp.prettier-vscode-10.1.0/dist/extension.js:1:12672)
    at U.provideDocumentFormattingEdits (/opt/visual-studio-code/resources/app/out/vs/workbench/api/node/extensionHostProcess.js:104:44948)
2023-09-04 19:39:01.567 [error] [Extension Host] SyntaxError: ',' expected. (8:36)
   6 |     ]
   7 |
>  8 |     const tableSimple: TableSource {
     |                                    ^
   9 |         head=["Id", "Name", "State", "Start", "End", "Type", "Items"],
  10 |         body=tableMapperValues(sourceData, ["_id", "name", "state", "start", "end", "type", "items"]),
  11 |         meta=tableMapperValues(sourceData, ["_id", "name", "state", "start", "end", "type", "items"])
    at v (/home/admin/repos/JobManager/node_modules/prettier/parser-typescript.js:1:14741)
    at _H (/home/admin/repos/JobManager/node_modules/prettier/parser-typescript.js:49:10722)
    at Object.cH [as parse] (/home/admin/repos/JobManager/node_modules/prettier/parser-typescript.js:49:11028)
    at Object.parse (/home/admin/repos/JobManager/node_modules/prettier/index.js:7515:23)
    at textToDoc (/home/admin/repos/JobManager/node_modules/prettier/index.js:8478:39)
    at /home/admin/repos/JobManager/node_modules/prettier/index.js:8466:99
    at formatBodyContent (/home/admin/repos/JobManager/node_modules/prettier-plugin-svelte/src/embed.ts:146:22)
    at /home/admin/repos/JobManager/node_modules/prettier-plugin-svelte/src/embed.ts:70:26
    at embedTag (/home/admin/repos/JobManager/node_modules/prettier-plugin-svelte/src/embed.ts:212:15)
    at embedType (/home/admin/repos/JobManager/node_modules/prettier-plugin-svelte/src/embed.ts:66:9)
    at embedScript (/home/admin/repos/JobManager/node_modules/prettier-plugin-svelte/src/embed.ts:77:9)
    at Object.embed (/home/admin/repos/JobManager/node_modules/prettier-plugin-svelte/src/embed.ts:91:20)
    at Object.printSubtree (/home/admin/repos/JobManager/node_modules/prettier/index.js:8466:32)
    at callPluginPrintFunction (/home/admin/repos/JobManager/node_modules/prettier/index.js:8593:32)
    at mainPrintInternal (/home/admin/repos/JobManager/node_modules/prettier/index.js:8550:22)
    at mainPrint (/home/admin/repos/JobManager/node_modules/prettier/index.js:8537:18)
    at AstPath.call (/home/admin/repos/JobManager/node_modules/prettier/index.js:8359:24)
    at printTopLevelParts (/home/admin/repos/JobManager/node_modules/prettier-plugin-svelte/src/print/index.ts:913:33)
    at Object.print (/home/admin/repos/JobManager/node_modules/prettier-plugin-svelte/src/print/index.ts:105:16)
    at callPluginPrintFunction (/home/admin/repos/JobManager/node_modules/prettier/index.js:8601:26)
    at mainPrintInternal (/home/admin/repos/JobManager/node_modules/prettier/index.js:8550:22)
    at mainPrint (/home/admin/repos/JobManager/node_modules/prettier/index.js:8537:18)
    at printAstToDoc (/home/admin/repos/JobManager/node_modules/prettier/index.js:8529:18)
    at coreFormat (/home/admin/repos/JobManager/node_modules/prettier/index.js:8837:20)
    at formatWithCursor2 (/home/admin/repos/JobManager/node_modules/prettier/index.js:9021:18)
    at /home/admin/repos/JobManager/node_modules/prettier/index.js:38183:12
    at Object.format (/home/admin/repos/JobManager/node_modules/prettier/index.js:38197:12)
    at t.PrettierMainThreadInstance.format (/home/admin/.vscode/extensions/esbenp.prettier-vscode-10.1.0/dist/extension.js:1:18023)
    at t.default.format (/home/admin/.vscode/extensions/esbenp.prettier-vscode-10.1.0/dist/extension.js:1:16114)
    at t.PrettierEditProvider.provideEdits (/home/admin/.vscode/extensions/esbenp.prettier-vscode-10.1.0/dist/extension.js:1:12672)
    at U.provideDocumentFormattingEdits (/opt/visual-studio-code/resources/app/out/vs/workbench/api/node/extensionHostProcess.js:104:44948)
2023-09-04 19:40:03.011 [error] [Extension Host] SyntaxError: ',' expected. (8:36)
   6 |     ]
   7 |
>  8 |     const tableSimple: TableSource {
     |                                    ^
   9 |         head=["Id", "Name", "State", "Start", "End", "Type", "Items"],
  10 |         body=tableMapperValues(sourceData, ["_id", "name", "state", "start", "end", "type", "items"]),
  11 |         meta=tableMapperValues(sourceData, ["_id", "name", "state", "start", "end", "type", "items"])
    at v (/home/admin/repos/JobManager/node_modules/prettier/parser-typescript.js:1:14741)
    at _H (/home/admin/repos/JobManager/node_modules/prettier/parser-typescript.js:49:10722)
    at Object.cH [as parse] (/home/admin/repos/JobManager/node_modules/prettier/parser-typescript.js:49:11028)
    at Object.parse (/home/admin/repos/JobManager/node_modules/prettier/index.js:7515:23)
    at textToDoc (/home/admin/repos/JobManager/node_modules/prettier/index.js:8478:39)
    at /home/admin/repos/JobManager/node_modules/prettier/index.js:8466:99
    at formatBodyContent (/home/admin/repos/JobManager/node_modules/prettier-plugin-svelte/src/embed.ts:146:22)
    at /home/admin/repos/JobManager/node_modules/prettier-plugin-svelte/src/embed.ts:70:26
    at embedTag (/home/admin/repos/JobManager/node_modules/prettier-plugin-svelte/src/embed.ts:212:15)
    at embedType (/home/admin/repos/JobManager/node_modules/prettier-plugin-svelte/src/embed.ts:66:9)
    at embedScript (/home/admin/repos/JobManager/node_modules/prettier-plugin-svelte/src/embed.ts:77:9)
    at Object.embed (/home/admin/repos/JobManager/node_modules/prettier-plugin-svelte/src/embed.ts:91:20)
    at Object.printSubtree (/home/admin/repos/JobManager/node_modules/prettier/index.js:8466:32)
    at callPluginPrintFunction (/home/admin/repos/JobManager/node_modules/prettier/index.js:8593:32)
    at mainPrintInternal (/home/admin/repos/JobManager/node_modules/prettier/index.js:8550:22)
    at mainPrint (/home/admin/repos/JobManager/node_modules/prettier/index.js:8537:18)
    at AstPath.call (/home/admin/repos/JobManager/node_modules/prettier/index.js:8359:24)
    at printTopLevelParts (/home/admin/repos/JobManager/node_modules/prettier-plugin-svelte/src/print/index.ts:913:33)
    at Object.print (/home/admin/repos/JobManager/node_modules/prettier-plugin-svelte/src/print/index.ts:105:16)
    at callPluginPrintFunction (/home/admin/repos/JobManager/node_modules/prettier/index.js:8601:26)
    at mainPrintInternal (/home/admin/repos/JobManager/node_modules/prettier/index.js:8550:22)
    at mainPrint (/home/admin/repos/JobManager/node_modules/prettier/index.js:8537:18)
    at printAstToDoc (/home/admin/repos/JobManager/node_modules/prettier/index.js:8529:18)
    at coreFormat (/home/admin/repos/JobManager/node_modules/prettier/index.js:8837:20)
    at formatWithCursor2 (/home/admin/repos/JobManager/node_modules/prettier/index.js:9021:18)
    at /home/admin/repos/JobManager/node_modules/prettier/index.js:38183:12
    at Object.format (/home/admin/repos/JobManager/node_modules/prettier/index.js:38197:12)
    at t.PrettierMainThreadInstance.format (/home/admin/.vscode/extensions/esbenp.prettier-vscode-10.1.0/dist/extension.js:1:18023)
    at t.default.format (/home/admin/.vscode/extensions/esbenp.prettier-vscode-10.1.0/dist/extension.js:1:16114)
    at t.PrettierEditProvider.provideEdits (/home/admin/.vscode/extensions/esbenp.prettier-vscode-10.1.0/dist/extension.js:1:12672)
    at U.provideDocumentFormattingEdits (/opt/visual-studio-code/resources/app/out/vs/workbench/api/node/extensionHostProcess.js:104:44948)
2023-09-04 19:41:06.574 [error] [Extension Host] SyntaxError: An element access expression should take an argument. (7:101)
   5 |
   6 |     const sourceData = [
>  7 |         new Job(new ObjectId("test"), "Test", JobState.CONFIRMED, new Date(), new Date(), new DBRef[], JobType.FULL_SERVICE)
     |                                                                                                     ^
   8 |     ]
   9 |
  10 |     const tableSimple: TableSource {
    at v (/home/admin/repos/JobManager/node_modules/prettier/parser-typescript.js:1:14741)
    at _H (/home/admin/repos/JobManager/node_modules/prettier/parser-typescript.js:49:10722)
    at Object.cH [as parse] (/home/admin/repos/JobManager/node_modules/prettier/parser-typescript.js:49:11028)
    at Object.parse (/home/admin/repos/JobManager/node_modules/prettier/index.js:7515:23)
    at textToDoc (/home/admin/repos/JobManager/node_modules/prettier/index.js:8478:39)
    at /home/admin/repos/JobManager/node_modules/prettier/index.js:8466:99
    at formatBodyContent (/home/admin/repos/JobManager/node_modules/prettier-plugin-svelte/src/embed.ts:146:22)
    at /home/admin/repos/JobManager/node_modules/prettier-plugin-svelte/src/embed.ts:70:26
    at embedTag (/home/admin/repos/JobManager/node_modules/prettier-plugin-svelte/src/embed.ts:212:15)
    at embedType (/home/admin/repos/JobManager/node_modules/prettier-plugin-svelte/src/embed.ts:66:9)
    at embedScript (/home/admin/repos/JobManager/node_modules/prettier-plugin-svelte/src/embed.ts:77:9)
    at Object.embed (/home/admin/repos/JobManager/node_modules/prettier-plugin-svelte/src/embed.ts:91:20)
    at Object.printSubtree (/home/admin/repos/JobManager/node_modules/prettier/index.js:8466:32)
    at callPluginPrintFunction (/home/admin/repos/JobManager/node_modules/prettier/index.js:8593:32)
    at mainPrintInternal (/home/admin/repos/JobManager/node_modules/prettier/index.js:8550:22)
    at mainPrint (/home/admin/repos/JobManager/node_modules/prettier/index.js:8537:18)
    at AstPath.call (/home/admin/repos/JobManager/node_modules/prettier/index.js:8359:24)
    at printTopLevelParts (/home/admin/repos/JobManager/node_modules/prettier-plugin-svelte/src/print/index.ts:913:33)
    at Object.print (/home/admin/repos/JobManager/node_modules/prettier-plugin-svelte/src/print/index.ts:105:16)
    at callPluginPrintFunction (/home/admin/repos/JobManager/node_modules/prettier/index.js:8601:26)
    at mainPrintInternal (/home/admin/repos/JobManager/node_modules/prettier/index.js:8550:22)
    at mainPrint (/home/admin/repos/JobManager/node_modules/prettier/index.js:8537:18)
    at printAstToDoc (/home/admin/repos/JobManager/node_modules/prettier/index.js:8529:18)
    at coreFormat (/home/admin/repos/JobManager/node_modules/prettier/index.js:8837:20)
    at formatWithCursor2 (/home/admin/repos/JobManager/node_modules/prettier/index.js:9021:18)
    at /home/admin/repos/JobManager/node_modules/prettier/index.js:38183:12
    at Object.format (/home/admin/repos/JobManager/node_modules/prettier/index.js:38197:12)
    at t.PrettierMainThreadInstance.format (/home/admin/.vscode/extensions/esbenp.prettier-vscode-10.1.0/dist/extension.js:1:18023)
    at t.default.format (/home/admin/.vscode/extensions/esbenp.prettier-vscode-10.1.0/dist/extension.js:1:16114)
    at t.PrettierEditProvider.provideEdits (/home/admin/.vscode/extensions/esbenp.prettier-vscode-10.1.0/dist/extension.js:1:12672)
    at U.provideDocumentFormattingEdits (/opt/visual-studio-code/resources/app/out/vs/workbench/api/node/extensionHostProcess.js:104:44948)
2023-09-04 19:41:28.613 [error] [Extension Host] SyntaxError: An element access expression should take an argument. (7:101)
   5 |
   6 |     const sourceData = [
>  7 |         new Job(new ObjectId("test"), "Test", JobState.CONFIRMED, new Date(), new Date(), new DBRef[], JobType.FULL_SERVICE)
     |                                                                                                     ^
   8 |     ]
   9 |
  10 |     const tableSimple: TableSource = {
    at v (/home/admin/repos/JobManager/node_modules/prettier/parser-typescript.js:1:14741)
    at _H (/home/admin/repos/JobManager/node_modules/prettier/parser-typescript.js:49:10722)
    at Object.cH [as parse] (/home/admin/repos/JobManager/node_modules/prettier/parser-typescript.js:49:11028)
    at Object.parse (/home/admin/repos/JobManager/node_modules/prettier/index.js:7515:23)
    at textToDoc (/home/admin/repos/JobManager/node_modules/prettier/index.js:8478:39)
    at /home/admin/repos/JobManager/node_modules/prettier/index.js:8466:99
    at formatBodyContent (/home/admin/repos/JobManager/node_modules/prettier-plugin-svelte/src/embed.ts:146:22)
    at /home/admin/repos/JobManager/node_modules/prettier-plugin-svelte/src/embed.ts:70:26
    at embedTag (/home/admin/repos/JobManager/node_modules/prettier-plugin-svelte/src/embed.ts:212:15)
    at embedType (/home/admin/repos/JobManager/node_modules/prettier-plugin-svelte/src/embed.ts:66:9)
    at embedScript (/home/admin/repos/JobManager/node_modules/prettier-plugin-svelte/src/embed.ts:77:9)
    at Object.embed (/home/admin/repos/JobManager/node_modules/prettier-plugin-svelte/src/embed.ts:91:20)
    at Object.printSubtree (/home/admin/repos/JobManager/node_modules/prettier/index.js:8466:32)
    at callPluginPrintFunction (/home/admin/repos/JobManager/node_modules/prettier/index.js:8593:32)
    at mainPrintInternal (/home/admin/repos/JobManager/node_modules/prettier/index.js:8550:22)
    at mainPrint (/home/admin/repos/JobManager/node_modules/prettier/index.js:8537:18)
    at AstPath.call (/home/admin/repos/JobManager/node_modules/prettier/index.js:8359:24)
    at printTopLevelParts (/home/admin/repos/JobManager/node_modules/prettier-plugin-svelte/src/print/index.ts:913:33)
    at Object.print (/home/admin/repos/JobManager/node_modules/prettier-plugin-svelte/src/print/index.ts:105:16)
    at callPluginPrintFunction (/home/admin/repos/JobManager/node_modules/prettier/index.js:8601:26)
    at mainPrintInternal (/home/admin/repos/JobManager/node_modules/prettier/index.js:8550:22)
    at mainPrint (/home/admin/repos/JobManager/node_modules/prettier/index.js:8537:18)
    at printAstToDoc (/home/admin/repos/JobManager/node_modules/prettier/index.js:8529:18)
    at coreFormat (/home/admin/repos/JobManager/node_modules/prettier/index.js:8837:20)
    at formatWithCursor2 (/home/admin/repos/JobManager/node_modules/prettier/index.js:9021:18)
    at /home/admin/repos/JobManager/node_modules/prettier/index.js:38183:12
    at Object.format (/home/admin/repos/JobManager/node_modules/prettier/index.js:38197:12)
    at t.PrettierMainThreadInstance.format (/home/admin/.vscode/extensions/esbenp.prettier-vscode-10.1.0/dist/extension.js:1:18023)
    at t.default.format (/home/admin/.vscode/extensions/esbenp.prettier-vscode-10.1.0/dist/extension.js:1:16114)
    at t.PrettierEditProvider.provideEdits (/home/admin/.vscode/extensions/esbenp.prettier-vscode-10.1.0/dist/extension.js:1:12672)
    at U.provideDocumentFormattingEdits (/opt/visual-studio-code/resources/app/out/vs/workbench/api/node/extensionHostProcess.js:104:44948)
2023-09-04 19:42:09.604 [error] [Extension Host] SyntaxError: An element access expression should take an argument. (7:101)
   5 |
   6 |     const sourceData = [
>  7 |         new Job(new ObjectId("test"), "Test", JobState.CONFIRMED, new Date(), new Date(), new DBRef[], JobType.FULL_SERVICE)
     |                                                                                                     ^
   8 |     ]
   9 |
  10 |     let tableSimple: TableSource = {
    at v (/home/admin/repos/JobManager/node_modules/prettier/parser-typescript.js:1:14741)
    at _H (/home/admin/repos/JobManager/node_modules/prettier/parser-typescript.js:49:10722)
    at Object.cH [as parse] (/home/admin/repos/JobManager/node_modules/prettier/parser-typescript.js:49:11028)
    at Object.parse (/home/admin/repos/JobManager/node_modules/prettier/index.js:7515:23)
    at textToDoc (/home/admin/repos/JobManager/node_modules/prettier/index.js:8478:39)
    at /home/admin/repos/JobManager/node_modules/prettier/index.js:8466:99
    at formatBodyContent (/home/admin/repos/JobManager/node_modules/prettier-plugin-svelte/src/embed.ts:146:22)
    at /home/admin/repos/JobManager/node_modules/prettier-plugin-svelte/src/embed.ts:70:26
    at embedTag (/home/admin/repos/JobManager/node_modules/prettier-plugin-svelte/src/embed.ts:212:15)
    at embedType (/home/admin/repos/JobManager/node_modules/prettier-plugin-svelte/src/embed.ts:66:9)
    at embedScript (/home/admin/repos/JobManager/node_modules/prettier-plugin-svelte/src/embed.ts:77:9)
    at Object.embed (/home/admin/repos/JobManager/node_modules/prettier-plugin-svelte/src/embed.ts:91:20)
    at Object.printSubtree (/home/admin/repos/JobManager/node_modules/prettier/index.js:8466:32)
    at callPluginPrintFunction (/home/admin/repos/JobManager/node_modules/prettier/index.js:8593:32)
    at mainPrintInternal (/home/admin/repos/JobManager/node_modules/prettier/index.js:8550:22)
    at mainPrint (/home/admin/repos/JobManager/node_modules/prettier/index.js:8537:18)
    at AstPath.call (/home/admin/repos/JobManager/node_modules/prettier/index.js:8359:24)
    at printTopLevelParts (/home/admin/repos/JobManager/node_modules/prettier-plugin-svelte/src/print/index.ts:913:33)
    at Object.print (/home/admin/repos/JobManager/node_modules/prettier-plugin-svelte/src/print/index.ts:105:16)
    at callPluginPrintFunction (/home/admin/repos/JobManager/node_modules/prettier/index.js:8601:26)
    at mainPrintInternal (/home/admin/repos/JobManager/node_modules/prettier/index.js:8550:22)
    at mainPrint (/home/admin/repos/JobManager/node_modules/prettier/index.js:8537:18)
    at printAstToDoc (/home/admin/repos/JobManager/node_modules/prettier/index.js:8529:18)
    at coreFormat (/home/admin/repos/JobManager/node_modules/prettier/index.js:8837:20)
    at formatWithCursor2 (/home/admin/repos/JobManager/node_modules/prettier/index.js:9021:18)
    at /home/admin/repos/JobManager/node_modules/prettier/index.js:38183:12
    at Object.format (/home/admin/repos/JobManager/node_modules/prettier/index.js:38197:12)
    at t.PrettierMainThreadInstance.format (/home/admin/.vscode/extensions/esbenp.prettier-vscode-10.1.0/dist/extension.js:1:18023)
    at t.default.format (/home/admin/.vscode/extensions/esbenp.prettier-vscode-10.1.0/dist/extension.js:1:16114)
    at t.PrettierEditProvider.provideEdits (/home/admin/.vscode/extensions/esbenp.prettier-vscode-10.1.0/dist/extension.js:1:12672)
    at U.provideDocumentFormattingEdits (/opt/visual-studio-code/resources/app/out/vs/workbench/api/node/extensionHostProcess.js:104:44948)
2023-09-04 19:42:28.546 [error] [Extension Host] SyntaxError: ':' expected. (7:14)
   5 |
   6 |     const sourceData = [
>  7 |         {new Job(new ObjectId("test"), "Test", JobState.CONFIRMED, new Date(), new Date(), new DBRef[], JobType.FULL_SERVICE)}
     |              ^
   8 |     ]
   9 |
  10 |     let tableSimple: TableSource = {
    at v (/home/admin/repos/JobManager/node_modules/prettier/parser-typescript.js:1:14741)
    at _H (/home/admin/repos/JobManager/node_modules/prettier/parser-typescript.js:49:10722)
    at Object.cH [as parse] (/home/admin/repos/JobManager/node_modules/prettier/parser-typescript.js:49:11028)
    at Object.parse (/home/admin/repos/JobManager/node_modules/prettier/index.js:7515:23)
    at textToDoc (/home/admin/repos/JobManager/node_modules/prettier/index.js:8478:39)
    at /home/admin/repos/JobManager/node_modules/prettier/index.js:8466:99
    at formatBodyContent (/home/admin/repos/JobManager/node_modules/prettier-plugin-svelte/src/embed.ts:146:22)
    at /home/admin/repos/JobManager/node_modules/prettier-plugin-svelte/src/embed.ts:70:26
    at embedTag (/home/admin/repos/JobManager/node_modules/prettier-plugin-svelte/src/embed.ts:212:15)
    at embedType (/home/admin/repos/JobManager/node_modules/prettier-plugin-svelte/src/embed.ts:66:9)
    at embedScript (/home/admin/repos/JobManager/node_modules/prettier-plugin-svelte/src/embed.ts:77:9)
    at Object.embed (/home/admin/repos/JobManager/node_modules/prettier-plugin-svelte/src/embed.ts:91:20)
    at Object.printSubtree (/home/admin/repos/JobManager/node_modules/prettier/index.js:8466:32)
    at callPluginPrintFunction (/home/admin/repos/JobManager/node_modules/prettier/index.js:8593:32)
    at mainPrintInternal (/home/admin/repos/JobManager/node_modules/prettier/index.js:8550:22)
    at mainPrint (/home/admin/repos/JobManager/node_modules/prettier/index.js:8537:18)
    at AstPath.call (/home/admin/repos/JobManager/node_modules/prettier/index.js:8359:24)
    at printTopLevelParts (/home/admin/repos/JobManager/node_modules/prettier-plugin-svelte/src/print/index.ts:913:33)
    at Object.print (/home/admin/repos/JobManager/node_modules/prettier-plugin-svelte/src/print/index.ts:105:16)
    at callPluginPrintFunction (/home/admin/repos/JobManager/node_modules/prettier/index.js:8601:26)
    at mainPrintInternal (/home/admin/repos/JobManager/node_modules/prettier/index.js:8550:22)
    at mainPrint (/home/admin/repos/JobManager/node_modules/prettier/index.js:8537:18)
    at printAstToDoc (/home/admin/repos/JobManager/node_modules/prettier/index.js:8529:18)
    at coreFormat (/home/admin/repos/JobManager/node_modules/prettier/index.js:8837:20)
    at formatWithCursor2 (/home/admin/repos/JobManager/node_modules/prettier/index.js:9021:18)
    at /home/admin/repos/JobManager/node_modules/prettier/index.js:38183:12
    at Object.format (/home/admin/repos/JobManager/node_modules/prettier/index.js:38197:12)
    at t.PrettierMainThreadInstance.format (/home/admin/.vscode/extensions/esbenp.prettier-vscode-10.1.0/dist/extension.js:1:18023)
    at t.default.format (/home/admin/.vscode/extensions/esbenp.prettier-vscode-10.1.0/dist/extension.js:1:16114)
    at t.PrettierEditProvider.provideEdits (/home/admin/.vscode/extensions/esbenp.prettier-vscode-10.1.0/dist/extension.js:1:12672)
    at U.provideDocumentFormattingEdits (/opt/visual-studio-code/resources/app/out/vs/workbench/api/node/extensionHostProcess.js:104:44948)
2023-09-04 19:42:47.031 [error] ListError [SuggestWidget] Invalid index 0: Error: ListError [SuggestWidget] Invalid index 0
    at _.reveal (vscode-file://vscode-app/opt/visual-studio-code/resources/app/out/vs/workbench/workbench.desktop.main.js:207:11032)
    at Fr.showSuggestions (vscode-file://vscode-app/opt/visual-studio-code/resources/app/out/vs/workbench/workbench.desktop.main.js:758:107016)
    at r.value (vscode-file://vscode-app/opt/visual-studio-code/resources/app/out/vs/workbench/workbench.desktop.main.js:758:116679)
    at u.w (vscode-file://vscode-app/opt/visual-studio-code/resources/app/out/vs/workbench/workbench.desktop.main.js:69:1902)
    at u.x (vscode-file://vscode-app/opt/visual-studio-code/resources/app/out/vs/workbench/workbench.desktop.main.js:69:1972)
    at u.fire (vscode-file://vscode-app/opt/visual-studio-code/resources/app/out/vs/workbench/workbench.desktop.main.js:69:2188)
    at ul.F (vscode-file://vscode-app/opt/visual-studio-code/resources/app/out/vs/workbench/workbench.desktop.main.js:757:9565)
    at ul.B (vscode-file://vscode-app/opt/visual-studio-code/resources/app/out/vs/workbench/workbench.desktop.main.js:757:5507)
    at r.value (vscode-file://vscode-app/opt/visual-studio-code/resources/app/out/vs/workbench/workbench.desktop.main.js:757:2779)
    at u.w (vscode-file://vscode-app/opt/visual-studio-code/resources/app/out/vs/workbench/workbench.desktop.main.js:69:1902)
    at u.x (vscode-file://vscode-app/opt/visual-studio-code/resources/app/out/vs/workbench/workbench.desktop.main.js:69:1972)
    at u.fire (vscode-file://vscode-app/opt/visual-studio-code/resources/app/out/vs/workbench/workbench.desktop.main.js:69:2188)
    at r.value (vscode-file://vscode-app/opt/visual-studio-code/resources/app/out/vs/workbench/workbench.desktop.main.js:726:16279)
    at u.w (vscode-file://vscode-app/opt/visual-studio-code/resources/app/out/vs/workbench/workbench.desktop.main.js:69:1902)
    at u.fire (vscode-file://vscode-app/opt/visual-studio-code/resources/app/out/vs/workbench/workbench.desktop.main.js:69:2119)
    at L.n (vscode-file://vscode-app/opt/visual-studio-code/resources/app/out/vs/workbench/workbench.desktop.main.js:112:107452)
    at L.endEmitViewEvents (vscode-file://vscode-app/opt/visual-studio-code/resources/app/out/vs/workbench/workbench.desktop.main.js:112:107953)
    at m.O (vscode-file://vscode-app/opt/visual-studio-code/resources/app/out/vs/workbench/workbench.desktop.main.js:724:4025)
    at m.N (vscode-file://vscode-app/opt/visual-studio-code/resources/app/out/vs/workbench/workbench.desktop.main.js:724:2804)
    at m.executeCommands (vscode-file://vscode-app/opt/visual-studio-code/resources/app/out/vs/workbench/workbench.desktop.main.js:724:3266)
    at Sn.executeCommands (vscode-file://vscode-app/opt/visual-studio-code/resources/app/out/vs/workbench/workbench.desktop.main.js:726:9241)
    at F.runEditorCommand (vscode-file://vscode-app/opt/visual-studio-code/resources/app/out/vs/workbench/workbench.desktop.main.js:664:28182)
    at vscode-file://vscode-app/opt/visual-studio-code/resources/app/out/vs/workbench/workbench.desktop.main.js:663:3532
    at vscode-file://vscode-app/opt/visual-studio-code/resources/app/out/vs/workbench/workbench.desktop.main.js:663:3443
    at f.invokeFunction (vscode-file://vscode-app/opt/visual-studio-code/resources/app/out/vs/workbench/workbench.desktop.main.js:622:326)
    at Sn.invokeWithinContext (vscode-file://vscode-app/opt/visual-studio-code/resources/app/out/vs/workbench/workbench.desktop.main.js:724:12439)
    at s.runEditorCommand (vscode-file://vscode-app/opt/visual-studio-code/resources/app/out/vs/workbench/workbench.desktop.main.js:663:3362)
    at F.runCommand (vscode-file://vscode-app/opt/visual-studio-code/resources/app/out/vs/workbench/workbench.desktop.main.js:663:3479)
    at handler (vscode-file://vscode-app/opt/visual-studio-code/resources/app/out/vs/workbench/workbench.desktop.main.js:663:2010)
    at f.invokeFunction (vscode-file://vscode-app/opt/visual-studio-code/resources/app/out/vs/workbench/workbench.desktop.main.js:622:326)
    at y.k (vscode-file://vscode-app/opt/visual-studio-code/resources/app/out/vs/workbench/workbench.desktop.main.js:1510:12357)
    at y.executeCommand (vscode-file://vscode-app/opt/visual-studio-code/resources/app/out/vs/workbench/workbench.desktop.main.js:1510:11945)
    at Zs.I (vscode-file://vscode-app/opt/visual-studio-code/resources/app/out/vs/workbench/workbench.desktop.main.js:626:14237)
    at Zs.G (vscode-file://vscode-app/opt/visual-studio-code/resources/app/out/vs/workbench/workbench.desktop.main.js:626:11936)
    at vscode-file://vscode-app/opt/visual-studio-code/resources/app/out/vs/workbench/workbench.desktop.main.js:2278:81762
2023-09-04 19:42:50.828 [error] [Extension Host] SyntaxError: An element access expression should take an argument. (7:101)
   5 |
   6 |     const sourceData = [
>  7 |         new Job(new ObjectId("test"), "Test", JobState.CONFIRMED, new Date(), new Date(), new DBRef[], JobType.FULL_SERVICE)
     |                                                                                                     ^
   8 |     ]
   9 |
  10 |     let tableSimple: TableSource = {
    at v (/home/admin/repos/JobManager/node_modules/prettier/parser-typescript.js:1:14741)
    at _H (/home/admin/repos/JobManager/node_modules/prettier/parser-typescript.js:49:10722)
    at Object.cH [as parse] (/home/admin/repos/JobManager/node_modules/prettier/parser-typescript.js:49:11028)
    at Object.parse (/home/admin/repos/JobManager/node_modules/prettier/index.js:7515:23)
    at textToDoc (/home/admin/repos/JobManager/node_modules/prettier/index.js:8478:39)
    at /home/admin/repos/JobManager/node_modules/prettier/index.js:8466:99
    at formatBodyContent (/home/admin/repos/JobManager/node_modules/prettier-plugin-svelte/src/embed.ts:146:22)
    at /home/admin/repos/JobManager/node_modules/prettier-plugin-svelte/src/embed.ts:70:26
    at embedTag (/home/admin/repos/JobManager/node_modules/prettier-plugin-svelte/src/embed.ts:212:15)
    at embedType (/home/admin/repos/JobManager/node_modules/prettier-plugin-svelte/src/embed.ts:66:9)
    at embedScript (/home/admin/repos/JobManager/node_modules/prettier-plugin-svelte/src/embed.ts:77:9)
    at Object.embed (/home/admin/repos/JobManager/node_modules/prettier-plugin-svelte/src/embed.ts:91:20)
    at Object.printSubtree (/home/admin/repos/JobManager/node_modules/prettier/index.js:8466:32)
    at callPluginPrintFunction (/home/admin/repos/JobManager/node_modules/prettier/index.js:8593:32)
    at mainPrintInternal (/home/admin/repos/JobManager/node_modules/prettier/index.js:8550:22)
    at mainPrint (/home/admin/repos/JobManager/node_modules/prettier/index.js:8537:18)
    at AstPath.call (/home/admin/repos/JobManager/node_modules/prettier/index.js:8359:24)
    at printTopLevelParts (/home/admin/repos/JobManager/node_modules/prettier-plugin-svelte/src/print/index.ts:913:33)
    at Object.print (/home/admin/repos/JobManager/node_modules/prettier-plugin-svelte/src/print/index.ts:105:16)
    at callPluginPrintFunction (/home/admin/repos/JobManager/node_modules/prettier/index.js:8601:26)
    at mainPrintInternal (/home/admin/repos/JobManager/node_modules/prettier/index.js:8550:22)
    at mainPrint (/home/admin/repos/JobManager/node_modules/prettier/index.js:8537:18)
    at printAstToDoc (/home/admin/repos/JobManager/node_modules/prettier/index.js:8529:18)
    at coreFormat (/home/admin/repos/JobManager/node_modules/prettier/index.js:8837:20)
    at formatWithCursor2 (/home/admin/repos/JobManager/node_modules/prettier/index.js:9021:18)
    at /home/admin/repos/JobManager/node_modules/prettier/index.js:38183:12
    at Object.format (/home/admin/repos/JobManager/node_modules/prettier/index.js:38197:12)
    at t.PrettierMainThreadInstance.format (/home/admin/.vscode/extensions/esbenp.prettier-vscode-10.1.0/dist/extension.js:1:18023)
    at t.default.format (/home/admin/.vscode/extensions/esbenp.prettier-vscode-10.1.0/dist/extension.js:1:16114)
    at t.PrettierEditProvider.provideEdits (/home/admin/.vscode/extensions/esbenp.prettier-vscode-10.1.0/dist/extension.js:1:12672)
    at U.provideDocumentFormattingEdits (/opt/visual-studio-code/resources/app/out/vs/workbench/api/node/extensionHostProcess.js:104:44948)
2023-09-04 19:44:14.728 [error] [Extension Host] SyntaxError: ',' expected. (27:20)
  25 | 	];
  26 |
> 27 | 	const tableSimple {
     | 	                  ^
  28 | 		head: ['Id', 'Name', 'State', 'Start', 'End', 'Type', 'Items'],
  29 | 		body: tableMapperValues(sourceData, ['_id', 'name', 'state', 'start', 'end', 'type', 'items']),
  30 | 		meta: tableMapperValues(sourceData, ['_id', 'name', 'state', 'start', 'end', 'type', 'items'])
    at v (/home/admin/repos/JobManager/node_modules/prettier/parser-typescript.js:1:14741)
    at _H (/home/admin/repos/JobManager/node_modules/prettier/parser-typescript.js:49:10722)
    at Object.cH [as parse] (/home/admin/repos/JobManager/node_modules/prettier/parser-typescript.js:49:11028)
    at Object.parse (/home/admin/repos/JobManager/node_modules/prettier/index.js:7515:23)
    at textToDoc (/home/admin/repos/JobManager/node_modules/prettier/index.js:8478:39)
    at /home/admin/repos/JobManager/node_modules/prettier/index.js:8466:99
    at formatBodyContent (/home/admin/repos/JobManager/node_modules/prettier-plugin-svelte/src/embed.ts:146:22)
    at /home/admin/repos/JobManager/node_modules/prettier-plugin-svelte/src/embed.ts:70:26
    at embedTag (/home/admin/repos/JobManager/node_modules/prettier-plugin-svelte/src/embed.ts:212:15)
    at embedType (/home/admin/repos/JobManager/node_modules/prettier-plugin-svelte/src/embed.ts:66:9)
    at embedScript (/home/admin/repos/JobManager/node_modules/prettier-plugin-svelte/src/embed.ts:77:9)
    at Object.embed (/home/admin/repos/JobManager/node_modules/prettier-plugin-svelte/src/embed.ts:91:20)
    at Object.printSubtree (/home/admin/repos/JobManager/node_modules/prettier/index.js:8466:32)
    at callPluginPrintFunction (/home/admin/repos/JobManager/node_modules/prettier/index.js:8593:32)
    at mainPrintInternal (/home/admin/repos/JobManager/node_modules/prettier/index.js:8550:22)
    at mainPrint (/home/admin/repos/JobManager/node_modules/prettier/index.js:8537:18)
    at AstPath.call (/home/admin/repos/JobManager/node_modules/prettier/index.js:8359:24)
    at printTopLevelParts (/home/admin/repos/JobManager/node_modules/prettier-plugin-svelte/src/print/index.ts:913:33)
    at Object.print (/home/admin/repos/JobManager/node_modules/prettier-plugin-svelte/src/print/index.ts:105:16)
    at callPluginPrintFunction (/home/admin/repos/JobManager/node_modules/prettier/index.js:8601:26)
    at mainPrintInternal (/home/admin/repos/JobManager/node_modules/prettier/index.js:8550:22)
    at mainPrint (/home/admin/repos/JobManager/node_modules/prettier/index.js:8537:18)
    at printAstToDoc (/home/admin/repos/JobManager/node_modules/prettier/index.js:8529:18)
    at coreFormat (/home/admin/repos/JobManager/node_modules/prettier/index.js:8837:20)
    at formatWithCursor2 (/home/admin/repos/JobManager/node_modules/prettier/index.js:9021:18)
    at /home/admin/repos/JobManager/node_modules/prettier/index.js:38183:12
    at Object.format (/home/admin/repos/JobManager/node_modules/prettier/index.js:38197:12)
    at t.PrettierMainThreadInstance.format (/home/admin/.vscode/extensions/esbenp.prettier-vscode-10.1.0/dist/extension.js:1:18023)
    at t.default.format (/home/admin/.vscode/extensions/esbenp.prettier-vscode-10.1.0/dist/extension.js:1:16114)
    at t.PrettierEditProvider.provideEdits (/home/admin/.vscode/extensions/esbenp.prettier-vscode-10.1.0/dist/extension.js:1:12672)
    at U.provideDocumentFormattingEdits (/opt/visual-studio-code/resources/app/out/vs/workbench/api/node/extensionHostProcess.js:104:44948)
2023-09-04 19:45:22.927 [error] Cannot read properties of undefined (reading 'filter'): TypeError: Cannot read properties of undefined (reading 'filter')
    at Object.<anonymous> (/home/admin/.vscode/extensions/bradlc.vscode-tailwindcss-0.10.0/dist/extension.js:43:11904)
    at Generator.next (<anonymous>)
    at s (/home/admin/.vscode/extensions/bradlc.vscode-tailwindcss-0.10.0/dist/extension.js:1:1247)
2023-09-04 19:45:29.364 [error] Cannot read properties of undefined (reading 'filter'): TypeError: Cannot read properties of undefined (reading 'filter')
    at Object.<anonymous> (/home/admin/.vscode/extensions/bradlc.vscode-tailwindcss-0.10.0/dist/extension.js:43:11904)
    at Generator.next (<anonymous>)
    at s (/home/admin/.vscode/extensions/bradlc.vscode-tailwindcss-0.10.0/dist/extension.js:1:1247)
2023-09-04 19:45:35.753 [error] Cannot read properties of undefined (reading 'filter'): TypeError: Cannot read properties of undefined (reading 'filter')
    at Object.<anonymous> (/home/admin/.vscode/extensions/bradlc.vscode-tailwindcss-0.10.0/dist/extension.js:43:11904)
    at Generator.next (<anonymous>)
    at s (/home/admin/.vscode/extensions/bradlc.vscode-tailwindcss-0.10.0/dist/extension.js:1:1247)
2023-09-04 19:46:09.816 [error] Cannot read properties of undefined (reading 'filter'): TypeError: Cannot read properties of undefined (reading 'filter')
    at Object.<anonymous> (/home/admin/.vscode/extensions/bradlc.vscode-tailwindcss-0.10.0/dist/extension.js:43:11904)
    at Generator.next (<anonymous>)
    at s (/home/admin/.vscode/extensions/bradlc.vscode-tailwindcss-0.10.0/dist/extension.js:1:1247)
