2023-09-01 20:48:21.215 [info] Added views:workbench.panel.markers.view in workbench.panel.markers
2023-09-01 20:48:21.215 [info] Added views:workbench.panel.output in workbench.panel.output
2023-09-01 20:48:21.215 [info] Added views:terminal in terminal
2023-09-01 20:48:21.215 [info] Added views:outline in workbench.view.explorer
2023-09-01 20:48:21.215 [info] Added views:workbench.scm in workbench.view.scm
2023-09-01 20:48:21.215 [info] Added views:workbench.view.search in workbench.view.search
2023-09-01 20:48:21.215 [info] Added views:timeline in workbench.view.explorer
2023-09-01 20:48:21.215 [info] Added views:workbench.explorer.fileView in workbench.view.explorer
2023-09-01 20:48:21.605 [info] Added views:workbench.debug.welcome in workbench.view.debug
2023-09-01 20:48:22.615 [info] Added views:gitlens.views.home,gitlens.views.workspaces,gitlens.views.account in workbench.view.extension.gitlens
2023-09-01 20:48:22.616 [info] Added views:gitlens.views.commitDetails,gitlens.views.lineHistory,gitlens.views.fileHistory,gitlens.views.searchAndCompare in workbench.view.extension.gitlensInspect
2023-09-01 20:48:22.617 [info] Added views:gitlens.views.commits,gitlens.views.branches,gitlens.views.remotes,gitlens.views.stashes,gitlens.views.tags,gitlens.views.contributors in workbench.view.scm
2023-09-01 20:48:22.652 [info] Added views:dockerExplorerContainers,dockerExplorerImages,azureRegistries,DockerHubTreeView,suggestedDockerImages in workbench.view.explorer
2023-09-01 20:48:22.653 [info] Added views:pr:github,issues:github in workbench.view.extension.github-pull-requests
2023-09-01 20:48:22.653 [info] Added views:mongoDBConnectionExplorer,mongoDBPlaygroundsExplorer,mongoDBHelpExplorer in workbench.view.extension.mongoDB
2023-09-01 20:48:22.654 [info] Added views:dockerContainers,dockerImages,dockerRegistries,dockerNetworks,dockerVolumes,vscode-docker.views.dockerContexts,vscode-docker.views.help in workbench.view.extension.dockerView
2023-09-01 20:48:22.654 [info] Added views:targetsContainers,devVolumes in workbench.view.remote
2023-09-01 20:48:22.655 [info] Added views:remoteTargets in workbench.view.remote
2023-09-01 20:48:22.659 [info] Added views:vscode-serial-monitor.monitor0 in workbench.view.extension.vscode-serial-monitor-tools
2023-09-01 20:48:23.336 [info] Added views:workbench.panel.repl.view in workbench.panel.repl
2023-09-01 20:48:28.313 [info] Added views:gitlens.views.graph,gitlens.views.graphDetails in workbench.view.extension.gitlensPanel
2023-09-01 20:48:28.315 [info] Added views:gitlens.views.timeline in workbench.view.extension.gitlensInspect
2023-09-01 20:48:28.317 [info] Added views:gitlens.views.worktrees in workbench.view.scm
2023-09-01 20:48:29.090 [info] Added views:workbench.panel.comments in workbench.panel.comments
2023-09-01 20:48:30.210 [info] Added views:github:activePullRequest:welcome in workbench.view.extension.github-pull-request
2023-09-01 20:48:30.213 [info] Removed views:github:activePullRequest:welcome from workbench.view.extension.github-pull-request
