2024-02-06 20:19:59.993 [info] Log level: Info
2024-02-06 20:19:59.993 [info] Validating found git in: "git"
2024-02-06 20:19:59.993 [info] Using git "2.43.0" from "git"
2024-02-06 20:19:59.993 [info] > git rev-parse --show-toplevel [25ms]
2024-02-06 20:19:59.993 [info] > git rev-parse --git-dir --git-common-dir [173ms]
2024-02-06 20:19:59.993 [info] Open repository: /home/admin/repos/Kuchentag-Web
2024-02-06 20:20:00.095 [info] > git rev-parse --show-toplevel [58ms]
2024-02-06 20:20:00.096 [info] > git config --get commit.template [82ms]
2024-02-06 20:20:00.230 [info] > git for-each-ref --format=%(refname)%00%(upstream:short)%00%(objectname)%00%(upstream:track)%00%(upstream:remotename)%00%(upstream:remoteref) refs/heads/main refs/remotes/main [19ms]
2024-02-06 20:20:00.232 [info] > git rev-parse --show-toplevel [103ms]
2024-02-06 20:20:00.546 [info] > git rev-parse --show-toplevel [57ms]
2024-02-06 20:20:00.780 [info] > git check-ignore -v -z --stdin [102ms]
2024-02-06 20:20:00.834 [info] > git rev-parse --show-toplevel [118ms]
2024-02-06 20:20:00.963 [info] > git status -z -uall [138ms]
2024-02-06 20:20:01.004 [info] > git fetch [1183ms]
2024-02-06 20:20:01.004 [info] /bin/sh: warning: setlocale: LC_ALL: cannot change locale (en_US.UTF-8)
/bin/sh: warning: setlocale: LC_ALL: cannot change locale (en_US.UTF-8)
/bin/sh: warning: setlocale: LC_ALL: cannot change locale (en_US.UTF-8)
2024-02-06 20:20:01.111 [info] > git rev-parse --show-toplevel [155ms]
2024-02-06 20:20:01.274 [info] > git config --get commit.template [202ms]
2024-02-06 20:20:01.285 [info] > git config --get commit.template [224ms]
2024-02-06 20:20:01.569 [info] > git for-each-ref --format=%(refname)%00%(upstream:short)%00%(objectname)%00%(upstream:track)%00%(upstream:remotename)%00%(upstream:remoteref) refs/heads/main refs/remotes/main [91ms]
2024-02-06 20:20:01.569 [info] > git for-each-ref --format=%(refname)%00%(upstream:short)%00%(objectname)%00%(upstream:track)%00%(upstream:remotename)%00%(upstream:remoteref) refs/heads/main refs/remotes/main [127ms]
2024-02-06 20:20:01.812 [info] > git status -z -uall [32ms]
2024-02-06 20:20:02.350 [info] > git config --local branch.main.github-pr-owner-number [135ms]
2024-02-06 20:20:17.676 [info] > git show --textconv :src/db/users.ts [25ms]
2024-02-06 20:20:17.676 [info] > git ls-files --stage -- /home/admin/repos/Kuchentag-Web/src/db/users.ts [4ms]
2024-02-06 20:20:17.704 [info] > git cat-file -s cd006a0e1126c5b59ebb6d82a6cef360256c78bf [9ms]
2024-02-06 20:20:18.070 [info] > git check-ignore -v -z --stdin [37ms]
2024-02-06 20:20:21.931 [info] > git show --textconv :src/lib/Google-Auth.ts [31ms]
2024-02-06 20:20:21.932 [info] > git ls-files --stage -- /home/admin/repos/Kuchentag-Web/src/lib/Google-Auth.ts [4ms]
2024-02-06 20:20:21.951 [info] > git cat-file -s 6aaaf6c882eeafe1f47cf69c09e0d7ec14ce1851 [4ms]
2024-02-06 20:20:37.465 [info] > git check-ignore -v -z --stdin [1ms]
2024-02-06 20:24:48.870 [info] > git show --textconv :.env [10ms]
2024-02-06 20:24:48.871 [info] > git ls-files --stage -- /home/admin/repos/Kuchentag-Web/.env [2ms]
2024-02-06 20:25:01.752 [info] > git config --local branch.main.github-pr-owner-number [1ms]
2024-02-06 20:26:49.248 [info] > git fetch [739ms]
2024-02-06 20:26:49.248 [info] /bin/sh: warning: setlocale: LC_ALL: cannot change locale (en_US.UTF-8)
/bin/sh: warning: setlocale: LC_ALL: cannot change locale (en_US.UTF-8)
/bin/sh: warning: setlocale: LC_ALL: cannot change locale (en_US.UTF-8)
2024-02-06 20:26:49.273 [info] > git config --get commit.template [11ms]
2024-02-06 20:26:49.274 [info] > git for-each-ref --format=%(refname)%00%(upstream:short)%00%(objectname)%00%(upstream:track)%00%(upstream:remotename)%00%(upstream:remoteref) refs/heads/main refs/remotes/main [2ms]
2024-02-06 20:26:49.288 [info] > git status -z -uall [3ms]
2024-02-06 20:26:50.336 [info] > git config --get commit.template [1ms]
2024-02-06 20:26:50.349 [info] > git for-each-ref --format=%(refname)%00%(upstream:short)%00%(objectname)%00%(upstream:track)%00%(upstream:remotename)%00%(upstream:remoteref) refs/heads/main refs/remotes/main [1ms]
2024-02-06 20:26:50.362 [info] > git status -z -uall [2ms]
2024-02-06 20:26:50.437 [info] > git ls-files --stage -- /home/admin/repos/Kuchentag-Web/.env [1ms]
2024-02-06 20:26:50.453 [info] > git show --textconv :.env [1ms]
2024-02-06 20:26:55.579 [info] > git show --textconv :src/db/users.ts [11ms]
2024-02-06 20:26:55.580 [info] > git ls-files --stage -- /home/admin/repos/Kuchentag-Web/src/db/users.ts [2ms]
2024-02-06 20:26:55.602 [info] > git cat-file -s cd006a0e1126c5b59ebb6d82a6cef360256c78bf [10ms]
2024-02-06 20:26:56.140 [info] > git show --textconv :src/lib/Google-Auth.ts [10ms]
2024-02-06 20:26:56.142 [info] > git ls-files --stage -- /home/admin/repos/Kuchentag-Web/src/lib/Google-Auth.ts [1ms]
2024-02-06 20:26:56.152 [info] > git cat-file -s 6aaaf6c882eeafe1f47cf69c09e0d7ec14ce1851 [1ms]
2024-02-06 20:26:58.818 [info] > git show --textconv :src/lib/AuthenticationHandler.ts [10ms]
2024-02-06 20:26:58.819 [info] > git ls-files --stage -- /home/admin/repos/Kuchentag-Web/src/lib/AuthenticationHandler.ts [1ms]
2024-02-06 20:26:58.834 [info] > git cat-file -s c655aca9c1b055dc12ea1c8679bab08c9a9dec75 [0ms]
2024-02-06 20:27:00.625 [info] > git show --textconv :src/lib/Google-Auth.ts [11ms]
2024-02-06 20:27:00.625 [info] > git ls-files --stage -- /home/admin/repos/Kuchentag-Web/src/lib/Google-Auth.ts [1ms]
2024-02-06 20:27:00.637 [info] > git cat-file -s 6aaaf6c882eeafe1f47cf69c09e0d7ec14ce1851 [2ms]
2024-02-06 20:27:08.411 [info] > git show --textconv :src/lib/index.ts [10ms]
2024-02-06 20:27:08.412 [info] > git ls-files --stage -- /home/admin/repos/Kuchentag-Web/src/lib/index.ts [1ms]
2024-02-06 20:27:08.423 [info] > git cat-file -s 856f2b6c38aec1085db88189bcf492dbb49a1c45 [1ms]
2024-02-06 20:27:09.094 [info] > git show --textconv :src/lib/Google-Auth.ts [11ms]
2024-02-06 20:27:09.095 [info] > git ls-files --stage -- /home/admin/repos/Kuchentag-Web/src/lib/Google-Auth.ts [1ms]
2024-02-06 20:27:09.110 [info] > git cat-file -s 6aaaf6c882eeafe1f47cf69c09e0d7ec14ce1851 [1ms]
2024-02-06 20:27:34.517 [info] > git show --textconv :src/lib/index.ts [9ms]
2024-02-06 20:27:34.519 [info] > git ls-files --stage -- /home/admin/repos/Kuchentag-Web/src/lib/index.ts [2ms]
2024-02-06 20:27:34.532 [info] > git cat-file -s 856f2b6c38aec1085db88189bcf492dbb49a1c45 [0ms]
2024-02-06 20:27:38.701 [info] > git show --textconv :src/lib/Google-Auth.ts [13ms]
2024-02-06 20:27:38.703 [info] > git ls-files --stage -- /home/admin/repos/Kuchentag-Web/src/lib/Google-Auth.ts [3ms]
2024-02-06 20:27:38.721 [info] > git cat-file -s 6aaaf6c882eeafe1f47cf69c09e0d7ec14ce1851 [5ms]
2024-02-06 20:30:01.773 [info] > git config --local branch.main.github-pr-owner-number [1ms]
2024-02-26 21:52:55.812 [info] > git fetch [779ms]
2024-02-26 21:52:55.812 [info] /bin/sh: warning: setlocale: LC_ALL: cannot change locale (en_US.UTF-8)
/bin/sh: warning: setlocale: LC_ALL: cannot change locale (en_US.UTF-8)
/bin/sh: warning: setlocale: LC_ALL: cannot change locale (en_US.UTF-8)
2024-02-26 21:52:55.828 [info] > git config --get commit.template [3ms]
2024-02-26 21:52:55.844 [info] > git for-each-ref --format=%(refname)%00%(upstream:short)%00%(objectname)%00%(upstream:track)%00%(upstream:remotename)%00%(upstream:remoteref) refs/heads/main refs/remotes/main [2ms]
2024-02-26 21:52:55.866 [info] > git status -z -uall [3ms]
2024-02-26 21:52:56.911 [info] > git config --get commit.template [14ms]
2024-02-26 21:52:56.912 [info] > git for-each-ref --format=%(refname)%00%(upstream:short)%00%(objectname)%00%(upstream:track)%00%(upstream:remotename)%00%(upstream:remoteref) refs/heads/main refs/remotes/main [2ms]
2024-02-26 21:52:56.925 [info] > git status -z -uall [2ms]
2024-02-26 21:52:57.000 [info] > git ls-files --stage -- /home/admin/repos/Kuchentag-Web/src/lib/Google-Auth.ts [1ms]
2024-02-26 21:52:57.014 [info] > git cat-file -s 6aaaf6c882eeafe1f47cf69c09e0d7ec14ce1851 [5ms]
2024-02-26 21:52:57.035 [info] > git show --textconv :src/lib/Google-Auth.ts [1ms]
