2023-11-27T18:08:10.594Z extension INFO  Activating extension... [
  {
    id: 'mongodb.mongodb-vscode',
    version: '1.2.1',
    mode: 'Production',
    kind: 'UI',
    extensionPath: '/home/admin/.vscode/extensions/mongodb.mongodb-vscode-1.2.1',
    logPath: '/home/admin/.config/Code/logs/20231127T190805/window1/exthost/mongodb.mongodb-vscode',
    workspaceStoragePath: '/home/admin/.config/Code/User/workspaceStorage/51e140b9c9b8d676963fe0e4358d1b56/mongodb.mongodb-vscode',
    globalStoragePath: '/home/admin/.config/Code/User/globalStorage/mongodb.mongodb-vscode',
    defaultConnectionSavingLocation: 'Global',
    buildInfo: {
      nodeVersion: 'v16.17.1',
      runtimePlatform: 'linux',
      runtimeArch: 'x64'
    }
  }
]

2023-11-27T18:08:10.596Z telemetry INFO  SegmentKey was found [ { type: 'string' } ]

2023-11-27T18:08:10.597Z language server controller INFO  Creating MongoDB Language Server... [
  {
    extensionPath: '/home/admin/.vscode/extensions/mongodb.mongodb-vscode-1.2.1',
    languageServer: {
      id: 'mongodbLanguageServer',
      name: 'MongoDB Language Server',
      path: '/home/admin/.vscode/extensions/mongodb.mongodb-vscode-1.2.1/dist/languageServer.js',
      documentSelector: '[{"pattern":"**/*.mongodb.js"},{"pattern":"**/*.mongodb"}]'
    }
  }
]

2023-11-27T18:08:10.608Z telemetry INFO  Segment analytics activated [ { anonymousId: '44b538f3-f0e5-46fd-ac0f-86ee91251041' } ]

2023-11-27T18:08:10.617Z language server controller INFO  Starting the language server... []

2023-11-27T18:08:12.332Z language server controller INFO  MongoDBService initialized. Sending default settings... {"extensionPath":"/home/admin/.vscode/extensions/mongodb.mongodb-vscode-1.2.1","connectionId":null,"hasConnectionString":false,"hasConnectionOptions":false} []

