2023-08-25 19:54:02.048 [info] Log level: Info
2023-08-25 19:54:02.048 [info] Validating found git in: "git"
2023-08-25 19:54:02.048 [info] Using git "2.41.0" from "git"
2023-08-25 19:54:02.048 [info] > git rev-parse --show-toplevel [13ms]
2023-08-25 19:54:02.048 [info] > git rev-parse --git-dir --git-common-dir [6ms]
2023-08-25 19:54:02.048 [info] Open repository: /home/admin/repos/SvelteTutorial
2023-08-25 19:54:02.048 [info] > git config --get commit.template [27ms]
2023-08-25 19:54:02.048 [info] > git rev-parse --show-toplevel [4ms]
2023-08-25 19:54:02.048 [info] > git for-each-ref --format=%(refname)%00%(upstream:short)%00%(objectname)%00%(upstream:track)%00%(upstream:remotename)%00%(upstream:remoteref) refs/heads/main refs/remotes/main [22ms]
2023-08-25 19:54:02.081 [info] > git status -z -uall [38ms]
2023-08-25 19:54:02.110 [info] > git rev-parse --show-toplevel [31ms]
2023-08-25 19:54:02.117 [info] > git config --get commit.template [14ms]
2023-08-25 19:54:02.147 [info] > git for-each-ref --format=%(refname)%00%(upstream:short)%00%(objectname)%00%(upstream:track)%00%(upstream:remotename)%00%(upstream:remoteref) refs/heads/main refs/remotes/main [20ms]
2023-08-25 19:54:02.158 [info] > git rev-parse --show-toplevel [12ms]
2023-08-25 19:54:02.159 [info] > git status -z -uall [2ms]
2023-08-25 19:54:02.178 [info] > git rev-parse --show-toplevel [6ms]
2023-08-25 19:54:02.789 [info] > git fetch [876ms]
2023-08-25 19:54:02.789 [info] /bin/sh: warning: setlocale: LC_ALL: cannot change locale (en_US.UTF-8)
/bin/sh: warning: setlocale: LC_ALL: cannot change locale (en_US.UTF-8)
2023-08-25 19:54:03.243 [info] > git check-ignore -v -z --stdin [8ms]
2023-08-25 19:54:03.272 [info] > git config --get commit.template [31ms]
2023-08-25 19:54:03.282 [info] > git for-each-ref --format=%(refname)%00%(upstream:short)%00%(objectname)%00%(upstream:track)%00%(upstream:remotename)%00%(upstream:remoteref) refs/heads/main refs/remotes/main [2ms]
2023-08-25 19:54:03.290 [info] > git status -z -uall [2ms]
2023-08-25 19:54:05.827 [info] > git config --local branch.main.github-pr-owner-number [82ms]
2023-08-25 19:54:05.864 [info] > git config --get commit.template [6ms]
2023-08-25 19:54:05.881 [info] > git for-each-ref --format=%(refname)%00%(upstream:short)%00%(objectname)%00%(upstream:track)%00%(upstream:remotename)%00%(upstream:remoteref) refs/heads/main refs/remotes/main [4ms]
2023-08-25 19:54:05.900 [info] > git status -z -uall [10ms]
2023-08-25 19:54:06.754 [info] > git show --textconv :src/lib/navbar.svelte [17ms]
2023-08-25 19:54:06.765 [info] > git ls-files --stage -- /home/admin/repos/SvelteTutorial/src/lib/navbar.svelte [14ms]
2023-08-25 19:54:06.778 [info] > git cat-file -s 066836a69006e3ad136cbad16c6aadfee348878a [2ms]
2023-08-25 19:54:19.676 [info] > git show --textconv :src/lib/addGuide.svelte [12ms]
2023-08-25 19:54:19.676 [info] > git ls-files --stage -- /home/admin/repos/SvelteTutorial/src/lib/addGuide.svelte [1ms]
2023-08-25 19:54:19.687 [info] > git cat-file -s b9e152b0bfd4fe5c62ac44283ba2d8e58d6649f5 [2ms]
2023-08-25 19:54:21.266 [info] > git show --textconv :src/lib/title.svelte [10ms]
2023-08-25 19:54:21.267 [info] > git ls-files --stage -- /home/admin/repos/SvelteTutorial/src/lib/title.svelte [2ms]
2023-08-25 19:54:21.278 [info] > git cat-file -s 9e1038eb4dc7db43001348ed7693d3d83c5e92c3 [2ms]
2023-08-25 19:59:05.300 [info] > git config --local branch.main.github-pr-owner-number [2ms]
2023-08-25 19:59:05.318 [info] > git config --get commit.template [9ms]
2023-08-25 19:59:05.319 [info] > git for-each-ref --format=%(refname)%00%(upstream:short)%00%(objectname)%00%(upstream:track)%00%(upstream:remotename)%00%(upstream:remoteref) refs/heads/main refs/remotes/main [3ms]
2023-08-25 19:59:05.330 [info] > git status -z -uall [2ms]
2023-08-25 20:04:05.344 [info] > git config --local branch.main.github-pr-owner-number [1ms]
2023-08-25 20:04:05.361 [info] > git config --get commit.template [9ms]
2023-08-25 20:04:05.362 [info] > git for-each-ref --format=%(refname)%00%(upstream:short)%00%(objectname)%00%(upstream:track)%00%(upstream:remotename)%00%(upstream:remoteref) refs/heads/main refs/remotes/main [2ms]
2023-08-25 20:04:05.371 [info] > git status -z -uall [1ms]
2023-08-25 20:09:05.384 [info] > git config --local branch.main.github-pr-owner-number [1ms]
2023-08-25 20:09:05.399 [info] > git config --get commit.template [8ms]
2023-08-25 20:09:05.400 [info] > git for-each-ref --format=%(refname)%00%(upstream:short)%00%(objectname)%00%(upstream:track)%00%(upstream:remotename)%00%(upstream:remoteref) refs/heads/main refs/remotes/main [1ms]
2023-08-25 20:09:05.409 [info] > git status -z -uall [1ms]
2023-08-25 20:14:05.424 [info] > git config --local branch.main.github-pr-owner-number [1ms]
2023-08-25 20:14:05.440 [info] > git config --get commit.template [8ms]
2023-08-25 20:14:05.441 [info] > git for-each-ref --format=%(refname)%00%(upstream:short)%00%(objectname)%00%(upstream:track)%00%(upstream:remotename)%00%(upstream:remoteref) refs/heads/main refs/remotes/main [1ms]
2023-08-25 20:14:05.449 [info] > git status -z -uall [1ms]
2023-08-25 20:19:05.463 [info] > git config --local branch.main.github-pr-owner-number [1ms]
2023-08-25 20:19:05.480 [info] > git config --get commit.template [8ms]
2023-08-25 20:19:05.481 [info] > git for-each-ref --format=%(refname)%00%(upstream:short)%00%(objectname)%00%(upstream:track)%00%(upstream:remotename)%00%(upstream:remoteref) refs/heads/main refs/remotes/main [2ms]
2023-08-25 20:19:05.489 [info] > git status -z -uall [1ms]
2023-08-25 20:22:17.241 [info] > git fetch [623ms]
2023-08-25 20:22:17.241 [info] /bin/sh: warning: setlocale: LC_ALL: cannot change locale (en_US.UTF-8)
/bin/sh: warning: setlocale: LC_ALL: cannot change locale (en_US.UTF-8)
2023-08-25 20:22:17.261 [info] > git config --get commit.template [9ms]
2023-08-25 20:22:17.262 [info] > git for-each-ref --format=%(refname)%00%(upstream:short)%00%(objectname)%00%(upstream:track)%00%(upstream:remotename)%00%(upstream:remoteref) refs/heads/main refs/remotes/main [1ms]
2023-08-25 20:22:17.274 [info] > git status -z -uall [4ms]
2023-08-25 20:22:18.330 [info] > git config --get commit.template [8ms]
2023-08-25 20:22:18.331 [info] > git for-each-ref --format=%(refname)%00%(upstream:short)%00%(objectname)%00%(upstream:track)%00%(upstream:remotename)%00%(upstream:remoteref) refs/heads/main refs/remotes/main [1ms]
2023-08-25 20:22:18.339 [info] > git status -z -uall [2ms]
2023-08-25 20:22:18.443 [info] > git ls-files --stage -- /home/admin/repos/SvelteTutorial/src/lib/addGuide.svelte [9ms]
2023-08-25 20:22:18.449 [info] > git ls-files --stage -- /home/admin/repos/SvelteTutorial/src/lib/navbar.svelte [22ms]
2023-08-25 20:22:18.457 [info] > git cat-file -s b9e152b0bfd4fe5c62ac44283ba2d8e58d6649f5 [7ms]
2023-08-25 20:22:18.457 [info] > git ls-files --stage -- /home/admin/repos/SvelteTutorial/src/lib/title.svelte [16ms]
2023-08-25 20:22:18.464 [info] > git cat-file -s 066836a69006e3ad136cbad16c6aadfee348878a [8ms]
2023-08-25 20:22:18.471 [info] > git cat-file -s 9e1038eb4dc7db43001348ed7693d3d83c5e92c3 [8ms]
2023-08-25 20:22:18.479 [info] > git show --textconv :src/lib/addGuide.svelte [8ms]
2023-08-25 20:22:18.487 [info] > git show --textconv :src/lib/navbar.svelte [9ms]
2023-08-25 20:22:18.488 [info] > git show --textconv :src/lib/title.svelte [2ms]
