2023-12-05 14:55:20.774 [info] Reading sessions from keychain...
2023-12-05 14:55:20.774 [info] Getting sessions for all scopes...
2023-12-05 14:55:20.774 [info] Getting sessions for read:user,repo,user:email,workflow...
2023-12-05 14:55:20.774 [info] Got stored sessions!
2023-12-05 14:55:20.774 [info] Got 2 verified sessions.
2023-12-05 14:55:20.774 [info] Got 2 sessions for ...
2023-12-05 14:55:20.774 [info] Got 1 sessions for read:user,repo,user:email,workflow...
2023-12-05 14:55:21.439 [info] Getting sessions for project,read:org,read:user,repo,user:email,workflow...
2023-12-05 14:55:21.439 [info] Got 0 sessions for project,read:org,read:user,repo,user:email,workflow...
2023-12-05 14:55:21.820 [info] Getting sessions for read:user,repo,user:email,workflow...
2023-12-05 14:55:21.820 [info] Got 1 sessions for read:user,repo,user:email,workflow...
2023-12-05 14:55:22.365 [info] Getting sessions for read:user,repo,user:email,workflow...
2023-12-05 14:55:22.365 [info] Got 1 sessions for read:user,repo,user:email,workflow...
2023-12-05 14:55:23.177 [info] Getting sessions for all scopes...
2023-12-05 14:55:23.177 [info] Got 2 sessions for ...
2023-12-05 14:55:23.504 [info] Getting sessions for all scopes...
2023-12-05 14:55:23.504 [info] Got 2 sessions for ...
2023-12-05 14:55:23.642 [info] Getting sessions for user:email...
2023-12-05 14:55:23.642 [info] Got 1 sessions for user:email...
2023-12-05 14:55:45.086 [info] Getting sessions for read:user,repo,user:email...
2023-12-05 14:55:45.086 [info] Got 0 sessions for read:user,repo,user:email...
2023-12-05 15:14:18.579 [info] Getting sessions for read:user,repo,user:email...
2023-12-05 15:14:18.579 [info] Got 0 sessions for read:user,repo,user:email...
