2023-09-04 19:55:14.907 [info] Reading sessions from keychain...
2023-09-04 19:55:14.907 [info] Getting sessions for all scopes...
2023-09-04 19:55:14.907 [info] Got stored sessions!
2023-09-04 19:55:14.907 [info] Got 2 verified sessions.
2023-09-04 19:55:14.907 [info] Got 2 sessions for ...
2023-09-04 19:55:14.907 [info] Getting sessions for read:user,repo,user:email,workflow...
2023-09-04 19:55:14.907 [info] Got 1 sessions for read:user,repo,user:email,workflow...
2023-09-04 19:55:15.315 [info] Getting sessions for read:user,repo,user:email,workflow...
2023-09-04 19:55:15.315 [info] Got 1 sessions for read:user,repo,user:email,workflow...
2023-09-04 19:55:15.316 [info] Getting sessions for read:user,repo,user:email...
2023-09-04 19:55:15.316 [info] Got 0 sessions for read:user,repo,user:email...
2023-09-04 19:55:15.671 [info] Getting sessions for read:user,repo,user:email,workflow...
2023-09-04 19:55:15.671 [info] Got 1 sessions for read:user,repo,user:email,workflow...
2023-09-04 19:55:16.035 [info] Getting sessions for all scopes...
2023-09-04 19:55:16.036 [info] Got 2 sessions for ...
2023-09-04 19:55:16.318 [info] Getting sessions for user:email...
2023-09-04 19:55:16.318 [info] Got 1 sessions for user:email...
2023-09-04 19:55:16.779 [info] Getting sessions for all scopes...
2023-09-04 19:55:16.779 [info] Got 2 sessions for ...
2023-09-04 20:48:52.592 [info] Getting sessions for read:user,repo,user:email...
2023-09-04 20:48:52.592 [info] Got 0 sessions for read:user,repo,user:email...
2023-09-05 15:05:33.277 [info] Getting sessions for read:user,repo,user:email...
2023-09-05 15:05:33.277 [info] Got 0 sessions for read:user,repo,user:email...
2023-09-05 16:38:15.205 [info] Getting sessions for read:user,repo,user:email...
2023-09-05 16:38:15.205 [info] Got 0 sessions for read:user,repo,user:email...
2023-09-05 16:40:04.563 [info] Reading sessions from keychain...
2023-09-05 16:40:04.563 [info] Getting sessions for all scopes...
2023-09-05 16:40:04.705 [info] Got stored sessions!
2023-09-05 16:40:04.705 [info] Got 2 verified sessions.
2023-09-05 16:40:04.705 [info] Got 2 sessions for ...
2023-09-05 16:40:04.873 [info] Getting sessions for read:user,repo,user:email,workflow...
2023-09-05 16:40:04.873 [info] Got 1 sessions for read:user,repo,user:email,workflow...
2023-09-05 16:40:04.874 [info] Getting sessions for read:user,repo,user:email...
2023-09-05 16:40:04.874 [info] Got 0 sessions for read:user,repo,user:email...
2023-09-05 16:40:04.886 [info] Getting sessions for user:email...
2023-09-05 16:40:04.886 [info] Got 1 sessions for user:email...
2023-09-05 16:40:05.002 [info] Getting sessions for all scopes...
2023-09-05 16:40:05.002 [info] Got 2 sessions for ...
2023-09-05 16:40:05.016 [info] Getting sessions for read:user,repo,user:email,workflow...
2023-09-05 16:40:05.016 [info] Got 1 sessions for read:user,repo,user:email,workflow...
2023-09-05 16:40:06.464 [info] Getting sessions for read:user,repo,user:email,workflow...
2023-09-05 16:40:06.464 [info] Got 1 sessions for read:user,repo,user:email,workflow...
2023-09-05 16:40:06.466 [info] Getting sessions for all scopes...
2023-09-05 16:40:06.466 [info] Got 2 sessions for ...
2023-09-07 16:58:30.424 [info] Getting sessions for read:user,repo,user:email...
2023-09-07 16:58:30.424 [info] Got 0 sessions for read:user,repo,user:email...
