2023-11-27 21:08:22.185 [info] Using settings sync service https://vscode-sync.trafficmanager.net/
2023-11-27 21:08:22.185 [info] Auto Sync is enabled.
2023-11-27 21:08:22.185 [info] Auto Sync: Suspended until auth token is available.
2023-11-27 21:08:25.351 [info] Auto Sync: Triggered by Interval
2023-11-27 21:08:25.352 [info] Sync started.
2023-11-27 21:08:26.020 [info] Settings: Last sync resource does not exist locally.
2023-11-27 21:08:26.901 [info] Settings: No changes found during synchronizing settings.
2023-11-27 21:08:26.959 [info] Keybindings: Last sync resource does not exist locally.
2023-11-27 21:08:27.031 [info] Extensions: Last sync resource does not exist locally.
2023-11-27 21:08:27.255 [info] Keybindings: No changes found during synchronizing keybindings.
2023-11-27 21:08:27.336 [info] Snippets: Last sync resource does not exist locally.
2023-11-27 21:08:27.510 [info] Snippets: No changes found during synchronizing snippets.
2023-11-27 21:08:27.511 [info] Tasks: Last sync resource does not exist locally.
2023-11-27 21:08:27.558 [info] Tasks: No changes found during synchronizing tasks.
2023-11-27 21:08:27.559 [info] GlobalState: Last sync resource does not exist locally.
2023-11-27 21:08:28.175 [info] GlobalState: Updated remote ui state. Updated: workbench.scm.views.state.hidden,workbench.activity.pinnedViewlets2,workbench.statusbar.hidden,workbench.panel.pinnedPanels,cpp.1.lastSessionDate,cpp.1.sessionCount,java.2.lastSessionDate,java.2.sessionCount,typescript.1.lastSessionDate,typescript.1.sessionCount,csharp.1.lastSessionDate,csharp.1.sessionCount.
2023-11-27 21:08:28.176 [info] GlobalState: Updated last synchronized ui state
2023-11-27 21:08:28.315 [info] Extensions: No changes found during synchronizing extensions.
2023-11-27 21:08:28.317 [info] Profiles: Last sync resource does not exist locally.
2023-11-27 21:08:28.367 [info] Profiles: No changes found during synchronizing profiles.
2023-11-27 21:08:28.370 [info] Sync done. Took 3019ms
2023-11-27 21:08:46.507 [info] Auto Sync: Triggered by Activity
2023-11-27 21:08:46.507 [info] Sync started.
2023-11-27 21:08:46.598 [info] Settings: No changes found during synchronizing settings.
2023-11-27 21:08:46.607 [info] Keybindings: No changes found during synchronizing keybindings.
2023-11-27 21:08:46.625 [info] Snippets: No changes found during synchronizing snippets.
2023-11-27 21:08:46.628 [info] Tasks: No changes found during synchronizing tasks.
2023-11-27 21:08:46.634 [info] GlobalState: No changes found during synchronizing ui state.
2023-11-27 21:08:47.327 [info] Extensions: Updated remote extensions. Updated: ["eamodio.gitlens"].
2023-11-27 21:08:47.332 [info] Extensions: Updated last synchronized extensions.
2023-11-27 21:08:47.339 [info] Profiles: No changes found during synchronizing profiles.
2023-11-27 21:08:47.345 [info] Sync done. Took 837ms
2023-11-27 21:09:49.593 [info] Auto Sync: Triggered by Activity
2023-11-27 21:09:49.593 [info] Sync started.
2023-11-27 21:09:49.706 [info] Settings: No changes found during synchronizing settings.
2023-11-27 21:09:49.720 [info] Keybindings: No changes found during synchronizing keybindings.
2023-11-27 21:09:49.726 [info] Snippets: No changes found during synchronizing snippets.
2023-11-27 21:09:49.730 [info] Tasks: No changes found during synchronizing tasks.
2023-11-27 21:09:49.744 [info] GlobalState: No changes found during synchronizing ui state.
2023-11-27 21:09:50.170 [info] Extensions: No changes found during synchronizing extensions.
2023-11-27 21:09:50.172 [info] Profiles: No changes found during synchronizing profiles.
2023-11-27 21:09:50.174 [info] Sync done. Took 581ms
