2023-12-31 00:29:31.172 [info] Log level: Info
2023-12-31 00:29:31.172 [info] Validating found git in: "git"
2023-12-31 00:29:31.172 [info] Using git "2.43.0" from "git"
2023-12-31 00:29:31.172 [info] > git rev-parse --show-toplevel [2ms]
2023-12-31 00:29:31.172 [info] > git rev-parse --git-dir --git-common-dir [4ms]
2023-12-31 00:29:31.172 [info] Open repository: /home/admin/repos/JobManager
2023-12-31 00:29:31.172 [info] > git config --get commit.template [12ms]
2023-12-31 00:29:31.172 [info] > git rev-parse --show-toplevel [2ms]
2023-12-31 00:29:31.172 [info] > git for-each-ref --format=%(refname)%00%(upstream:short)%00%(objectname)%00%(upstream:track)%00%(upstream:remotename)%00%(upstream:remoteref) refs/heads/main refs/remotes/main [16ms]
2023-12-31 00:29:31.172 [info] > git rev-parse --show-toplevel [19ms]
2023-12-31 00:29:31.172 [info] > git status -z -uall [19ms]
2023-12-31 00:29:31.172 [info] > git rev-parse --show-toplevel [59ms]
2023-12-31 00:29:31.172 [info] > git config --get commit.template [88ms]
2023-12-31 00:29:31.172 [info] > git rev-parse --show-toplevel [24ms]
2023-12-31 00:29:31.172 [info] > git rev-parse --show-toplevel [12ms]
2023-12-31 00:29:31.172 [info] > git for-each-ref --format=%(refname)%00%(upstream:short)%00%(objectname)%00%(upstream:track)%00%(upstream:remotename)%00%(upstream:remoteref) refs/heads/main refs/remotes/main [22ms]
2023-12-31 00:29:31.172 [info] > git status -z -uall [9ms]
2023-12-31 00:29:32.036 [info] > git check-ignore -v -z --stdin [177ms]
2023-12-31 00:29:34.789 [info] > git config --local branch.main.github-pr-owner-number [309ms]
2023-12-31 00:29:34.835 [info] > git config --get commit.template [14ms]
2023-12-31 00:29:34.883 [info] > git for-each-ref --format=%(refname)%00%(upstream:short)%00%(objectname)%00%(upstream:track)%00%(upstream:remotename)%00%(upstream:remoteref) refs/heads/main refs/remotes/main [18ms]
2023-12-31 00:29:34.914 [info] > git status -z -uall [6ms]
2023-12-31 00:29:36.561 [info] > git show --textconv :src/db/users.ts [60ms]
2023-12-31 00:29:36.561 [info] > git ls-files --stage -- /home/admin/repos/JobManager/src/db/users.ts [8ms]
2023-12-31 00:29:36.628 [info] > git cat-file -s 0e6b2f21e78f9c2f303b4559eec1db6f0a8c46a7 [23ms]
2023-12-31 00:29:56.937 [info] > git fetch [759ms]
2023-12-31 00:29:56.937 [info] /bin/sh: warning: setlocale: LC_ALL: cannot change locale (en_US.UTF-8)
/bin/sh: warning: setlocale: LC_ALL: cannot change locale (en_US.UTF-8)
2023-12-31 00:29:56.958 [info] > git config --get commit.template [3ms]
2023-12-31 00:29:56.978 [info] > git for-each-ref --format=%(refname)%00%(upstream:short)%00%(objectname)%00%(upstream:track)%00%(upstream:remotename)%00%(upstream:remoteref) refs/heads/main refs/remotes/main [2ms]
2023-12-31 00:29:56.999 [info] > git status -z -uall [3ms]
2023-12-31 00:29:58.038 [info] > git config --get commit.template [2ms]
2023-12-31 00:29:58.049 [info] > git for-each-ref --format=%(refname)%00%(upstream:short)%00%(objectname)%00%(upstream:track)%00%(upstream:remotename)%00%(upstream:remoteref) refs/heads/main refs/remotes/main [1ms]
2023-12-31 00:29:58.062 [info] > git status -z -uall [2ms]
2023-12-31 00:29:58.131 [info] > git ls-files --stage -- /home/admin/repos/JobManager/src/db/users.ts [2ms]
2023-12-31 00:29:58.142 [info] > git cat-file -s 0e6b2f21e78f9c2f303b4559eec1db6f0a8c46a7 [2ms]
2023-12-31 00:29:58.156 [info] > git show --textconv :src/db/users.ts [1ms]
2023-12-31 00:30:16.982 [info] > git config --get commit.template [4ms]
2023-12-31 00:30:17.008 [info] > git for-each-ref --format=%(refname)%00%(upstream:short)%00%(objectname)%00%(upstream:track)%00%(upstream:remotename)%00%(upstream:remoteref) refs/heads/main refs/remotes/main [8ms]
2023-12-31 00:30:17.023 [info] > git status -z -uall [2ms]
2023-12-31 00:34:34.001 [info] > git config --local branch.main.github-pr-owner-number [1ms]
2023-12-31 00:34:34.012 [info] > git config --get commit.template [1ms]
2023-12-31 00:34:34.023 [info] > git for-each-ref --format=%(refname)%00%(upstream:short)%00%(objectname)%00%(upstream:track)%00%(upstream:remotename)%00%(upstream:remoteref) refs/heads/main refs/remotes/main [1ms]
2023-12-31 00:34:34.034 [info] > git status -z -uall [1ms]
2023-12-31 00:34:39.460 [info] > git fetch [653ms]
2023-12-31 00:34:39.460 [info] /bin/sh: warning: setlocale: LC_ALL: cannot change locale (en_US.UTF-8)
/bin/sh: warning: setlocale: LC_ALL: cannot change locale (en_US.UTF-8)
2023-12-31 00:34:39.482 [info] > git config --get commit.template [10ms]
2023-12-31 00:34:39.482 [info] > git for-each-ref --format=%(refname)%00%(upstream:short)%00%(objectname)%00%(upstream:track)%00%(upstream:remotename)%00%(upstream:remoteref) refs/heads/main refs/remotes/main [1ms]
2023-12-31 00:34:39.493 [info] > git status -z -uall [1ms]
2023-12-31 00:34:43.407 [info] > git config --get commit.template [3ms]
2023-12-31 00:34:43.456 [info] > git for-each-ref --format=%(refname)%00%(upstream:short)%00%(objectname)%00%(upstream:track)%00%(upstream:remotename)%00%(upstream:remoteref) refs/heads/main refs/remotes/main [4ms]
2023-12-31 00:34:43.468 [info] > git ls-files --stage -- /home/admin/repos/JobManager/src/db/users.ts [41ms]
2023-12-31 00:34:43.489 [info] > git status -z -uall [21ms]
2023-12-31 00:34:43.493 [info] > git cat-file -s 0e6b2f21e78f9c2f303b4559eec1db6f0a8c46a7 [6ms]
2023-12-31 00:34:43.510 [info] > git show --textconv :src/db/users.ts [1ms]
2023-12-31 00:39:34.049 [info] > git config --local branch.main.github-pr-owner-number [1ms]
2023-12-31 00:39:34.071 [info] > git config --get commit.template [12ms]
2023-12-31 00:39:34.072 [info] > git for-each-ref --format=%(refname)%00%(upstream:short)%00%(objectname)%00%(upstream:track)%00%(upstream:remotename)%00%(upstream:remoteref) refs/heads/main refs/remotes/main [3ms]
2023-12-31 00:39:34.083 [info] > git status -z -uall [2ms]
2023-12-31 00:40:08.239 [info] > git fetch [616ms]
2023-12-31 00:40:08.239 [info] /bin/sh: warning: setlocale: LC_ALL: cannot change locale (en_US.UTF-8)
/bin/sh: warning: setlocale: LC_ALL: cannot change locale (en_US.UTF-8)
2023-12-31 00:40:08.251 [info] > git config --get commit.template [1ms]
2023-12-31 00:40:08.261 [info] > git for-each-ref --format=%(refname)%00%(upstream:short)%00%(objectname)%00%(upstream:track)%00%(upstream:remotename)%00%(upstream:remoteref) refs/heads/main refs/remotes/main [1ms]
2023-12-31 00:40:08.273 [info] > git status -z -uall [2ms]
2023-12-31 00:40:09.326 [info] > git config --get commit.template [1ms]
2023-12-31 00:40:09.337 [info] > git for-each-ref --format=%(refname)%00%(upstream:short)%00%(objectname)%00%(upstream:track)%00%(upstream:remotename)%00%(upstream:remoteref) refs/heads/main refs/remotes/main [2ms]
2023-12-31 00:40:09.348 [info] > git status -z -uall [2ms]
2023-12-31 00:40:09.425 [info] > git ls-files --stage -- /home/admin/repos/JobManager/src/db/users.ts [1ms]
2023-12-31 00:40:09.435 [info] > git cat-file -s 0e6b2f21e78f9c2f303b4559eec1db6f0a8c46a7 [1ms]
2023-12-31 00:40:09.447 [info] > git show --textconv :src/db/users.ts [1ms]
2023-12-31 00:40:29.065 [info] Log level: Info
2023-12-31 00:40:29.065 [info] Validating found git in: "git"
2023-12-31 00:40:29.065 [info] Using git "2.43.0" from "git"
2023-12-31 00:40:29.065 [info] > git rev-parse --show-toplevel [4ms]
2023-12-31 00:40:29.065 [info] > git rev-parse --git-dir --git-common-dir [20ms]
2023-12-31 00:40:29.065 [info] Open repository: /home/admin/repos/Kuchentag-Web
2023-12-31 00:40:29.065 [info] > git rev-parse --show-toplevel [26ms]
2023-12-31 00:40:29.065 [info] > git config --get commit.template [74ms]
2023-12-31 00:40:29.065 [info] > git rev-parse --show-toplevel [18ms]
2023-12-31 00:40:29.065 [info] > git for-each-ref --format=%(refname)%00%(upstream:short)%00%(objectname)%00%(upstream:track)%00%(upstream:remotename)%00%(upstream:remoteref) refs/heads/main refs/remotes/main [31ms]
2023-12-31 00:40:29.065 [info] > git rev-parse --show-toplevel [37ms]
2023-12-31 00:40:29.065 [info] > git status -z -uall [62ms]
2023-12-31 00:40:29.065 [info] > git rev-parse --show-toplevel [117ms]
2023-12-31 00:40:29.065 [info] > git config --get commit.template [77ms]
2023-12-31 00:40:29.068 [info] > git rev-parse --show-toplevel [6ms]
2023-12-31 00:40:29.129 [info] > git for-each-ref --format=%(refname)%00%(upstream:short)%00%(objectname)%00%(upstream:track)%00%(upstream:remotename)%00%(upstream:remoteref) refs/heads/main refs/remotes/main [20ms]
2023-12-31 00:40:29.151 [info] > git status -z -uall [5ms]
2023-12-31 00:40:29.155 [info] > git rev-parse --show-toplevel [27ms]
2023-12-31 00:40:29.595 [info] > git fetch [1009ms]
2023-12-31 00:40:29.595 [info] /bin/sh: warning: setlocale: LC_ALL: cannot change locale (en_US.UTF-8)
/bin/sh: warning: setlocale: LC_ALL: cannot change locale (en_US.UTF-8)
/bin/sh: warning: setlocale: LC_ALL: cannot change locale (en_US.UTF-8)
2023-12-31 00:40:29.624 [info] > git config --get commit.template [3ms]
2023-12-31 00:40:29.667 [info] > git for-each-ref --format=%(refname)%00%(upstream:short)%00%(objectname)%00%(upstream:track)%00%(upstream:remotename)%00%(upstream:remoteref) refs/heads/main refs/remotes/main [1ms]
2023-12-31 00:40:29.692 [info] > git status -z -uall [0ms]
2023-12-31 00:40:31.185 [info] > git check-ignore -v -z --stdin [340ms]
2023-12-31 00:40:31.703 [info] > git show --textconv :src/routes/(app)/+page.svelte [147ms]
2023-12-31 00:40:31.703 [info] > git ls-files --stage -- /home/admin/repos/Kuchentag-Web/src/routes/(app)/+page.svelte [109ms]
2023-12-31 00:40:31.930 [info] > git cat-file -s 56c3478195227631b2fbf21b34ef4c98249fa781 [185ms]
2023-12-31 00:40:34.242 [info] > git config --local branch.main.github-pr-owner-number [124ms]
2023-12-31 00:40:34.316 [info] > git config --get commit.template [42ms]
2023-12-31 00:40:34.423 [info] > git for-each-ref --format=%(refname)%00%(upstream:short)%00%(objectname)%00%(upstream:track)%00%(upstream:remotename)%00%(upstream:remoteref) refs/heads/main refs/remotes/main [47ms]
2023-12-31 00:40:34.483 [info] > git status -z -uall [15ms]
2023-12-31 00:41:11.139 [info] > git config --get commit.template [3ms]
2023-12-31 00:41:11.159 [info] > git for-each-ref --format=%(refname)%00%(upstream:short)%00%(objectname)%00%(upstream:track)%00%(upstream:remotename)%00%(upstream:remoteref) refs/heads/main refs/remotes/main [1ms]
2023-12-31 00:41:11.178 [info] > git status -z -uall [2ms]
2024-01-19 15:00:24.255 [info] > git show --textconv :src/db/groups.ts [14ms]
2024-01-19 15:00:24.257 [info] > git ls-files --stage -- /home/admin/repos/Kuchentag-Web/src/db/groups.ts [1ms]
2024-01-19 15:00:25.146 [info] > git show --textconv :src/routes/(app)/+page.svelte [12ms]
2024-01-19 15:00:25.148 [info] > git ls-files --stage -- /home/admin/repos/Kuchentag-Web/src/routes/(app)/+page.svelte [3ms]
2024-01-19 15:00:25.161 [info] > git cat-file -s 56c3478195227631b2fbf21b34ef4c98249fa781 [3ms]
2024-01-19 15:00:35.011 [info] > git check-ignore -v -z --stdin [1ms]
2024-01-19 15:00:59.798 [info] > git add -A -- . [6ms]
2024-01-19 15:00:59.847 [info] > git config --get commit.template [31ms]
2024-01-19 15:00:59.848 [info] > git for-each-ref --format=%(refname)%00%(upstream:short)%00%(objectname)%00%(upstream:track)%00%(upstream:remotename)%00%(upstream:remoteref) refs/heads/main refs/remotes/main [3ms]
2024-01-19 15:00:59.863 [info] > git status -z -uall [2ms]
2024-01-19 15:00:59.892 [info] > git -c user.useConfigOnly=true commit --quiet --allow-empty-message --file - [7ms]
2024-01-19 15:00:59.908 [info] > git config --get commit.template [1ms]
2024-01-19 15:00:59.938 [info] > git for-each-ref --format=%(refname)%00%(upstream:short)%00%(objectname)%00%(upstream:track)%00%(upstream:remotename)%00%(upstream:remoteref) refs/heads/main refs/remotes/main [1ms]
2024-01-19 15:00:59.938 [info] > git config --get commit.template [14ms]
2024-01-19 15:00:59.954 [info] > git status -z -uall [0ms]
2024-01-19 15:01:00.277 [info] > git config --local branch.main.github-pr-owner-number [4ms]
2024-01-19 15:01:00.317 [info] > git for-each-ref --format=%(refname)%00%(upstream:short)%00%(objectname)%00%(upstream:track)%00%(upstream:remotename)%00%(upstream:remoteref) refs/heads/main refs/remotes/main [3ms]
2024-01-19 15:01:00.317 [info] > git config --get commit.template [20ms]
2024-01-19 15:01:00.334 [info] > git status -z -uall [2ms]
2024-01-19 15:01:01.370 [info] > git ls-files --stage -- /home/admin/repos/Kuchentag-Web/src/routes/(app)/+page.svelte [1ms]
2024-01-19 15:01:01.390 [info] > git cat-file -s d8f1126d80b7cf0a74578da003fc240b962fad70 [2ms]
2024-01-19 15:01:01.411 [info] > git show --textconv :src/routes/(app)/+page.svelte [1ms]
2024-01-19 15:01:01.776 [info] > git push origin main:main [1769ms]
2024-01-19 15:01:01.776 [info] /bin/sh: warning: setlocale: LC_ALL: cannot change locale (en_US.UTF-8)
/bin/sh: warning: setlocale: LC_ALL: cannot change locale (en_US.UTF-8)
/bin/sh: warning: setlocale: LC_ALL: cannot change locale (en_US.UTF-8)
To https://github.com/MrG4ming/Kuchentag-Web.git
   c86cb75..384e0d1  main -> main
2024-01-19 15:01:01.799 [info] > git config --get commit.template [12ms]
2024-01-19 15:01:01.800 [info] > git for-each-ref --format=%(refname)%00%(upstream:short)%00%(objectname)%00%(upstream:track)%00%(upstream:remotename)%00%(upstream:remoteref) refs/heads/main refs/remotes/main [1ms]
2024-01-19 15:01:01.812 [info] > git status -z -uall [2ms]
2024-01-19 15:01:01.918 [info] > git config --local branch.main.github-pr-owner-number [55ms]
2024-01-19 15:01:01.969 [info] > git config --get commit.template [4ms]
2024-01-19 15:01:01.969 [info] > git config --get commit.template [22ms]
2024-01-19 15:01:02.059 [info] > git for-each-ref --format=%(refname)%00%(upstream:short)%00%(objectname)%00%(upstream:track)%00%(upstream:remotename)%00%(upstream:remoteref) refs/heads/main refs/remotes/main [15ms]
2024-01-19 15:01:02.075 [info] > git for-each-ref --format=%(refname)%00%(upstream:short)%00%(objectname)%00%(upstream:track)%00%(upstream:remotename)%00%(upstream:remoteref) refs/heads/main refs/remotes/main [18ms]
2024-01-19 15:01:02.089 [info] > git status -z -uall [1ms]
2024-01-19 15:01:03.037 [info] > git ls-files --stage -- /home/admin/repos/Kuchentag-Web/src/routes/(app)/+page.svelte [1ms]
2024-01-19 15:01:03.050 [info] > git cat-file -s d8f1126d80b7cf0a74578da003fc240b962fad70 [0ms]
2024-01-19 15:01:03.065 [info] > git show --textconv :src/routes/(app)/+page.svelte [1ms]
2024-01-19 15:01:08.878 [info] > git show --textconv :src/db/users.ts [34ms]
2024-01-19 15:01:08.879 [info] > git ls-files --stage -- /home/admin/repos/Kuchentag-Web/src/db/users.ts [12ms]
2024-01-19 15:01:08.910 [info] > git cat-file -s cd006a0e1126c5b59ebb6d82a6cef360256c78bf [11ms]
