2023-12-05T13:54:43.523Z extension INFO  Activating extension... [
  {
    id: 'mongodb.mongodb-vscode',
    version: '1.3.1',
    mode: 'Production',
    kind: 'UI',
    extensionPath: '/home/admin/.vscode/extensions/mongodb.mongodb-vscode-1.3.1',
    logPath: '/home/admin/.config/Code/logs/20231205T145436/window2/exthost/mongodb.mongodb-vscode',
    workspaceStoragePath: '/home/admin/.config/Code/User/workspaceStorage/51e140b9c9b8d676963fe0e4358d1b56/mongodb.mongodb-vscode',
    globalStoragePath: '/home/admin/.config/Code/User/globalStorage/mongodb.mongodb-vscode',
    defaultConnectionSavingLocation: 'Global',
    buildInfo: {
      nodeVersion: 'v18.15.0',
      runtimePlatform: 'linux',
      runtimeArch: 'x64'
    }
  }
]

2023-12-05T13:54:43.525Z telemetry INFO  SegmentKey was found [ { type: 'string' } ]

2023-12-05T13:54:43.525Z language server controller INFO  Creating MongoDB Language Server... [
  {
    extensionPath: '/home/admin/.vscode/extensions/mongodb.mongodb-vscode-1.3.1',
    languageServer: {
      id: 'mongodbLanguageServer',
      name: 'MongoDB Language Server',
      path: '/home/admin/.vscode/extensions/mongodb.mongodb-vscode-1.3.1/dist/languageServer.js',
      documentSelector: '[{"pattern":"**/*.mongodb.js"},{"pattern":"**/*.mongodb"}]'
    }
  }
]

2023-12-05T13:54:43.545Z telemetry INFO  Segment analytics activated [ { anonymousId: '44b538f3-f0e5-46fd-ac0f-86ee91251041' } ]

2023-12-05T13:54:43.591Z language server controller INFO  Starting the language server... []

2023-12-05T13:54:45.813Z language server controller INFO  MongoDBService initialized. Sending default settings... {"extensionPath":"/home/admin/.vscode/extensions/mongodb.mongodb-vscode-1.3.1","connectionId":null,"hasConnectionString":false,"hasConnectionOptions":false} []

2023-12-05T13:54:48.212Z extension INFO  Deactivating extension... []

2023-12-05T13:54:48.212Z connection controller INFO  Disconnect called, currently connected to [ null ]

2023-12-05T13:54:48.217Z language server controller INFO  Changing MongoDBService active connection... [ { connectionId: null } ]

2023-12-05T13:54:48.220Z connection controller INFO  Disconnect called, currently connected to [ null ]

2023-12-05T13:54:48.223Z language server controller INFO  Changing MongoDBService active connection... [ { connectionId: null } ]

2023-12-05T13:54:48.228Z language server controller INFO  Deactivating the language server... []

2023-12-05T13:54:48.228Z language server controller INFO  Deactivating the language server... []

