2023-08-25 14:44:49.065 [info] Reading sessions from keychain...
2023-08-25 14:44:49.065 [info] Getting sessions for all scopes...
2023-08-25 14:44:49.065 [info] Got stored sessions!
2023-08-25 14:44:49.065 [info] Got 2 verified sessions.
2023-08-25 14:44:49.065 [info] Got 2 sessions for ...
2023-08-25 14:44:49.065 [info] Getting sessions for read:user,repo,user:email,workflow...
2023-08-25 14:44:49.065 [info] Got 1 sessions for read:user,repo,user:email,workflow...
2023-08-25 14:44:49.147 [info] Getting sessions for read:user,repo,user:email,workflow...
2023-08-25 14:44:49.147 [info] Got 1 sessions for read:user,repo,user:email,workflow...
2023-08-25 14:44:49.273 [info] Getting sessions for read:user,repo,user:email...
2023-08-25 14:44:49.274 [info] Got 0 sessions for read:user,repo,user:email...
2023-08-25 14:44:49.713 [info] Getting sessions for all scopes...
2023-08-25 14:44:49.713 [info] Got 2 sessions for ...
2023-08-25 14:44:49.945 [info] Getting sessions for read:user,repo,user:email,workflow...
2023-08-25 14:44:49.945 [info] Got 1 sessions for read:user,repo,user:email,workflow...
2023-08-25 14:44:50.067 [info] Getting sessions for user:email...
2023-08-25 14:44:50.067 [info] Got 1 sessions for user:email...
2023-08-25 14:44:50.908 [info] Getting sessions for all scopes...
2023-08-25 14:44:50.908 [info] Got 2 sessions for ...
2023-08-25 14:55:14.546 [info] Getting sessions for read:user,repo,user:email...
2023-08-25 14:55:14.546 [info] Got 0 sessions for read:user,repo,user:email...
2023-08-26 14:12:43.815 [info] Getting sessions for read:user,repo,user:email...
2023-08-26 14:12:43.816 [info] Got 0 sessions for read:user,repo,user:email...
2023-08-28 15:45:22.117 [info] Getting sessions for read:user,repo,user:email...
2023-08-28 15:45:22.118 [info] Got 0 sessions for read:user,repo,user:email...
2023-08-28 17:05:35.907 [info] Getting sessions for read:user,repo,user:email...
2023-08-28 17:05:35.907 [info] Got 0 sessions for read:user,repo,user:email...
2023-08-28 17:21:08.661 [info] Getting sessions for read:user,repo,user:email...
2023-08-28 17:21:08.661 [info] Got 0 sessions for read:user,repo,user:email...
2023-08-28 17:48:18.129 [info] Getting sessions for read:user,repo,user:email...
2023-08-28 17:48:18.129 [info] Got 0 sessions for read:user,repo,user:email...
2023-08-28 17:52:07.737 [info] Getting sessions for read:user,repo,user:email...
2023-08-28 17:52:07.737 [info] Got 0 sessions for read:user,repo,user:email...
