2023-08-28 17:52:44.229 [info] update#setState idle
2023-08-28 17:53:14.232 [info] update#setState checking for updates
2023-08-28 17:53:14.265 [info] update#setState idle
2023-08-28 18:53:14.235 [info] update#setState checking for updates
2023-08-28 18:53:14.401 [info] update#setState idle
2023-08-29 15:14:12.005 [info] update#setState checking for updates
2023-08-29 15:14:12.102 [info] update#setState idle
2023-08-29 16:14:12.009 [info] update#setState checking for updates
2023-08-29 16:14:12.112 [info] update#setState idle
2023-08-29 17:14:12.012 [info] update#setState checking for updates
2023-08-29 17:14:12.120 [info] update#setState idle
2023-08-31 19:07:56.005 [info] update#setState checking for updates
2023-08-31 19:07:56.119 [info] update#setState idle
2023-08-31 20:07:56.007 [info] update#setState checking for updates
2023-08-31 20:07:56.145 [info] update#setState idle
2023-09-01 15:32:27.886 [info] update#setState checking for updates
2023-09-01 15:32:27.984 [info] update#setState idle
2023-09-01 16:32:27.889 [info] update#setState checking for updates
2023-09-01 16:32:27.985 [info] update#setState idle
2023-09-01 17:32:27.890 [info] update#setState checking for updates
2023-09-01 17:32:27.996 [info] update#setState idle
2023-09-01 20:17:10.590 [info] update#setState checking for updates
2023-09-01 20:17:10.730 [info] update#setState idle
2023-09-01 20:45:31.540 [error] [UtilityProcessWorker]: terminated unexpectedly with code 15, signal: unknown
2023-09-01 20:45:31.545 [error] [UtilityProcess id: 1, type: fileWatcher, pid: 430534]: crashed with code 15 and reason 'killed'
2023-09-01 20:45:31.624 [info] Extension host with pid 430535 exited with code: 0, signal: unknown.
