2023-12-05T13:54:43.573Z extension INFO  Activating extension... [
  {
    id: 'mongodb.mongodb-vscode',
    version: '1.3.1',
    mode: 'Production',
    kind: 'UI',
    extensionPath: '/home/admin/.vscode/extensions/mongodb.mongodb-vscode-1.3.1',
    logPath: '/home/admin/.config/Code/logs/20231205T145436/window1/exthost/mongodb.mongodb-vscode',
    workspaceStoragePath: '/home/admin/.config/Code/User/workspaceStorage/9889c599f0cd9534387c7db4a73c2cfc/mongodb.mongodb-vscode',
    globalStoragePath: '/home/admin/.config/Code/User/globalStorage/mongodb.mongodb-vscode',
    defaultConnectionSavingLocation: 'Global',
    buildInfo: {
      nodeVersion: 'v18.15.0',
      runtimePlatform: 'linux',
      runtimeArch: 'x64'
    }
  }
]

2023-12-05T13:54:43.574Z telemetry INFO  SegmentKey was found [ { type: 'string' } ]

2023-12-05T13:54:43.579Z language server controller INFO  Creating MongoDB Language Server... [
  {
    extensionPath: '/home/admin/.vscode/extensions/mongodb.mongodb-vscode-1.3.1',
    languageServer: {
      id: 'mongodbLanguageServer',
      name: 'MongoDB Language Server',
      path: '/home/admin/.vscode/extensions/mongodb.mongodb-vscode-1.3.1/dist/languageServer.js',
      documentSelector: '[{"pattern":"**/*.mongodb.js"},{"pattern":"**/*.mongodb"}]'
    }
  }
]

2023-12-05T13:54:43.596Z telemetry INFO  Segment analytics activated [ { anonymousId: '44b538f3-f0e5-46fd-ac0f-86ee91251041' } ]

2023-12-05T13:54:43.627Z language server controller INFO  Starting the language server... []

2023-12-05T13:54:45.904Z language server controller INFO  MongoDBService initialized. Sending default settings... {"extensionPath":"/home/admin/.vscode/extensions/mongodb.mongodb-vscode-1.3.1","connectionId":null,"hasConnectionString":false,"hasConnectionOptions":false} []

2023-12-05T13:55:04.662Z extension INFO  Deactivating extension... []

2023-12-05T13:55:04.662Z connection controller INFO  Disconnect called, currently connected to [ null ]

2023-12-05T13:55:04.663Z language server controller INFO  Changing MongoDBService active connection... [ { connectionId: null } ]

2023-12-05T13:55:04.665Z connection controller INFO  Disconnect called, currently connected to [ null ]

2023-12-05T13:55:04.665Z language server controller INFO  Changing MongoDBService active connection... [ { connectionId: null } ]

2023-12-05T13:55:04.678Z language server controller INFO  Deactivating the language server... []

2023-12-05T13:55:04.679Z language server controller INFO  Deactivating the language server... []

