2024-02-06 20:19:59.740 [info] Reading sessions from keychain...
2024-02-06 20:19:59.740 [info] Getting sessions for all scopes...
2024-02-06 20:19:59.740 [info] Getting sessions for user:email...
2024-02-06 20:19:59.740 [info] Got stored sessions!
2024-02-06 20:19:59.740 [info] Got 2 verified sessions.
2024-02-06 20:19:59.740 [info] Got 2 sessions for ...
2024-02-06 20:19:59.740 [info] Got 1 sessions for user:email...
2024-02-06 20:19:59.740 [info] Getting sessions for all scopes...
2024-02-06 20:19:59.740 [info] Got 2 sessions for ...
2024-02-06 20:19:59.970 [info] Getting sessions for all scopes...
2024-02-06 20:19:59.970 [info] Got 2 sessions for ...
2024-02-06 20:20:00.223 [info] Getting sessions for project,read:org,read:user,repo,user:email,workflow...
2024-02-06 20:20:00.223 [info] Got 0 sessions for project,read:org,read:user,repo,user:email,workflow...
2024-02-06 20:20:01.006 [info] Getting sessions for read:user,repo,user:email,workflow...
2024-02-06 20:20:01.006 [info] Got 1 sessions for read:user,repo,user:email,workflow...
2024-02-06 20:20:01.394 [info] Getting sessions for read:user,repo,user:email,workflow...
2024-02-06 20:20:01.394 [info] Got 1 sessions for read:user,repo,user:email,workflow...
2024-02-06 20:20:02.090 [info] Getting sessions for read:user,repo,user:email,workflow...
2024-02-06 20:20:02.090 [info] Got 1 sessions for read:user,repo,user:email,workflow...
2024-02-06 20:20:18.084 [info] Getting sessions for read:user,repo,user:email...
2024-02-06 20:20:18.084 [info] Got 0 sessions for read:user,repo,user:email...
