2023-09-04 19:55:04.684 [info] Added views:workbench.panel.markers.view in workbench.panel.markers
2023-09-04 19:55:04.684 [info] Added views:workbench.panel.output in workbench.panel.output
2023-09-04 19:55:04.684 [info] Added views:terminal in terminal
2023-09-04 19:55:04.684 [info] Added views:outline in workbench.view.explorer
2023-09-04 19:55:04.684 [info] Added views:workbench.scm in workbench.view.scm
2023-09-04 19:55:04.684 [info] Added views:workbench.view.search in workbench.view.search
2023-09-04 19:55:04.684 [info] Added views:timeline in workbench.view.explorer
2023-09-04 19:55:04.684 [info] Added views:workbench.explorer.fileView in workbench.view.explorer
2023-09-04 19:55:05.189 [info] Added views:workbench.debug.welcome in workbench.view.debug
2023-09-04 19:55:06.931 [info] Added views:gitlens.views.home,gitlens.views.workspaces,gitlens.views.account in workbench.view.extension.gitlens
2023-09-04 19:55:06.932 [info] Added views:gitlens.views.commitDetails,gitlens.views.lineHistory,gitlens.views.fileHistory,gitlens.views.searchAndCompare in workbench.view.extension.gitlensInspect
2023-09-04 19:55:06.933 [info] Added views:gitlens.views.commits,gitlens.views.branches,gitlens.views.remotes,gitlens.views.stashes,gitlens.views.tags,gitlens.views.contributors in workbench.view.scm
2023-09-04 19:55:06.975 [info] Added views:dockerExplorerContainers,dockerExplorerImages,azureRegistries,DockerHubTreeView,suggestedDockerImages in workbench.view.explorer
2023-09-04 19:55:06.976 [info] Added views:pr:github,issues:github in workbench.view.extension.github-pull-requests
2023-09-04 19:55:06.978 [info] Added views:mongoDBConnectionExplorer,mongoDBPlaygroundsExplorer,mongoDBHelpExplorer in workbench.view.extension.mongoDB
2023-09-04 19:55:06.978 [info] Added views:dockerContainers,dockerImages,dockerRegistries,dockerNetworks,dockerVolumes,vscode-docker.views.dockerContexts,vscode-docker.views.help in workbench.view.extension.dockerView
2023-09-04 19:55:06.979 [info] Added views:targetsContainers,devVolumes in workbench.view.remote
2023-09-04 19:55:06.982 [info] Added views:remoteTargets in workbench.view.remote
2023-09-04 19:55:06.985 [info] Added views:vscode-serial-monitor.monitor0 in workbench.view.extension.vscode-serial-monitor-tools
2023-09-04 19:55:07.375 [info] Added views:workbench.panel.repl.view in workbench.panel.repl
2023-09-04 19:55:14.566 [info] Added views:gitlens.views.graph,gitlens.views.graphDetails in workbench.view.extension.gitlensPanel
2023-09-04 19:55:14.568 [info] Added views:gitlens.views.timeline in workbench.view.extension.gitlensInspect
2023-09-04 19:55:14.576 [info] Added views:gitlens.views.worktrees in workbench.view.scm
2023-09-04 19:55:15.564 [info] Added views:workbench.panel.comments in workbench.panel.comments
2023-09-04 19:55:16.198 [info] Added views:github:activePullRequest:welcome in workbench.view.extension.github-pull-request
2023-09-04 19:55:17.021 [info] Removed views:github:activePullRequest:welcome from workbench.view.extension.github-pull-request
2023-09-05 15:19:31.959 [info] Added views:workbench.views.extensions.installed,workbench.views.extensions.popular,extensions.recommendedList in workbench.view.extensions
2023-09-05 15:19:31.961 [info] Removed views:workbench.views.extensions.popular from workbench.view.extensions
2023-09-05 15:19:34.438 [info] Removed views:extensions.recommendedList,workbench.views.extensions.installed from workbench.view.extensions
2023-09-05 15:19:34.456 [info] Added views:workbench.views.extensions.marketplace in workbench.view.extensions
2023-09-05 15:31:41.065 [info] Added views:refactorPreview in refactorPreview
2023-09-05 15:31:57.432 [info] Removed views:refactorPreview from refactorPreview
2023-09-05 16:39:57.633 [info] Added views:workbench.panel.markers.view in workbench.panel.markers
2023-09-05 16:39:57.633 [info] Added views:workbench.panel.output in workbench.panel.output
2023-09-05 16:39:57.633 [info] Added views:terminal in terminal
2023-09-05 16:39:57.633 [info] Added views:outline in workbench.view.explorer
2023-09-05 16:39:57.633 [info] Added views:workbench.scm in workbench.view.scm
2023-09-05 16:39:57.633 [info] Added views:workbench.view.search in workbench.view.search
2023-09-05 16:39:57.633 [info] Added views:timeline in workbench.view.explorer
2023-09-05 16:39:57.633 [info] Added views:workbench.explorer.fileView in workbench.view.explorer
2023-09-05 16:39:57.906 [info] Added views:workbench.debug.welcome in workbench.view.debug
2023-09-05 16:39:59.477 [info] Added views:gitlens.views.home,gitlens.views.workspaces,gitlens.views.account in workbench.view.extension.gitlens
2023-09-05 16:39:59.478 [info] Added views:gitlens.views.commitDetails,gitlens.views.lineHistory,gitlens.views.fileHistory,gitlens.views.searchAndCompare in workbench.view.extension.gitlensInspect
2023-09-05 16:39:59.479 [info] Added views:gitlens.views.commits,gitlens.views.branches,gitlens.views.remotes,gitlens.views.stashes,gitlens.views.tags,gitlens.views.contributors in workbench.view.scm
2023-09-05 16:39:59.484 [info] Added views:dockerExplorerContainers,dockerExplorerImages,azureRegistries,DockerHubTreeView,suggestedDockerImages in workbench.view.explorer
2023-09-05 16:39:59.485 [info] Added views:pr:github,issues:github in workbench.view.extension.github-pull-requests
2023-09-05 16:39:59.485 [info] Added views:mongoDBConnectionExplorer,mongoDBPlaygroundsExplorer,mongoDBHelpExplorer in workbench.view.extension.mongoDB
2023-09-05 16:39:59.485 [info] Added views:dockerContainers,dockerImages,dockerRegistries,dockerNetworks,dockerVolumes,vscode-docker.views.dockerContexts,vscode-docker.views.help in workbench.view.extension.dockerView
2023-09-05 16:39:59.485 [info] Added views:targetsContainers,devVolumes in workbench.view.remote
2023-09-05 16:39:59.485 [info] Added views:remoteTargets in workbench.view.remote
2023-09-05 16:39:59.488 [info] Added views:vscode-serial-monitor.monitor0 in workbench.view.extension.vscode-serial-monitor-tools
2023-09-05 16:40:00.265 [info] Added views:workbench.panel.repl.view in workbench.panel.repl
2023-09-05 16:40:04.516 [info] Added views:gitlens.views.graph,gitlens.views.graphDetails in workbench.view.extension.gitlensPanel
2023-09-05 16:40:04.517 [info] Added views:gitlens.views.timeline in workbench.view.extension.gitlensInspect
2023-09-05 16:40:04.520 [info] Added views:gitlens.views.worktrees in workbench.view.scm
2023-09-05 16:40:04.986 [info] Added views:workbench.views.extensions.installed,extensions.recommendedList in workbench.view.extensions
2023-09-05 16:40:05.862 [info] Added views:workbench.panel.comments in workbench.panel.comments
2023-09-05 16:40:06.997 [info] Added views:github:activePullRequest:welcome in workbench.view.extension.github-pull-request
2023-09-05 16:40:07.006 [info] Removed views:github:activePullRequest:welcome from workbench.view.extension.github-pull-request
2023-09-05 16:40:15.099 [info] Removed views:extensions.recommendedList,workbench.views.extensions.installed from workbench.view.extensions
2023-09-05 16:40:15.119 [info] Added views:workbench.views.extensions.marketplace in workbench.view.extensions
2023-09-05 16:41:03.429 [info] Removed views:workbench.views.extensions.marketplace from workbench.view.extensions
2023-09-05 16:41:03.462 [info] Added views:workbench.views.extensions.installed,extensions.recommendedList in workbench.view.extensions
