2023-12-05 20:54:10.298 [info] Reading sessions from keychain...
2023-12-05 20:54:10.298 [info] Getting sessions for all scopes...
2023-12-05 20:54:10.298 [info] Getting sessions for user:email...
2023-12-05 20:54:10.332 [info] Got stored sessions!
2023-12-05 20:54:10.332 [info] Got 2 verified sessions.
2023-12-05 20:54:10.332 [info] Got 2 sessions for ...
2023-12-05 20:54:10.333 [info] Got 1 sessions for user:email...
2023-12-05 20:54:10.476 [info] Getting sessions for project,read:org,read:user,repo,user:email,workflow...
2023-12-05 20:54:10.476 [info] Got 0 sessions for project,read:org,read:user,repo,user:email,workflow...
2023-12-05 20:54:10.477 [info] Getting sessions for all scopes...
2023-12-05 20:54:10.477 [info] Got 2 sessions for ...
2023-12-05 20:54:10.486 [info] Getting sessions for read:user,repo,user:email,workflow...
2023-12-05 20:54:10.486 [info] Got 1 sessions for read:user,repo,user:email,workflow...
2023-12-05 20:54:25.921 [info] Reading sessions from keychain...
2023-12-05 20:54:25.921 [info] Getting sessions for all scopes...
2023-12-05 20:54:25.921 [info] Getting sessions for read:user,repo,user:email,workflow...
2023-12-05 20:54:25.921 [info] Got stored sessions!
2023-12-05 20:54:25.921 [info] Got 2 verified sessions.
2023-12-05 20:54:25.921 [info] Got 2 sessions for ...
2023-12-05 20:54:25.921 [info] Got 1 sessions for read:user,repo,user:email,workflow...
2023-12-05 20:54:28.005 [info] Getting sessions for read:user,repo,user:email...
2023-12-05 20:54:28.005 [info] Got 0 sessions for read:user,repo,user:email...
2023-12-05 20:54:28.025 [info] Getting sessions for project,read:org,read:user,repo,user:email,workflow...
2023-12-05 20:54:28.025 [info] Got 0 sessions for project,read:org,read:user,repo,user:email,workflow...
2023-12-05 20:54:28.061 [info] Getting sessions for read:user,repo,user:email,workflow...
2023-12-05 20:54:28.061 [info] Got 1 sessions for read:user,repo,user:email,workflow...
2023-12-05 20:54:28.163 [info] Getting sessions for read:user,repo,user:email,workflow...
2023-12-05 20:54:28.163 [info] Got 1 sessions for read:user,repo,user:email,workflow...
2023-12-05 20:54:28.908 [info] Getting sessions for all scopes...
2023-12-05 20:54:28.908 [info] Got 2 sessions for ...
2023-12-05 20:54:29.344 [info] Getting sessions for user:email...
2023-12-05 20:54:29.344 [info] Got 1 sessions for user:email...
