Initialize language server at  file:///home/admin/repos/Kuchentag-Web
Initialize new ts service at  /home/admin/repos/Kuchentag-Web/tsconfig.json
Trying to load configs for /home/admin/repos/Kuchentag-Web
Loaded config at  /home/admin/repos/Kuchentag-Web/svelte.config.js
SnapshotManager File Statistics:
Project files: 22
Svelte files: 9
From node_modules: 0
Total: 22
Reloading ts service at  /home/admin/repos/Kuchentag-Web/tsconfig.json  due to config updated
Trying to load configs for /home/admin/repos/Kuchentag-Web
SnapshotManager File Statistics:
Project files: 22
Svelte files: 9
From node_modules: 346
Total: 368
SnapshotManager File Statistics:
Project files: 22
Svelte files: 9
From node_modules: 346
Total: 368
SnapshotManager File Statistics:
Project files: 22
Svelte files: 9
From node_modules: 346
Total: 368
Initialize new ts service at  
Trying to load configs for /home/admin/repos/Kuchentag-Web/node_modules/svelte
SnapshotManager File Statistics:
Project files: 22
Svelte files: 9
From node_modules: 346
Total: 368
SnapshotManager File Statistics:
Project files: 22
Svelte files: 9
From node_modules: 346
Total: 368
SnapshotManager File Statistics:
Project files: 22
Svelte files: 9
From node_modules: 346
Total: 368
SnapshotManager File Statistics:
Project files: 22
Svelte files: 9
From node_modules: 346
Total: 368
SnapshotManager File Statistics:
Project files: 22
Svelte files: 9
From node_modules: 346
Total: 368
SnapshotManager File Statistics:
Project files: 22
Svelte files: 9
From node_modules: 346
Total: 368
SnapshotManager File Statistics:
Project files: 22
Svelte files: 9
From node_modules: 346
Total: 368
SnapshotManager File Statistics:
Project files: 22
Svelte files: 9
From node_modules: 346
Total: 368
SnapshotManager File Statistics:
Project files: 22
Svelte files: 9
From node_modules: 346
Total: 368
SnapshotManager File Statistics:
Project files: 22
Svelte files: 9
From node_modules: 346
Total: 368
SnapshotManager File Statistics:
Project files: 22
Svelte files: 9
From node_modules: 346
Total: 368
SnapshotManager File Statistics:
Project files: 22
Svelte files: 9
From node_modules: 346
Total: 368
SnapshotManager File Statistics:
Project files: 22
Svelte files: 9
From node_modules: 346
Total: 368
SnapshotManager File Statistics:
Project files: 22
Svelte files: 9
From node_modules: 346
Total: 368
SnapshotManager File Statistics:
Project files: 22
Svelte files: 9
From node_modules: 346
Total: 368
SnapshotManager File Statistics:
Project files: 22
Svelte files: 9
From node_modules: 346
Total: 368
SnapshotManager File Statistics:
Project files: 22
Svelte files: 9
From node_modules: 346
Total: 368
SnapshotManager File Statistics:
Project files: 22
Svelte files: 9
From node_modules: 346
Total: 368
SnapshotManager File Statistics:
Project files: 22
Svelte files: 9
From node_modules: 346
Total: 368
SnapshotManager File Statistics:
Project files: 23
Svelte files: 9
From node_modules: 346
Total: 369
SnapshotManager File Statistics:
Project files: 24
Svelte files: 9
From node_modules: 347
Total: 371
Reloading ts service at  /home/admin/repos/Kuchentag-Web/tsconfig.json  due to config updated
Trying to load configs for /home/admin/repos/Kuchentag-Web
SnapshotManager File Statistics:
Project files: 23
Svelte files: 9
From node_modules: 347
Total: 370
SnapshotManager File Statistics:
Project files: 24
Svelte files: 9
From node_modules: 348
Total: 372
SnapshotManager File Statistics:
Project files: 24
Svelte files: 9
From node_modules: 378
Total: 402
Initialize new ts service at  
Trying to load configs for /home/admin/repos/Kuchentag-Web/node_modules/@tabler
SnapshotManager File Statistics:
Project files: 24
Svelte files: 9
From node_modules: 394
Total: 418
Initialize new ts service at  
Trying to load configs for /home/admin/repos/Kuchentag-Web/node_modules/@auth
SnapshotManager File Statistics:
Project files: 24
Svelte files: 9
From node_modules: 395
Total: 419
